Building DAG of jobs...
Using shell: /usr/bin/bash
Provided cores: 28
Rules claiming more threads will be scaled down.
Select jobs to execute...

[Tue May  9 21:56:34 2023]
rule MRLocus:
    input: /project2/mstephens/causalTWAS/ukbiobank/ukb_LDR_s80.45/s80.45.2_LDR, /project2/mstephens/causalTWAS/simulations/simulation_ctwas_rss_20210416/ukb-s80.45-adi_simu4-4.snpgwas.txt.gz, /project2/mstephens/causalTWAS/GTEx_v7_all/Adipose_Subcutaneous.allpairs_processed.txt.gz, /project2/mstephens/causalTWAS/fusion_weights/Adipose_Subcutaneous.pos
    output: /project2/mstephens/causalTWAS/simulations/simulation_ctwas_rss_20210416_compare/ukb-s80.45-adi_simu4-4.Adipose_Subcutaneous.mrlocus.result.batch_4
    jobid: 0
    wildcards: gwasname=ukb-s80.45-adi_simu4-4, weightname=Adipose_Subcutaneous, mrlocus_batch=4
    resources: mem_mb=7555, disk_mb=7555, tmpdir=/tmp/jobs/27382796

pre:  79,61,74,26,176
post: 32,26,21,12,55
pre:  285
post: 45
pre:  14,125,222,63,20
post: 07,39,41,13,10
pre:  68
post: 15
pre:  685,202
post: 72,25
pre:  189,203,40,06
post: 33,38,17,05
pre:  286,11,15
post: 55,02,02
pre:  128,50,54
post: 18,11,07
pre:  75,66,168,33,64
post: 14,14,31,07,17
pre:  60,32,54,238,164,09
post: 20,11,12,53,29,03
pre:  531,477,49,04,56,12,79,06,143,18,03,18
post: 73,51,13,04,08,05,16,06,14,10,03,02
pre:  282,24,42
post: 41,11,08
pre:  289,134,31,09
post: 44,21,07,02
pre:  151,214,177
post: 25,62,25
pre:  119
post: 24
pre:  229,172,75,13,337,01,84
post: 51,31,29,04,29,01,29
pre:  248,93,81,20,37
post: 52,27,19,14,14
pre:  276,38,98,02,73,55
post: 87,18,26,02,10,23
pre:  236,81,46,49,119
post: 53,25,19,11,40
pre:  80,205,04
post: 41,45,03
pre:  64,85
post: 24,31
pre:  83,81,143,39
post: 22,19,39,16
pre:  128,76,169
post: 31,32,54
pre:  224,106
post: 61,18
pre:  224,26
post: 61,14
pre:  291,111
post: 41,06
pre:  310,63
post: 47,09
pre:  220,86,49
post: 44,25,24
pre:  109,12,44,08
post: 56,04,18,07
pre:  57,183,51,102
post: 18,47,21,23
pre:  389,60,141,38,152,29,69,09,15,48,167,112,152
post: 46,17,20,07,43,12,35,07,09,21,24,30,14
pre:  27,61,85,49,94,23,149
post: 17,30,49,20,41,12,42
pre:  40,39,42,04,199,119
post: 13,20,15,04,49,27
pre:  65,22,14,42,110,63
post: 28,15,07,19,32,21
pre:  94,26,49
post: 23,14,31
pre:  322,103,111,258,09
post: 46,07,23,39,04
pre:  136,47,27,37,14,10,17,01
post: 20,12,13,05,09,03,07,01
pre:  70,117,08,65,49
post: 22,20,07,32,14
pre:  200,94,80,27,24,47
post: 53,26,24,04,09,11
pre:  120,155,25,53
post: 31,38,06,20
pre:  93
post: 22
pre:  37,184,21,29,110
post: 19,41,14,15,22
pre:  206,203,441
post: 36,27,37
pre:  181,140,45,47,31,133,46
post: 21,37,13,15,10,43,14
pre:  744,202
post: 77,29
pre:  495,467,127,111
post: 59,42,27,16
pre:  579,282,222,124
post: 59,28,37,26
pre:  211,272
post: 54,43
pre:  612,125
post: 62,30
pre:  702,390,16
post: 76,57,08
pre:  188,71,51,104,61,24,308,148,01,01,04
post: 60,32,25,23,24,15,49,57,01,01,04
pre:  22,218,09,26,07,04
post: 10,35,05,14,05,04
pre:  347,155,49,54
post: 17,35,07,14
pre:  144,36,08,01,155,05
post: 33,20,06,01,30,04
pre:  246,179,48,63,297
post: 28,28,18,12,64
pre:  171,297,98
post: 26,38,38
pre:  79,329,266,17
post: 26,50,64,10
pre:  219,56,154
post: 26,16,35
pre:  122,94
post: 18,15
pre:  537,08,483,14,59
post: 27,06,15,02,29
pre:  47,66,173,34,13
post: 16,25,50,09,08
pre:  147,10,147,116
post: 19,04,43,14
pre:  236,116,34,408,33
post: 52,30,16,66,12
pre:  322,72,23,117,71,99,39,40,71,334
post: 54,34,09,27,16,48,05,11,12,60
pre:  191,152,143
post: 31,45,55
pre:  392,184,40
post: 44,34,09
pre:  113
post: 33
pre:  83
post: 35
pre:  27,345,82,29,234,50
post: 12,42,15,09,30,06
pre:  310,84,81,198
post: 55,22,20,30
pre:  332,162,179,52,19,69,39
post: 86,15,25,17,11,22,20
pre:  273,302,22,130,62,08,80,02,01,32
post: 37,35,05,26,12,03,18,02,01,09
pre:  128,03,35,05,30,04,01
post: 16,03,14,03,12,03,01
pre:  278,58,101
post: 72,12,15
pre:  339,341,229
post: 36,27,47
pre:  160,04
post: 45,04
pre:  375
post: 33
pre:  42,101,21
post: 18,45,17
pre:  379,514,167,213,51
post: 70,65,32,29,09
pre:  44,74,106,72,17,72,06
post: 18,26,34,18,10,23,03
pre:  206,77,18,342,12,36
post: 52,29,07,40,07,15
pre:  694,404,85
post: 53,31,06
pre:  643,107,14,131,152,18
post: 79,24,07,11,28,07
pre:  412,147,508,248,72,272
post: 44,10,45,32,14,34
pre:  714,67,45,82
post: 65,21,16,14
pre:  60,78,120,67
post: 20,25,36,21
pre:  527
post: 59
pre:  76,23,125
post: 12,06,12
pre:  172,58
post: 28,25
pre:  120,74,333,140
post: 36,15,71,32
pre:  162,69,21,25,232,92,12
post: 44,14,06,18,46,24,06
pre:  77,89,16,170
post: 23,25,09,30
pre:  53,61,139,01,03,30,118,05
post: 19,20,30,01,02,13,51,03
pre:  60,63
post: 25,24
pre:  44,63,04,90,130
post: 22,28,01,24,15
pre:  72,39,13,54,58,74,37,04,43
post: 27,04,11,24,32,20,07,03,25
pre:  110,53,357
post: 23,21,52
pre:  67,164
post: 18,27
pre:  84
post: 43
pre:  181,80,54,08,42,11
post: 59,21,18,02,22,07
pre:  123,123,146,36,97,21,47
post: 30,42,25,14,15,06,18
pre:  41,47,41,04
post: 19,12,27,03
pre:  281,87
post: 50,27
pre:  296,25,18,08
post: 60,12,12,04
pre:  73,219,160,418,139,28
post: 23,37,26,50,17,15
pre:  20,22,07
post: 08,07,05
pre:  104,17,19,64,127,47
post: 36,08,11,34,33,07
pre:  51,47,12,06,51,35,62,25,68
post: 21,12,08,03,22,08,16,08,30
pre:  47,85,28
post: 10,21,12
pre:  69,127,37,38,17,30,84,99
post: 11,35,14,11,08,15,24,35
pre:  274,448
post: 39,64
pre:  61
post: 14
pre:  37,71
post: 15,32
pre:  352,64
post: 42,12
pre:  65,08,74,75
post: 24,07,22,15
pre:  86,105,09,220
post: 21,13,04,33
pre:  127,373
post: 20,47
pre:  190
post: 38
pre:  53,188,58,135
post: 19,37,13,27
pre:  253
post: 37
pre:  344
post: 56
pre:  277,486
post: 50,56
pre:  768,112,25
post: 95,12,13
pre:  638,124,143,03,227,100,66,71
post: 61,27,22,02,21,27,10,09
pre:  495,511
post: 42,43
pre:  573,46
post: 66,17
pre:  332,44,267,54
post: 23,14,28,28
pre:  339,142,161
post: 59,19,36
pre:  194,108,56,135,142
post: 50,32,15,24,29
pre:  11,07,69,26,109
post: 06,04,16,07,36
pre:  262,109,21
post: 36,25,07
pre:  122,46,11,86,41
post: 23,17,08,15,11
pre:  346,114,70
post: 49,22,17
pre:  244,06,132,67,46,05,03,241,40,21,29,374,17
post: 56,05,20,19,17,03,03,45,12,04,02,52,07
pre:  381,217,191,188,82,350,26,220
post: 42,31,15,33,21,40,06,24
pre:  352
post: 57
pre:  42,52,18,191,03
post: 11,22,11,49,03
pre:  162,435
post: 50,51
pre:  282,207,177,148,135
post: 49,29,30,36,28
pre:  183,57,03,91
post: 43,19,03,15
pre:  587,46,253
post: 90,16,42
pre:  672,256,153,92,28,48,56,02,51
post: 95,30,30,19,08,12,17,02,16
pre:  185,207,65,97,135
post: 65,52,28,25,26
pre:  102,60,102
post: 24,16,21
pre:  453
post: 33
pre:  181,169
post: 27,19
pre:  422,156,49
post: 48,18,21
pre:  140,59,139,33,130
post: 40,16,29,16,19
pre:  80,131,212
post: 10,40,49
pre:  24,97,45
post: 10,22,16
pre:  44,53,38,76
post: 19,15,13,17
pre:  49,85,78,86,25
post: 14,29,26,18,11
pre:  46,278,44,44,83
post: 16,47,11,09,30
pre:  147,216,231,21,01,07,03,23,41,07,33,04
post: 60,81,61,05,01,06,02,10,17,07,05,04
pre:  233
post: 42
pre:  225,46,75
post: 44,07,10
pre:  218,321
post: 36,42
pre:  152,162
post: 23,38
pre:  226,69,35,02
post: 16,09,09,01
pre:  99
post: 34
pre:  321,59,234,224,126,21,20,214,63,359,185,06,116,67
post: 67,24,49,39,28,10,07,25,25,56,33,04,29,13
pre:  163,347,44
post: 23,39,10
pre:  187,173,114,113
post: 23,43,38,25
pre:  271,150,99
post: 32,40,23
pre:  45,379,186,60
post: 11,40,24,14
pre:  308
post: 81
pre:  388,76,156,49,35,118,187
post: 104,30,25,20,16,37,34
pre:  59,180,11
post: 26,41,05
pre:  27,09,73,119,64,01,30
post: 10,05,16,51,25,01,06
pre:  229,21,16,80,40,33,11,01
post: 73,12,09,45,14,18,05,01
pre:  110,17,201,107,18,206,19,62,69,29,06
post: 49,12,36,35,07,58,12,15,24,20,06
pre:  69,32,65,43,33,217,58
post: 27,17,34,15,13,72,25
pre:  145,95,06,166,217,10,02,41,07,02
post: 58,37,06,55,34,05,02,22,07,02
