Building DAG of jobs...
Using shell: /usr/bin/bash
Provided cores: 28
Rules claiming more threads will be scaled down.
Select jobs to execute...

[Tue May  9 20:06:31 2023]
rule MRLocus_noprune:
    input: /project2/mstephens/causalTWAS/ukbiobank/ukb_LDR_s80.45/s80.45.2_LDR, /project2/mstephens/causalTWAS/simulations/simulation_ctwas_rss_20210416/ukb-s80.45-adi_simu4-1.snpgwas.txt.gz, /project2/mstephens/causalTWAS/GTEx_v7_all/Adipose_Subcutaneous.allpairs_processed.txt.gz, /project2/mstephens/causalTWAS/fusion_weights/Adipose_Subcutaneous.pos
    output: /project2/mstephens/causalTWAS/simulations/simulation_ctwas_rss_20210416_compare/ukb-s80.45-adi_simu4-1.Adipose_Subcutaneous.mrlocus.result.noprune.batch_16
    jobid: 0
    wildcards: gwasname=ukb-s80.45-adi_simu4-1, weightname=Adipose_Subcutaneous, mrlocus_batch=16
    resources: mem_mb=7555, disk_mb=7555, tmpdir=/tmp/jobs/27382555

pre:  278,161,199,59
post: 41,57,41,14
pre:  274,43,12,01,75,30
post: 52,10,06,01,13,20
pre:  344,21,25,200
post: 56,05,15,34
pre:  240,28
post: 41,07
pre:  100,14,47,84,88,49,13,206
post: 37,05,25,17,17,14,05,54
pre:  171
post: 27
pre:  357,62,04,14,01,138
post: 42,18,03,07,01,30
pre:  333,275
post: 37,37
pre:  493,123,83,139,12
post: 52,14,11,28,06
pre:  263,57,91,116
post: 24,24,20,23
pre:  212,56,03,49,04,187
post: 34,04,01,19,03,34
pre:  33,70,07
post: 15,17,05
pre:  157,08,22
post: 26,07,05
pre:  91,19,18,27,22,107
post: 49,08,07,15,13,33
pre:  212,172,112
post: 39,25,14
pre:  193,34,18,29,141,16,38
post: 37,10,08,12,44,10,24
pre:  464,08,03,147,02,113,21
post: 43,05,03,39,01,37,09
pre:  351
post: 51
pre:  598,99,173
post: 53,20,25
pre:  386,49,49,21
post: 36,13,06,09
pre:  569,203
post: 65,22
pre:  633,88,358,89,126,125,63,134
post: 67,11,45,27,19,25,10,39
pre:  2131,2131,297,653,178,1047,457,297
post: 207,334,83,66,45,228,70,47
pre:  06,22,567
post: 05,07,61
pre:  39
post: 12
pre:  732,283,147
post: 20,17,18
pre:  54,02,11,265
post: 19,01,04,34
pre:  64,88,247,22
post: 24,23,27,08
pre:  550
post: 17
pre:  345,236,94
post: 39,29,20
pre:  299,92,128,49,137
post: 62,13,34,15,25
pre:  432,09
post: 59,06
pre:  115,408,162,60
post: 40,55,55,17
pre:  07,351,203
post: 06,37,29
pre:  169,22,80,40,31
post: 61,17,30,11,15
pre:  440,04,89
post: 62,04,29
pre:  350,138,14,07,99,135,57,02
post: 47,25,05,06,24,35,15,02
pre:  347,81,275,05,325,08,03,02,42,14
post: 62,18,43,05,68,07,03,02,11,11
pre:  20,63,124,97,31,95
post: 11,20,32,30,15,49
pre:  263,62,07,69,23
post: 43,22,04,21,09
pre:  363
post: 44
pre:  484,427,06,164,52
post: 86,79,05,48,13
pre:  230
post: 48
pre:  78,166,27,134,379
post: 15,28,20,30,54
pre:  248,160
post: 32,30
pre:  79,86,157
post: 09,30,32
Warning: No significant --clump results.  Skipping.
pre:  98
post: 27
pre:  36,245
post: 23,25
pre:  387,142,46,06,212,92
post: 61,37,26,04,26,08
pre:  175,45
post: 40,17
pre:  101,32
post: 27,14
pre:  153,40,22,69,29,12,78,20,105
post: 40,18,12,25,18,08,39,09,17
There were 50 or more warnings (use warnings() to see the first 50)
[Wed May 10 00:53:48 2023]
Finished job 0.
1 of 1 steps (100%) done
