Building DAG of jobs...
Using shell: /usr/bin/bash
Provided cores: 28
Rules claiming more threads will be scaled down.
Select jobs to execute...

[Tue May  9 20:06:31 2023]
rule MRLocus:
    input: /project2/mstephens/causalTWAS/ukbiobank/ukb_LDR_s80.45/s80.45.2_LDR, /project2/mstephens/causalTWAS/simulations/simulation_ctwas_rss_20210416/ukb-s80.45-adi_simu4-1.snpgwas.txt.gz, /project2/mstephens/causalTWAS/GTEx_v7_all/Adipose_Subcutaneous.allpairs_processed.txt.gz, /project2/mstephens/causalTWAS/fusion_weights/Adipose_Subcutaneous.pos
    output: /project2/mstephens/causalTWAS/simulations/simulation_ctwas_rss_20210416_compare/ukb-s80.45-adi_simu4-1.Adipose_Subcutaneous.mrlocus.result.batch_10
    jobid: 0
    wildcards: gwasname=ukb-s80.45-adi_simu4-1, weightname=Adipose_Subcutaneous, mrlocus_batch=10
    resources: mem_mb=7555, disk_mb=7555, tmpdir=/tmp/jobs/27382544

pre:  775,33
post: 70,17
pre:  282
post: 55
pre:  581,92,89,03,29,28,27,48,17
post: 42,16,12,02,08,10,09,09,06
pre:  317,52,81,48
post: 26,22,19,04
pre:  341,05,08,150,06,181
post: 37,04,03,14,03,24
pre:  80,132,11
post: 11,28,05
pre:  152,17,293,263,23,27
post: 28,08,74,34,08,16
pre:  255,195,26,04,01
post: 57,38,06,02,01
pre:  150,415,81
post: 23,44,09
pre:  192,28
post: 27,14
pre:  409,74,58,07,15,312,12,13
post: 74,23,16,05,11,18,03,06
pre:  350,12,26
post: 56,06,12
pre:  88,79,52,04,02
post: 28,18,14,03,02
pre:  367,145,10,22,06,08,05,03,281,01,17,37,107,04,112,44,91,07
post: 61,34,04,09,02,05,04,01,14,01,10,08,26,03,37,09,20,03
pre:  60,203,24,29,03,227,44,100,107
post: 14,40,04,14,02,61,11,24,17
pre:  256,96
post: 44,17
pre:  537,41,44
post: 47,09,13
pre:  301,98,155,180,10,143,87,23
post: 61,16,32,43,08,37,13,09
pre:  183,464
post: 36,60
pre:  220,03,52,107
post: 27,02,11,26
pre:  500
post: 64
pre:  171,49
post: 27,12
pre:  165,42,94
post: 33,13,15
pre:  59,99
post: 09,13
pre:  251,195
post: 47,33
pre:  245,36,53,124,14
post: 45,15,15,25,11
pre:  61,120,106,76,196
post: 25,36,33,23,40
pre:  117,87,03,11,173
post: 30,32,03,06,62
pre:  323,08,14,54,83,105,133
post: 65,05,07,16,20,33,34
pre:  258,133
post: 23,41
pre:  324,56,20
post: 66,19,04
pre:  283,205,36,57,05,54,04
post: 49,13,17,18,04,11,04
Warning: No significant --clump results.  Skipping.
pre:  133,07,86
post: 37,07,12
pre:  266,56,36,11,56,10,89,178
post: 47,25,10,07,11,02,24,31
pre:  274
post: 57
pre:  90,221
post: 46,59
pre:  196,239,303
post: 65,58,37
pre:  173,28,16,25,14
post: 39,14,06,09,11
pre:  202,13,293,85,07,14
post: 54,09,57,19,02,07
pre:  95,98,32
post: 20,27,14
pre:  250
post: 41
pre:  253,13,160,23,49
post: 22,09,17,17,07
pre:  80,49,38,38,13
post: 29,08,28,08,07
pre:  309,92
post: 41,11
pre:  146,18,50,05,57,33
post: 33,07,27,04,15,10
pre:  203
post: 40
pre:  401
post: 32
pre:  383
post: 40
pre:  115,225,71
post: 20,40,08
pre:  355,273,07,19,138,10
post: 42,26,06,11,18,05
pre:  12,160,54,19,07,32
post: 07,37,18,11,05,15
pre:  240,110,94,22
post: 31,22,25,09
pre:  164,26,155,223,17,56,14
post: 17,11,27,26,10,16,07
pre:  239,83,46,53,27
post: 32,18,19,06,14
pre:  80,136,04,183
post: 30,31,03,24
pre:  196,64
post: 48,29
pre:  222,04,138,242,122,93
post: 41,04,26,25,32,14
pre:  29,171,16,26,340
post: 20,23,06,10,28
pre:  45,60,04
post: 05,14,04
pre:  67,153
post: 16,29
pre:  487,03,29,97,50
post: 48,03,11,16,12
pre:  211,68,11,107,169
post: 41,15,05,23,47
pre:  159,33
post: 41,12
pre:  224,79,226
post: 29,14,28
pre:  96,383,145,32
post: 17,49,23,12
pre:  284,42,36,42
post: 41,10,14,10
pre:  175
post: 39
pre:  282,72,63,202,47,51,79,04
post: 32,21,12,28,19,13,22,04
pre:  491
post: 51
pre:  470
post: 48
pre:  85,32,98
post: 35,09,32
pre:  307,261,31,223,205,323,87
post: 28,46,12,40,31,44,20
pre:  98,39,11
post: 29,13,07
pre:  387
post: 34
pre:  188,178,181
post: 27,29,31
pre:  390,44,06,48,284
post: 49,10,06,08,17
pre:  146,41,49
post: 34,18,11
pre:  131
post: 39
pre:  162,37,35,24,35,33,41
post: 41,03,09,10,20,05,13
pre:  56,170,153,109,64,01
post: 15,25,20,25,12,01
pre:  66,127,99,222,87,159,112
post: 19,38,29,46,17,37,24
pre:  111,149,53,59,276
post: 16,39,14,16,64
pre:  43,182,85,35
post: 13,46,18,17
pre:  164,490,335,546
post: 09,52,51,60
pre:  123,29,64
post: 32,13,21
pre:  126,96,69
post: 28,33,22
pre:  42,35,54,61
post: 25,15,24,11
pre:  184,57
post: 22,17
pre:  224,126
post: 25,16
pre:  129,90,137,57,33
post: 37,35,25,23,14
pre:  06,158,111
post: 04,37,38
pre:  58,90
post: 22,12
pre:  198,91,100,289
post: 56,30,10,62
pre:  2081,421,184,576,266,414,870,533
post: 331,51,54,66,37,92,142,63
pre:  350,955
post: 37,121
pre:  760,1245,683,672,188,184,560,284,119,317,200,351,1239,120,49,682,39,134,312,260,326
post: 132,136,112,88,46,31,73,35,46,51,59,69,200,26,15,130,13,27,76,44,57
pre:  174,110,127
post: 30,16,20
pre:  74,19,109,24,53
post: 25,03,34,11,14
pre:  41
post: 12
pre:  571,216
post: 50,39
pre:  460,36
post: 44,14
There were 50 or more warnings (use warnings() to see the first 50)
[Wed May 10 04:25:11 2023]
Finished job 0.
1 of 1 steps (100%) done
