Building DAG of jobs...
Using shell: /usr/bin/bash
Provided cores: 28
Rules claiming more threads will be scaled down.
Select jobs to execute...

[Tue May  9 20:06:31 2023]
rule MRLocus:
    input: /project2/mstephens/causalTWAS/ukbiobank/ukb_LDR_s80.45/s80.45.2_LDR, /project2/mstephens/causalTWAS/simulations/simulation_ctwas_rss_20210416/ukb-s80.45-adi_simu4-1.snpgwas.txt.gz, /project2/mstephens/causalTWAS/GTEx_v7_all/Adipose_Subcutaneous.allpairs_processed.txt.gz, /project2/mstephens/causalTWAS/fusion_weights/Adipose_Subcutaneous.pos
    output: /project2/mstephens/causalTWAS/simulations/simulation_ctwas_rss_20210416_compare/ukb-s80.45-adi_simu4-1.Adipose_Subcutaneous.mrlocus.result.batch_24
    jobid: 0
    wildcards: gwasname=ukb-s80.45-adi_simu4-1, weightname=Adipose_Subcutaneous, mrlocus_batch=24
    resources: mem_mb=7555, disk_mb=7555, tmpdir=/tmp/jobs/27382540

pre:  367,142
post: 44,21
pre:  196,103,12,28,05,19,102,03,106
post: 38,12,05,18,02,06,20,03,16
pre:  244,351
post: 55,63
pre:  155
post: 25
Warning: No significant --clump results.  Skipping.
pre:  83,225,190,204
post: 20,36,25,22
pre:  732,212,94,244,45,110,36,06,124,212
post: 60,24,20,09,07,16,11,06,22,20
Warning: No significant --clump results.  Skipping.
pre:  315,23,06,05,27,02,122
post: 49,05,06,05,07,02,11
Warning: No significant --clump results.  Skipping.
pre:  351,255,132,03,04
post: 42,31,08,03,03
Warning: No significant --clump results.  Skipping.
pre:  429,251,80,05,277,15
post: 35,26,21,04,36,03
pre:  733,151,274,42,11,05
post: 70,28,51,14,07,04
Warning: No significant --clump results.  Skipping.
pre:  708,105
post: 16,18
pre:  134,21,30
post: 27,12,11
pre:  153
post: 21
pre:  180,130
post: 19,21
pre:  83,80,37,77
post: 25,21,17,16
pre:  382,94,88,77,96,02,187
post: 66,26,33,12,15,02,44
Warning: No significant --clump results.  Skipping.
pre:  96,353,189
post: 13,41,19
pre:  335,298,279,19,106,06
post: 40,24,24,08,05,04
pre:  452,186,939,1030,1591,104,828,92,16,945,370,245,62,59,844,38,1011
post: 107,43,109,170,144,28,77,22,05,77,29,26,21,23,159,06,166
pre:  266
post: 36
pre:  43,195,32,287
post: 13,26,12,75
pre:  252,221
post: 31,33
Warning: No significant --clump results.  Skipping.
pre:  913,1174,997,897,1093,175,323,1446
post: 210,144,201,100,174,33,82,102
pre:  38,393,72
post: 09,38,10
pre:  169
post: 37
pre:  693,1563,1901,242,111,213,1058,674
post: 106,133,322,84,39,39,158,159
Warning: No significant --clump results.  Skipping.
pre:  189,22,82,123,114
post: 23,04,14,06,17
Warning: No significant --clump results.  Skipping.
Warning: No significant --clump results.  Skipping.
Warning: No significant --clump results.  Skipping.
pre:  241,17,190,36
post: 48,07,37,12
pre:  125,36,46
post: 37,15,14
pre:  169
post: 23
pre:  149,18,81,66
post: 53,10,30,13
pre:  145,63
post: 52,22
pre:  116
post: 21
Warning: No significant --clump results.  Skipping.
pre:  157,315,37
post: 31,54,05
pre:  391,94,265,44,181,81,110
post: 32,26,41,08,51,26,20
Error in mcfork(detached) : 
  unable to fork, possible reason: Cannot allocate memory
Calls: with ... <Anonymous> -> .local -> <Anonymous> -> mcparallel -> mcfork
In addition: There were 50 or more warnings (use warnings() to see the first 50)
Execution halted
Error while shutting down parallel: unable to terminate some child processes
[Wed May 10 02:12:51 2023]
Error in rule MRLocus:
    jobid: 0
    output: /project2/mstephens/causalTWAS/simulations/simulation_ctwas_rss_20210416_compare/ukb-s80.45-adi_simu4-1.Adipose_Subcutaneous.mrlocus.result.batch_24
    shell:
        Rscript ~/causalTWAS/causal-TWAS/code/run_MRLocus_wc.R /project2/mstephens/causalTWAS/ukbiobank/ukb_LDR_s80.45/s80.45.2_LDR /project2/mstephens/causalTWAS/simulations/simulation_ctwas_rss_20210416/ukb-s80.45-adi_simu4-1.snpgwas.txt.gz /project2/mstephens/causalTWAS/GTEx_v7_all/Adipose_Subcutaneous.allpairs_processed.txt.gz /project2/mstephens/causalTWAS/fusion_weights/Adipose_Subcutaneous.pos /project2/mstephens/causalTWAS/simulations/simulation_ctwas_rss_20210416_compare/ /project2/mstephens/causalTWAS/simulations/simulation_ctwas_rss_20210416_compare/ukb-s80.45-adi_simu4-1.Adipose_Subcutaneous.mrlocus.result.batch_24 24 TRUE
        (one of the commands exited with non-zero exit code; note that snakemake uses bash strict mode!)

Shutting down, this might take some time.
Exiting because a job execution failed. Look above for error message
