Building DAG of jobs...
Using shell: /usr/bin/bash
Provided cores: 28
Rules claiming more threads will be scaled down.
Select jobs to execute...

[Tue May  9 21:56:34 2023]
rule MRLocus:
    input: /project2/mstephens/causalTWAS/ukbiobank/ukb_LDR_s80.45/s80.45.2_LDR, /project2/mstephens/causalTWAS/simulations/simulation_ctwas_rss_20210416/ukb-s80.45-adi_simu4-3.snpgwas.txt.gz, /project2/mstephens/causalTWAS/GTEx_v7_all/Adipose_Subcutaneous.allpairs_processed.txt.gz, /project2/mstephens/causalTWAS/fusion_weights/Adipose_Subcutaneous.pos
    output: /project2/mstephens/causalTWAS/simulations/simulation_ctwas_rss_20210416_compare/ukb-s80.45-adi_simu4-3.Adipose_Subcutaneous.mrlocus.result.batch_20
    jobid: 0
    wildcards: gwasname=ukb-s80.45-adi_simu4-3, weightname=Adipose_Subcutaneous, mrlocus_batch=20
    resources: mem_mb=7555, disk_mb=7555, tmpdir=/tmp/jobs/27382788

pre:  117,37,36
post: 32,08,17
pre:  133
post: 30
pre:  201,02,247,07
post: 50,02,34,05
pre:  375,318
post: 72,39
pre:  365,160,11,12,50,179
post: 88,28,11,08,18,41
pre:  192,231,21,154,62,45,102,40
post: 23,28,11,24,16,24,17,13
pre:  452,16,433,136
post: 66,04,48,18
Warning: No significant --clump results.  Skipping.
pre:  383,300
post: 39,31
pre:  297,403,182
post: 37,25,10
pre:  205,110,328,257,123
post: 29,26,20,39,22
pre:  05,107,49,52,34,71,53,21
post: 05,18,19,11,18,14,16,11
pre:  126,127,177
post: 32,09,23
pre:  520,211,834,65,133,49,87,206
post: 81,29,70,19,11,20,09,20
pre:  172
post: 34
pre:  176,23
post: 47,09
pre:  498,211,121,01,04,51,01,19,123
post: 75,22,36,01,04,19,01,08,34
pre:  273,40
post: 63,23
pre:  468
post: 53
pre:  427
post: 72
pre:  194,248,365,84
post: 96,69,78,31
pre:  337,11,39,04,16
post: 46,04,15,02,10
pre:  332
post: 66
pre:  87,14,24
post: 21,04,08
pre:  401,104,77,45,380,03
post: 65,09,13,06,54,02
pre:  189,15,59,139,451,13
post: 28,05,09,34,63,08
pre:  116,60,68,106
post: 23,21,14,30
pre:  228,447,80
post: 66,72,23
pre:  286,41,24
post: 33,12,11
pre:  373,214,99
post: 45,17,23
pre:  170,148,184
post: 45,45,43
pre:  166,04,38,77,02,03,107,110,03
post: 43,02,11,21,02,03,24,23,03
pre:  412,241,70,30,195
post: 31,55,18,10,41
pre:  445
post: 36
pre:  67,61,48,15,24,22,40,46
post: 23,22,19,05,05,12,11,16
pre:  118,27
post: 29,12
pre:  156,50,43
post: 35,09,10
pre:  287
post: 38
pre:  408,154,185
post: 84,40,51
pre:  421,22,238
post: 44,10,30
pre:  192,121,109,223
post: 11,16,18,37
pre:  302,21
post: 29,10
pre:  167,12,82,52
post: 46,06,28,15
pre:  99,18
post: 28,10
pre:  156,114,20,37,128
post: 34,20,07,17,20
Warning: No significant --clump results.  Skipping.
Warning: No significant --clump results.  Skipping.
pre:  122,54
post: 33,28
pre:  328,14,242
post: 55,08,29
pre:  2524,209,454,178,359,1038,205,61,125,16,207,229,155,82,543,99,76,499,23,99,67,107
post: 202,38,43,48,69,106,48,24,09,06,13,32,19,17,88,27,07,52,11,37,08,18
pre:  222,44,249
post: 44,20,27
pre:  65,24
post: 21,08
pre:  233,147,80,262,498
post: 33,12,07,31,35
pre:  206,112,68,126,35,69,15
post: 49,16,28,40,10,23,09
pre:  190,40,177,63,155,63,127,179
post: 55,11,46,30,39,16,29,33
pre:  143,21,47
post: 37,06,15
pre:  73
post: 20
pre:  197,40,226
post: 46,05,61
pre:  119,45,253,300,20
post: 34,12,37,60,07
pre:  369,346
post: 57,43
pre:  93,94
post: 11,15
pre:  156,131,09,27
post: 42,24,04,13
pre:  205,144
post: 35,31
pre:  93,01,152
post: 11,01,31
pre:  218,60,41,194,09,29
post: 40,22,13,27,07,07
pre:  242,322
post: 31,59
pre:  672,123,433
post: 72,25,58
pre:  245
post: 14
pre:  60,17,63
post: 27,13,15
Warning: No significant --clump results.  Skipping.
pre:  92,30,41,17,40,16
post: 34,19,13,06,17,09
pre:  72,105,02,149,88,06,146
post: 26,26,02,25,26,03,56
pre:  29,138,19,16,01
post: 14,26,09,06,01
pre:  103,194
post: 16,65
pre:  30,20,66,33,04,05,73,40
post: 10,17,25,19,03,04,29,19
Warning: No significant --clump results.  Skipping.
pre:  29,54,01
post: 14,05,01
pre:  139
post: 38
pre:  450,53,21,678
post: 93,20,08,59
pre:  116,175,04,133,106,101,33
post: 30,25,03,17,20,16,09
pre:  503,146,60,04,02,02,72,23,09
post: 65,11,09,03,02,02,10,05,06
pre:  563,176,94
post: 58,47,22
pre:  137,39,85,90,94,78,42
post: 60,33,33,33,57,27,16
pre:  526,23,32,13
post: 67,13,13,06
pre:  153,181
post: 28,38
pre:  63,05,49,43,62,16
post: 21,04,17,14,29,12
pre:  116,113,76,79
post: 41,24,19,15
pre:  240,119,148
post: 39,32,27
pre:  434,188,59
post: 68,49,22
pre:  226
post: 28
pre:  279,54,188,71,19
post: 51,13,11,11,09
pre:  675,282,87,32
post: 53,24,07,10
Warning: No significant --clump results.  Skipping.
pre:  118,140,53,122,05
post: 30,44,13,12,04
pre:  204,173,13,122
post: 38,42,07,25
pre:  469,73,04,20,02,03
post: 58,21,04,08,01,03
pre:  109,15,57,123,127
post: 19,07,22,17,14
pre:  109
post: 29
pre:  193
post: 31
pre:  475,140,101,49
post: 85,26,24,14
pre:  144,59
post: 22,07
pre:  79,80
post: 18,17
pre:  115,29,56,74,125,14
post: 34,09,09,14,40,07
Warning: No significant --clump results.  Skipping.
pre:  88,44,192
post: 23,05,28
pre:  287,82,04
post: 46,14,03
pre:  62,168,47,38
post: 31,31,14,22
pre:  121,43,124,35
post: 33,13,30,18
Error in mcfork(detached) : 
  unable to fork, possible reason: Cannot allocate memory
Calls: fitSlope ... <Anonymous> -> .local -> <Anonymous> -> mcparallel -> mcfork
In addition: There were 50 or more warnings (use warnings() to see the first 50)
Execution halted
Error while shutting down parallel: unable to terminate some child processes
[Wed May 10 04:49:26 2023]
Error in rule MRLocus:
    jobid: 0
    output: /project2/mstephens/causalTWAS/simulations/simulation_ctwas_rss_20210416_compare/ukb-s80.45-adi_simu4-3.Adipose_Subcutaneous.mrlocus.result.batch_20
    shell:
        Rscript ~/causalTWAS/causal-TWAS/code/run_MRLocus_wc.R /project2/mstephens/causalTWAS/ukbiobank/ukb_LDR_s80.45/s80.45.2_LDR /project2/mstephens/causalTWAS/simulations/simulation_ctwas_rss_20210416/ukb-s80.45-adi_simu4-3.snpgwas.txt.gz /project2/mstephens/causalTWAS/GTEx_v7_all/Adipose_Subcutaneous.allpairs_processed.txt.gz /project2/mstephens/causalTWAS/fusion_weights/Adipose_Subcutaneous.pos /project2/mstephens/causalTWAS/simulations/simulation_ctwas_rss_20210416_compare/ /project2/mstephens/causalTWAS/simulations/simulation_ctwas_rss_20210416_compare/ukb-s80.45-adi_simu4-3.Adipose_Subcutaneous.mrlocus.result.batch_20 20 TRUE
        (one of the commands exited with non-zero exit code; note that snakemake uses bash strict mode!)

Shutting down, this might take some time.
Exiting because a job execution failed. Look above for error message
