Building DAG of jobs...
Using shell: /usr/bin/bash
Provided cores: 28
Rules claiming more threads will be scaled down.
Select jobs to execute...

[Tue May  9 21:56:34 2023]
rule MRLocus:
    input: /project2/mstephens/causalTWAS/ukbiobank/ukb_LDR_s80.45/s80.45.2_LDR, /project2/mstephens/causalTWAS/simulations/simulation_ctwas_rss_20210416/ukb-s80.45-adi_simu4-4.snpgwas.txt.gz, /project2/mstephens/causalTWAS/GTEx_v7_all/Adipose_Subcutaneous.allpairs_processed.txt.gz, /project2/mstephens/causalTWAS/fusion_weights/Adipose_Subcutaneous.pos
    output: /project2/mstephens/causalTWAS/simulations/simulation_ctwas_rss_20210416_compare/ukb-s80.45-adi_simu4-4.Adipose_Subcutaneous.mrlocus.result.batch_3
    jobid: 0
    wildcards: gwasname=ukb-s80.45-adi_simu4-4, weightname=Adipose_Subcutaneous, mrlocus_batch=3
    resources: mem_mb=7555, disk_mb=7555, tmpdir=/tmp/jobs/27382792

pre:  259,59
post: 20,24
pre:  192,05,167,286,81,17
post: 23,04,25,38,22,05
pre:  300,05
post: 52,04
pre:  41,130,77,36
post: 15,26,13,11
pre:  19,67,175
post: 11,23,39
pre:  180,38
post: 38,10
pre:  189
post: 21
pre:  123
post: 22
pre:  145,84
post: 23,28
pre:  104
post: 19
pre:  222,64,274,81,621,17
post: 40,07,51,10,84,06
pre:  14,106,265,152,77,19,136
post: 07,25,50,32,35,09,41
pre:  259,334,252,148,122
post: 56,40,50,44,38
pre:  107,110,240
post: 30,33,27
pre:  162,216,99
post: 31,38,18
pre:  472,21,29
post: 78,15,12
pre:  506,244,96
post: 49,48,20
pre:  385
post: 39
pre:  22,07
post: 10,06
pre:  242,145,43
post: 54,25,10
pre:  84,07
post: 25,06
pre:  357,65,119
post: 51,16,19
pre:  34,54
post: 05,15
pre:  155
post: 51
pre:  353,28
post: 57,07
pre:  351,391,21,62
post: 44,47,09,08
pre:  113,19,18
post: 40,12,10
pre:  376,227
post: 37,24
pre:  154,193,15
post: 44,17,08
pre:  392,17
post: 47,08
pre:  227,134
post: 25,40
pre:  286,80
post: 27,28
pre:  425,77,30
post: 74,17,10
pre:  347
post: 49
pre:  390,39
post: 39,04
pre:  741
post: 59
pre:  201,19,105,118
post: 50,06,22,30
pre:  97,49,119
post: 26,11,23
pre:  301,237,373
post: 40,26,34
pre:  113,24,89,11,31,27,70,264,64,05,13,84
post: 26,09,27,04,12,13,19,33,19,03,05,29
pre:  278
post: 38
pre:  311,62,77,47
post: 75,21,18,23
pre:  194,72,32
post: 35,12,03
pre:  132,69,13,110
post: 33,28,05,37
pre:  351,72,60,63,33,102
post: 44,19,14,12,11,31
pre:  343,43
post: 59,14
pre:  203,41,02,91,139
post: 52,11,02,32,35
pre:  38,57,40,18
post: 19,22,11,11
pre:  374
post: 35
pre:  100,45,64
post: 31,18,17
pre:  381,34
post: 44,16
pre:  320,106,197,34,13
post: 44,19,31,07,09
pre:  313,78,36,181,19
post: 44,16,17,45,10
pre:  121
post: 27
pre:  230,20
post: 44,05
pre:  234,16,262,59,38,72,65
post: 33,07,45,16,24,17,13
pre:  182,35,01,02,21,74,47,57
post: 39,10,01,02,10,27,09,11
pre:  240,272,224,346
post: 31,27,28,56
pre:  81,185,05
post: 23,65,04
pre:  222
post: 20
pre:  215,132
post: 38,44
pre:  54,90,74,44,145
post: 13,08,22,12,20
pre:  183,29
post: 41,16
pre:  80,191,86,184,86,36,80,28
post: 32,30,31,35,16,12,15,14
pre:  894,15,08,82,18,13
post: 47,08,04,21,13,04
pre:  252,307
post: 22,34
pre:  192,226,517
post: 24,24,49
pre:  1274,1089,1107,11
post: 79,36,35,06
pre:  224,68,109
post: 57,42,39
pre:  169,18,167,81,98
post: 32,07,31,18,19
pre:  104,39,39,50,10,233,50,01,29,08,13,294,96,76,04,106
post: 29,11,14,16,07,33,17,01,05,07,07,36,21,13,02,24
pre:  162,09,48,94
post: 52,03,18,36
pre:  407
post: 53
pre:  368,136,02,31,27,37,142
post: 39,20,02,13,13,16,15
pre:  126,70,169,354,29,27,14,59,74
post: 38,23,43,91,07,17,08,25,17
pre:  166,15,118,71
post: 27,06,33,19
pre:  272
post: 64
pre:  210,150,222,176,41
post: 48,39,37,35,14
pre:  201,119,110
post: 40,30,33
pre:  184
post: 32
pre:  479,01,76
post: 50,01,19
pre:  61,154
post: 21,31
pre:  129,27
post: 27,03
pre:  131,17,44
post: 27,08,12
pre:  252,12
post: 30,05
pre:  337,90,208,87,10
post: 48,20,12,14,04
pre:  121,15,30,737
post: 32,09,18,69
pre:  698,15,07
post: 68,08,05
pre:  32,33,67,71,68,81
post: 19,15,23,23,13,30
pre:  541,445,62,155,110
post: 57,47,14,19,07
pre:  420,301
post: 32,33
pre:  51,77,80
post: 18,25,14
pre:  253
post: 63
pre:  224,155
post: 37,22
pre:  185,126,76
post: 41,25,18
pre:  412,344,376,09,147,97
post: 44,28,30,04,10,09
pre:  580
post: 53
pre:  744,241,04,03
post: 50,25,04,02
pre:  715,207,421,07
post: 22,30,33,06
pre:  41
post: 11
pre:  514,145,72
post: 65,30,28
pre:  292,228
post: 56,34
pre:  211,59,36
post: 45,19,27
pre:  57,145,87,310,04
post: 19,35,19,32,04
pre:  189,04,49,88,110
post: 39,02,14,16,17
pre:  186,19,200,85,19,89
post: 47,05,25,30,07,14
pre:  96,420
post: 24,71
pre:  478,04
post: 79,04
pre:  171
post: 37
pre:  104,212
post: 40,26
pre:  537,56,62,193
post: 73,13,21,32
pre:  67,28
post: 29,05
pre:  134,154,02
post: 17,24,02
pre:  518,53,47
post: 61,21,20
pre:  121
post: 21
pre:  280
post: 41
pre:  91,152,110,87,111
post: 32,24,16,12,26
pre:  127,36
post: 18,08
pre:  184,75
post: 42,24
pre:  175,415
post: 41,46
pre:  153,04
post: 21,03
pre:  77,265,23,07,17,32
post: 17,36,08,03,06,13
pre:  184,270
post: 30,31
pre:  79,277
post: 25,42
pre:  301,69
post: 28,30
pre:  87
post: 21
pre:  122,30,119,113,68
post: 22,12,21,22,25
pre:  39,141
post: 08,23
pre:  373,104,205
post: 47,13,29
pre:  232,08,84
post: 37,03,23
pre:  160,204
post: 29,44
pre:  424,50,177,249,48
post: 65,06,29,42,16
pre:  102,11,98
post: 15,07,13
pre:  76,88,76
post: 27,12,33
pre:  75
post: 14
pre:  209,03,46,06,50,50,221,414,85,36,07,26,71
post: 39,03,07,03,11,14,29,59,37,08,06,09,07
pre:  274,145,108,70
post: 26,40,21,21
pre:  404,48,170,29,158,01
post: 81,17,28,10,22,01
pre:  155,29
post: 38,13
pre:  235,41,07,79,62,46
post: 29,11,02,16,20,08
pre:  30,81,137,09,162,42
post: 12,15,35,06,30,20
pre:  116,47,117,65,306,73
post: 24,17,21,13,33,13
pre:  94,31,266,30
post: 29,14,44,15
pre:  278,16,61
post: 75,08,28
pre:  29,110,362,96
post: 12,21,50,24
pre:  311,13,85,67,71,58
post: 53,10,38,20,29,19
pre:  32,16,17,23,30,20,12,72,18,61,42,09
post: 19,05,05,06,14,14,10,23,09,12,14,06
pre:  117,69,66,34,80
post: 16,32,28,16,17
pre:  196,77
post: 39,13
pre:  177,180
post: 40,33
pre:  259,36
post: 50,12
pre:  533,322,64,42
post: 116,58,34,21
pre:  27,24,13
post: 09,04,03
pre:  111,09,98,67
post: 35,06,16,16
pre:  150,09,226
post: 29,04,81
pre:  135
post: 38
pre:  75,174
post: 13,38
pre:  278,88
post: 36,14
pre:  529,234,240,11,117,42
post: 56,36,45,03,20,19
pre:  601,200,75,141,111
post: 100,33,20,26,45
pre:  66,337,94,29
post: 24,79,26,09
pre:  246,116,189
post: 32,19,40
pre:  75,62,06,102,05
post: 19,22,04,30,03
pre:  430,76,04
post: 51,16,04
pre:  524,354,65,162,174
post: 63,61,14,43,39
pre:  151,34,11,07,05,53,16,02,91,36
post: 41,12,06,05,04,20,07,02,18,11
pre:  73,04,36,11
post: 32,03,16,07
pre:  53,47,14
post: 25,13,09
pre:  171,06
post: 34,01
pre:  127,42,13
post: 24,11,09
pre:  120,26,35
post: 47,14,13
pre:  56,96,136
post: 14,35,54
pre:  400
post: 38
pre:  421,491,215,210
post: 63,52,22,16
pre:  235
post: 56
pre:  167,45,78
post: 52,11,15
pre:  64
post: 11
pre:  385,31,159,32
post: 87,08,36,07
pre:  37,91,59,89,52,34,19
post: 19,30,16,12,12,11,12
pre:  16,199
post: 10,44
pre:  37,28,01,39
post: 14,06,01,23
pre:  142,141
post: 23,32
pre:  83,125
post: 14,19
pre:  216,18,113
post: 37,10,12
pre:  116,135,21,121
post: 22,27,07,18
pre:  139,55,148,85
post: 26,07,34,20
pre:  163,07,08,32,12,124,20
post: 49,07,07,17,09,35,11
pre:  134,24
post: 37,05
pre:  437,08
post: 54,05
pre:  80,144,138,20,26
post: 20,50,24,08,12
pre:  293,03,278,33,36
post: 50,03,38,08,11
pre:  157,54,56,61,101,19
post: 31,04,29,11,21,08
pre:  38,29
post: 16,11
pre:  252
post: 46
pre:  127,07,28,05,224,51,01,53,13,04,22,30
post: 40,04,14,04,54,18,01,24,03,04,08,22
pre:  336,31,10,112,564
post: 88,07,09,31,55
pre:  290,148,14,133,46,43,63
post: 46,27,06,43,12,13,31
pre:  97,239,42
post: 25,50,29
pre:  117,46,26,226
post: 24,08,11,41
pre:  227,87,55
post: 58,23,14
pre:  230,43
post: 52,12
pre:  41,219,138,148
post: 12,34,35,25
pre:  311,346,40
post: 41,46,22
pre:  211,10,732,692,05,924,06
post: 05,04,23,47,05,49,01
pre:  49,30,114
post: 10,09,23
pre:  81,133,140
post: 33,27,18
pre:  301,29,25,41
post: 47,08,17,15
pre:  144,137,43,41,05,57,137,144,08
post: 18,23,10,10,02,11,29,23,03
pre:  84,131,64,102,60,36
post: 20,41,19,25,14,13
