Building DAG of jobs...
Using shell: /usr/bin/bash
Provided cores: 28
Rules claiming more threads will be scaled down.
Select jobs to execute...

[Tue May  9 20:06:31 2023]
rule MRLocus:
    input: /project2/mstephens/causalTWAS/ukbiobank/ukb_LDR_s80.45/s80.45.2_LDR, /project2/mstephens/causalTWAS/simulations/simulation_ctwas_rss_20210416/ukb-s80.45-adi_simu4-1.snpgwas.txt.gz, /project2/mstephens/causalTWAS/GTEx_v7_all/Adipose_Subcutaneous.allpairs_processed.txt.gz, /project2/mstephens/causalTWAS/fusion_weights/Adipose_Subcutaneous.pos
    output: /project2/mstephens/causalTWAS/simulations/simulation_ctwas_rss_20210416_compare/ukb-s80.45-adi_simu4-1.Adipose_Subcutaneous.mrlocus.result.batch_17
    jobid: 0
    wildcards: gwasname=ukb-s80.45-adi_simu4-1, weightname=Adipose_Subcutaneous, mrlocus_batch=17
    resources: mem_mb=7555, disk_mb=7555, tmpdir=/tmp/jobs/27382541

pre:  252,91,325
post: 36,28,47
pre:  170,56
post: 21,16
pre:  89,199,330,107,157
post: 21,21,30,14,47
pre:  168,146,31
post: 31,19,16
There were 50 or more warnings (use warnings() to see the first 50)
[Tue May  9 20:26:20 2023]
Finished job 0.
1 of 1 steps (100%) done
