Building DAG of jobs...
Using shell: /usr/bin/bash
Provided cores: 28
Rules claiming more threads will be scaled down.
Select jobs to execute...

[Tue May  9 21:56:34 2023]
rule MRLocus:
    input: /project2/mstephens/causalTWAS/ukbiobank/ukb_LDR_s80.45/s80.45.2_LDR, /project2/mstephens/causalTWAS/simulations/simulation_ctwas_rss_20210416/ukb-s80.45-adi_simu4-5.snpgwas.txt.gz, /project2/mstephens/causalTWAS/GTEx_v7_all/Adipose_Subcutaneous.allpairs_processed.txt.gz, /project2/mstephens/causalTWAS/fusion_weights/Adipose_Subcutaneous.pos
    output: /project2/mstephens/causalTWAS/simulations/simulation_ctwas_rss_20210416_compare/ukb-s80.45-adi_simu4-5.Adipose_Subcutaneous.mrlocus.result.batch_12
    jobid: 0
    wildcards: gwasname=ukb-s80.45-adi_simu4-5, weightname=Adipose_Subcutaneous, mrlocus_batch=12
    resources: mem_mb=7555, disk_mb=7555, tmpdir=/tmp/jobs/27382778

pre:  90,57
post: 22,21
pre:  107,29,202,56,66,13,06,08,47,24,06,01
post: 21,11,47,14,24,07,05,04,22,15,04,01
pre:  06,49
post: 05,12
pre:  477,92
post: 43,29
pre:  93
post: 30
pre:  223,108
post: 62,37
pre:  617,99,93
post: 100,41,37
pre:  455,128,04,156,74,72,45,04,63
post: 93,25,02,41,22,26,21,02,20
pre:  144,68,09,62
post: 33,15,07,13
pre:  223,25,38,76,02,25
post: 46,13,04,14,02,14
pre:  62,04,18,09,21,35,69
post: 34,04,09,05,11,16,19
pre:  25,10,251
post: 09,08,63
pre:  132,99,22,23,101
post: 23,28,11,10,27
pre:  147,30,176,43,103
post: 50,11,54,14,32
pre:  117,30,08,386,100,137,91
post: 46,15,05,74,24,34,15
pre:  56,44
post: 17,14
pre:  466,153
post: 35,43
pre:  146,79
post: 23,15
pre:  139,166,428,66
post: 20,19,59,20
pre:  254,83,35,127,289,49
post: 37,12,07,48,57,06
pre:  240
post: 25
pre:  322,22,07,39,51,11
post: 37,12,05,12,24,04
Warning: No significant --clump results.  Skipping.
pre:  413,199,73,76
post: 70,41,25,11
pre:  153,16
post: 34,06
pre:  147,60,07,09,74,32
post: 52,35,05,05,20,11
pre:  51,62
post: 16,24
pre:  87,111,38,18,85,18,95
post: 37,48,24,09,28,08,32
pre:  89,112,39,234
post: 26,20,27,26
pre:  67,87
post: 18,23
pre:  57,08,29,43
post: 15,04,12,17
pre:  103,40,02,147,93
post: 09,10,02,36,18
pre:  431,37
post: 42,12
pre:  192,26,06,04
post: 31,07,04,04
pre:  45,03,57
post: 25,03,18
pre:  17,01,01,02,45,05,39
post: 12,01,01,01,25,05,08
pre:  225,186,53,110
post: 65,41,24,28
pre:  137,47,19,153,89,14,34,35
post: 27,23,04,22,16,07,15,10
pre:  111
post: 19
pre:  309,60,83,35,01,90,239,21,25,02,08
post: 65,10,16,17,01,15,55,05,11,02,05
pre:  66,105,116,382
post: 24,17,19,52
pre:  165,48,58,33
post: 20,15,10,12
pre:  124,16,300,14
post: 39,05,60,05
pre:  100,37,36,147
post: 32,16,09,36
pre:  90,21,47,36
post: 24,10,18,11
pre:  183,79,36
post: 31,11,11
pre:  107,136,287,24,66
post: 18,39,45,11,13
pre:  79,83
post: 14,21
pre:  79,45,57,35
post: 19,24,24,12
pre:  173,67,168,68,20,63
post: 26,22,41,24,09,13
pre:  295,202,44,33,15,34
post: 82,36,16,13,06,13
pre:  305,25
post: 50,10
pre:  271,162,72,06,37,77,26,02,03
post: 24,37,15,03,05,19,07,02,02
pre:  395
post: 50
pre:  375,219
post: 68,22
pre:  210,307,187,52,103,41,62
post: 48,53,16,07,08,07,21
pre:  89,49,45,65
post: 33,14,18,09
pre:  202,189,41
post: 43,18,07
pre:  271,21
post: 38,08
pre:  46,14
post: 27,09
pre:  158,31,56,77,15,86,04,91,123,43,77
post: 31,12,22,11,10,18,03,26,43,16,30
pre:  59,110
post: 12,36
pre:  244,02,201,25,21,112,09,137,11,61
post: 24,02,21,10,07,32,07,24,06,12
pre:  174,15,36
post: 34,06,07
pre:  249,165,77,87
post: 22,46,12,26
pre:  328,163,247,11,06,123
post: 36,21,17,07,03,40
Warning: No significant --clump results.  Skipping.
pre:  129,05,397
post: 13,04,48
pre:  235,28,76,09
post: 36,10,25,08
pre:  152,12
post: 38,04
pre:  116,158
post: 34,27
pre:  85,264,73,13,101
post: 33,43,14,06,27
pre:  288,111
post: 31,24
pre:  152,59,165
post: 23,19,31
pre:  171
post: 23
pre:  524,118,14,20,74,112,03,135
post: 44,16,03,07,10,23,03,12
pre:  314
post: 48
pre:  08,78,69,05,383
post: 07,16,18,04,52
pre:  235,88
post: 35,29
pre:  330
post: 70
pre:  110,71,57
post: 37,21,22
pre:  73,232,84,76
post: 15,28,15,15
pre:  157,92,38
post: 33,26,17
pre:  128,144
post: 22,32
pre:  123,36
post: 33,20
pre:  115
post: 32
pre:  103,63,03
post: 30,18,02
pre:  116,400,60
post: 24,47,15
pre:  439,312,17,53
post: 35,26,07,16
pre:  210,402,145,87
post: 39,32,23,14
pre:  160,74
post: 41,23
pre:  370,69,79,26,06,172
post: 48,09,21,12,03,22
pre:  115,14
post: 14,07
pre:  110,299,25,135,466,05,12
post: 31,26,17,29,33,02,09
pre:  441,40,186,261,06,96
post: 54,08,21,17,03,32
pre:  119,41
post: 18,17
pre:  374,102,396,77,276,11,79,70,29,18,67,10,43,07,103
post: 49,26,31,20,27,05,15,10,13,12,08,05,05,06,13
pre:  09,116,388,150,19
post: 06,35,37,22,11
Warning: No significant --clump results.  Skipping.
pre:  125
post: 37
pre:  71,11,20
post: 17,07,09
pre:  212,55
post: 47,17
pre:  89,211,02
post: 22,38,02
pre:  130,97,226
post: 20,19,33
pre:  377,08,03,08,59,19
post: 49,04,03,05,15,07
pre:  139,72
post: 24,14
pre:  136,27
post: 30,13
pre:  289,158
post: 32,27
pre:  268,187,53,35
post: 45,39,17,15
pre:  390,161,30,25
post: 31,33,11,14
pre:  97
post: 23
pre:  152,217,509,09,14
post: 31,67,39,07,03
pre:  261,129,168,01
post: 59,25,46,01
pre:  317,405
post: 51,44
pre:  159,113
post: 23,14
pre:  358,16
post: 49,08
pre:  144,199,145,85,68,01
post: 25,31,19,13,17,01
pre:  707,740,314,171
post: 35,62,47,26
pre:  147,137,08,111
post: 29,40,06,08
pre:  108,197
post: 12,43
pre:  369,63,55,410,75,75
post: 61,15,21,28,14,28
pre:  446,193,58,48
post: 46,33,14,16
pre:  116,133
post: 24,14
pre:  227
post: 76
pre:  731,259,86,09,26,05,88
post: 98,65,35,06,15,04,23
pre:  35,85,202
post: 12,29,52
pre:  798,106,127,55,19,149,75,01,49,15,106,06
post: 74,38,32,27,03,45,29,01,21,09,24,03
pre:  240,47,03
post: 30,19,03
pre:  324,88,55,02,341
post: 57,27,16,02,27
pre:  220,113,203,06,04,16,10,02
post: 50,17,33,03,03,09,03,01
pre:  524,211,146,21,12,151,106
post: 53,22,23,10,06,23,19
pre:  435,244,26
post: 32,20,06
pre:  148,290
post: 16,35
pre:  58,37,01,84
post: 22,14,01,15
pre:  133,70,03,06,96,55
post: 31,16,03,05,23,05
pre:  416,61,80,52,128,15
post: 57,15,36,21,09,08
pre:  443
post: 68
pre:  278,71,104,95,140,220,162,15
post: 43,23,28,18,23,39,27,05
pre:  134,175
post: 33,34
pre:  275,16,364,55
post: 47,06,62,17
pre:  253,128,33,157,142
post: 50,27,04,33,30
pre:  776,152,56,32,192,23,213,09,05
post: 69,45,16,05,24,12,10,06,04
pre:  366,78
post: 30,16
pre:  307,174
post: 27,16
pre:  769,56,143,29,46,136
post: 75,15,42,12,20,39
pre:  266,609
post: 53,59
pre:  224,223,117,221,122
post: 28,46,30,28,15
pre:  58,370,11,228,93,43,60,172,136,88,45,05,34
post: 30,87,06,46,19,13,18,22,31,15,15,03,07
pre:  283,185,113,184,382
post: 69,16,16,38,84
pre:  284
post: 63
pre:  120,146,20
post: 29,31,13
pre:  125,251,24,115,107
post: 34,45,08,27,11
pre:  64,48
post: 05,13
pre:  499,275,238,131,137,84
post: 77,39,16,29,33,15
pre:  663,111,03,190,81,80
post: 86,21,03,36,21,13
pre:  275,196,335,157,65,408
post: 37,31,25,11,09,35
pre:  188
post: 37
pre:  141,149,60
post: 32,22,15
pre:  390,53,124,86,62,145
post: 26,15,26,11,20,27
Warning: No significant --clump results.  Skipping.
pre:  131,09,02,26,196,45,345,31
post: 41,05,02,10,30,14,45,12
pre:  215,117
post: 43,22
pre:  237,15,111
post: 48,06,24
pre:  321,50,101,07,166,05,34,157,34,02,31
post: 37,15,23,05,35,05,21,45,11,02,13
pre:  66,52,84,48,86
post: 07,22,37,21,25
pre:  55,12,28,36,20,63,01
post: 18,11,10,15,08,15,01
pre:  222,92,04
post: 25,15,03
pre:  110,51,83,02
post: 25,13,21,02
pre:  112,212
post: 37,37
pre:  228,106
post: 38,33
pre:  354,220
post: 24,25
pre:  116
post: 28
pre:  66
post: 11
pre:  133
post: 33
pre:  271,16,92
post: 55,12,23
pre:  105,05,21,480,58,67,46
post: 38,04,11,88,16,12,14
pre:  160,164
post: 36,48
pre:  231,246,160,187,628,189
post: 71,51,36,24,70,41
pre:  402,257,241,38,39,22
post: 47,50,25,06,08,15
pre:  253,155
post: 35,30
pre:  109,42,120,83,91,24,75
post: 07,11,24,21,27,12,11
pre:  369,38,150,209,68
post: 44,13,30,29,21
pre:  108
post: 20
pre:  83,143,63,19,141,153,51,66
post: 24,25,18,05,28,45,19,27
pre:  521,108,358,13,08,111,28,12,08,01,09,152
post: 29,20,50,07,02,13,16,09,06,01,06,15
Error in mcfork(detached) : 
  unable to fork, possible reason: Cannot allocate memory
Calls: with ... <Anonymous> -> .local -> <Anonymous> -> mcparallel -> mcfork
In addition: There were 50 or more warnings (use warnings() to see the first 50)
Execution halted
Error while shutting down parallel: unable to terminate some child processes
[Wed May 10 08:24:32 2023]
Error in rule MRLocus:
    jobid: 0
    output: /project2/mstephens/causalTWAS/simulations/simulation_ctwas_rss_20210416_compare/ukb-s80.45-adi_simu4-5.Adipose_Subcutaneous.mrlocus.result.batch_12
    shell:
        Rscript ~/causalTWAS/causal-TWAS/code/run_MRLocus_wc.R /project2/mstephens/causalTWAS/ukbiobank/ukb_LDR_s80.45/s80.45.2_LDR /project2/mstephens/causalTWAS/simulations/simulation_ctwas_rss_20210416/ukb-s80.45-adi_simu4-5.snpgwas.txt.gz /project2/mstephens/causalTWAS/GTEx_v7_all/Adipose_Subcutaneous.allpairs_processed.txt.gz /project2/mstephens/causalTWAS/fusion_weights/Adipose_Subcutaneous.pos /project2/mstephens/causalTWAS/simulations/simulation_ctwas_rss_20210416_compare/ /project2/mstephens/causalTWAS/simulations/simulation_ctwas_rss_20210416_compare/ukb-s80.45-adi_simu4-5.Adipose_Subcutaneous.mrlocus.result.batch_12 12 TRUE
        (one of the commands exited with non-zero exit code; note that snakemake uses bash strict mode!)

Shutting down, this might take some time.
Exiting because a job execution failed. Look above for error message
