Building DAG of jobs...
Using shell: /usr/bin/bash
Provided cores: 28
Rules claiming more threads will be scaled down.
Select jobs to execute...

[Tue May  9 21:56:34 2023]
rule MRLocus:
    input: /project2/mstephens/causalTWAS/ukbiobank/ukb_LDR_s80.45/s80.45.2_LDR, /project2/mstephens/causalTWAS/simulations/simulation_ctwas_rss_20210416/ukb-s80.45-adi_simu4-3.snpgwas.txt.gz, /project2/mstephens/causalTWAS/GTEx_v7_all/Adipose_Subcutaneous.allpairs_processed.txt.gz, /project2/mstephens/causalTWAS/fusion_weights/Adipose_Subcutaneous.pos
    output: /project2/mstephens/causalTWAS/simulations/simulation_ctwas_rss_20210416_compare/ukb-s80.45-adi_simu4-3.Adipose_Subcutaneous.mrlocus.result.batch_18
    jobid: 0
    wildcards: gwasname=ukb-s80.45-adi_simu4-3, weightname=Adipose_Subcutaneous, mrlocus_batch=18
    resources: mem_mb=7555, disk_mb=7555, tmpdir=/tmp/jobs/27382780

pre:  69,300,458,129,188,320
post: 07,14,33,14,11,10
pre:  146,51,79
post: 25,16,24
pre:  154,34,62,65,91,80
post: 31,06,23,30,27,19
pre:  545,699,554
post: 48,29,31
pre:  161,17,03,247,30,34,19,128,18
post: 35,07,03,49,11,17,10,26,06
pre:  147,251
post: 35,44
pre:  415
post: 48
pre:  427,86,03,82
post: 98,12,03,23
pre:  232,97
post: 49,22
pre:  11,311,30,129,119,367,53
post: 10,73,09,39,25,64,09
pre:  281,329
post: 39,33
pre:  137,69,27,140
post: 39,22,07,34
pre:  124,18,27
post: 36,11,07
pre:  05,01,05,51
post: 03,01,04,06
pre:  89,24
post: 20,08
pre:  35,49,79,05,02
post: 10,11,15,02,02
pre:  04,163,173
post: 02,43,66
pre:  58,04,42,30
post: 15,03,15,14
Warning: No significant --clump results.  Skipping.
pre:  56,188,170,03
post: 21,43,35,03
pre:  107,161,191,105,43
post: 34,38,33,26,14
pre:  424,174
post: 58,30
pre:  83,166,22,11,02
post: 21,26,09,05,02
pre:  212,46,106,472,08
post: 25,21,35,55,02
pre:  114,222
post: 27,30
pre:  164,40
post: 35,07
pre:  154,204
post: 44,42
pre:  190,41,119,78,125,60,49,13
post: 49,19,34,27,22,31,18,05
pre:  74
post: 29
pre:  81,132,15
post: 17,18,10
pre:  115,114,76,17,14,25
post: 34,39,23,04,11,02
pre:  411
post: 72
pre:  520,02,80,96
post: 31,01,10,15
pre:  127,36
post: 40,20
pre:  153,217,151
post: 31,44,35
pre:  39,03,18
post: 13,02,07
pre:  192
post: 24
pre:  313,277,102
post: 53,55,19
pre:  333,19,25,02,71,109,30,09,23
post: 35,08,09,01,11,21,04,06,04
pre:  215,03,09,59,50,01,88,05
post: 47,03,02,14,18,01,19,05
pre:  358,11,06,97,216
post: 39,11,06,18,41
pre:  160
post: 30
pre:  78
post: 20
pre:  142,80,91,40
post: 28,15,28,09
pre:  173,242,147,136,108,71
post: 34,40,32,27,13,13
pre:  146
post: 24
pre:  181,121,01
post: 16,24,01
pre:  31,95,206,09,33,227,127
post: 11,34,54,05,11,30,22
pre:  177
post: 24
pre:  144,32,13,184
post: 24,10,07,33
pre:  65,77,52
post: 20,32,19
pre:  844,73,14
post: 39,13,04
pre:  274,29,123,29,65,37,65
post: 54,06,23,09,20,12,13
pre:  106,19,71,34
post: 09,07,18,15
pre:  341,232
post: 67,22
pre:  266
post: 66
pre:  193,36,80
post: 30,22,30
pre:  70,52,08
post: 11,13,05
pre:  208,483,202
post: 22,53,52
pre:  118
post: 19
pre:  267,114,256,123,94
post: 35,17,23,39,25
pre:  265,386
post: 58,75
pre:  347,249,32,64,14
post: 76,82,21,22,10
Warning: No significant --clump results.  Skipping.
pre:  95,87,05,115
post: 25,29,04,27
pre:  300,02
post: 54,02
pre:  101,43,88,319,71,219,28
post: 38,22,28,48,14,25,09
pre:  327,121,199
post: 40,14,36
pre:  771,108,242
post: 49,15,37
pre:  418,29,326,55,164,227,18
post: 81,10,69,25,22,44,12
pre:  146,54,592,153
post: 57,17,90,55
pre:  12,68
post: 06,21
pre:  199,369,349,01
post: 42,44,42,01
Warning: No significant --clump results.  Skipping.
pre:  109,81,55,160
post: 23,27,10,38
pre:  59,43,13,02,04,50,19,39
post: 09,22,08,02,03,26,10,20
pre:  22,57,36,84,97,46
post: 11,11,13,31,28,17
pre:  31,50,31,145,78
post: 12,16,12,31,09
pre:  69,54,74,81,09,40
post: 16,19,26,26,06,12
pre:  98,211,194,21,15
post: 35,49,41,08,05
Warning: No significant --clump results.  Skipping.
pre:  97,74,83,18,12,04
post: 28,27,22,06,08,04
pre:  42,52,52,45,108,28
post: 11,15,11,17,29,10
pre:  40,40,05,06,06
post: 14,16,04,05,02
pre:  273,48
post: 31,16
pre:  314,215,69,39,20
post: 62,33,28,13,10
pre:  32,133
post: 19,37
pre:  156,133
post: 48,49
pre:  780,796,155,30,116
post: 159,225,48,17,53
pre:  14,84,270,323
post: 03,14,46,43
pre:  825,197,46,14,384,102,210,147
post: 73,39,14,09,34,18,36,14
pre:  296,98,163,15,30,27
post: 52,17,18,09,12,11
pre:  201,69
post: 39,22
pre:  133,126,461,19,84
post: 28,15,25,05,15
pre:  299,190,32,309,20
post: 52,35,08,60,11
pre:  167,190,72,63
post: 41,30,25,19
pre:  90,160,192,30,93
post: 18,51,60,09,32
pre:  213,14
post: 41,07
pre:  104,132
post: 28,25
pre:  382,70
post: 78,26
pre:  201,28,56,77,91,03,79
post: 53,13,21,30,25,03,21
pre:  87,17,17
post: 39,07,11
pre:  71,280,166,77
post: 26,50,46,23
pre:  378,766,15,298,124,03,109
post: 60,28,05,62,19,03,14
pre:  211
post: 62
pre:  23,252,26,53
post: 09,25,11,32
pre:  142,106,05,298
post: 36,40,03,81
pre:  354,430,117,05
post: 79,74,23,05
pre:  688,05
post: 25,05
pre:  589,48,08,07
post: 25,12,04,05
pre:  69,49,92,73
post: 25,13,18,15
pre:  274,30,143,03,82,97,06
post: 33,04,31,03,15,24,04
pre:  201,255,323,06
post: 26,27,33,05
pre:  355,222,356,183,126,68,175,01,80,23
post: 56,48,47,23,13,20,20,01,10,10
pre:  540,254,27,208
post: 23,28,15,25
pre:  307,27
post: 35,15
pre:  144,03,09
post: 30,02,06
pre:  292,337,83
post: 25,35,07
pre:  168,76,09,38
post: 36,18,03,04
pre:  198,46,122,07,85,171,38
post: 44,18,26,03,26,35,20
pre:  85
post: 16
pre:  150,255,85
post: 27,16,27
pre:  76,159,33
post: 34,23,14
pre:  74,97,88,58,53
post: 29,32,38,28,18
pre:  158,49,195
post: 27,13,17
pre:  409,745,63,37,35
post: 18,40,31,10,04
pre:  148,324,53,20
post: 42,62,11,04
pre:  140,130,06
post: 34,27,03
pre:  156,139,01,15,140,24
post: 26,28,01,03,28,07
pre:  446,06,102,46
post: 48,06,25,12
pre:  465,01
post: 50,01
pre:  342,90
post: 44,38
pre:  44,55,32,50,40,60,20,21
post: 16,17,08,16,13,17,07,13
pre:  259
post: 16
pre:  267,115,03,79,89
post: 34,20,02,24,24
pre:  110,124,21,44
post: 24,26,06,19
pre:  707,130,376,91,74,380,23
post: 36,40,47,13,20,42,09
pre:  258,76,52,02,13
post: 68,34,18,02,09
pre:  205
post: 27
pre:  305,101,88,03,17
post: 52,20,25,02,09
pre:  304,77,237,09,58,15
post: 40,16,30,06,21,03
pre:  246,118,30,06,03,03,522,09,209
post: 44,23,05,04,03,02,56,06,25
pre:  28
post: 08
Warning: No significant --clump results.  Skipping.
pre:  116,02
post: 14,02
pre:  153,88,41
post: 23,21,22
pre:  591
post: 39
pre:  356,06
post: 65,06
pre:  06,251
post: 02,19
pre:  181,136
post: 40,22
pre:  424,305,177,08,08,02
post: 31,36,20,05,03,01
pre:  49,41,71,81,27,75
post: 18,14,29,19,04,16
pre:  241,288
post: 19,57
pre:  553
post: 35
pre:  64,186,16,62,36,72,90
post: 25,31,07,22,15,21,20
pre:  54,101
post: 22,22
pre:  517,200,431,161
post: 82,56,35,32
pre:  384,37,145
post: 37,18,31
pre:  462,255,889,17,03,01,225,17,01,02,68,18,08
post: 53,27,47,08,03,01,19,07,01,01,10,02,06
pre:  318,251
post: 40,51
pre:  162,46,21,20,68
post: 34,06,13,03,22
pre:  412,83,58
post: 44,16,20
pre:  169,44,27,43,89,05
post: 42,18,07,15,23,05
pre:  181,26,93,209,211,143,40,69,99,01
post: 28,10,30,30,37,20,16,23,22,01
pre:  548,118,228,193,41,206
post: 65,18,22,29,10,32
pre:  204
post: 32
pre:  166
post: 33
pre:  111,142,109,373,106
post: 28,23,23,60,26
pre:  243,45
post: 31,23
pre:  78,52,37,46,33
post: 16,12,18,12,17
pre:  134,31,37,07
post: 31,11,06,05
pre:  187,02,151
post: 46,02,23
pre:  388,41,71,107,02,30,232,18,33
post: 50,08,18,17,02,06,17,08,09
pre:  140,31,78,54
post: 41,16,20,19
pre:  184,186
post: 30,41
pre:  184,197,223,131
post: 30,45,32,27
pre:  234,332,103,245,43,05,79,45,13,09,39
post: 46,50,24,38,10,04,14,18,05,04,14
pre:  324,81,119,361,55,93,35
post: 52,20,35,47,11,26,15
pre:  22,14,09
post: 10,07,05
pre:  32,24,22,38
post: 10,06,08,14
pre:  20,23,246,133,73
post: 10,08,29,28,33
pre:  188
post: 31
pre:  232
post: 32
pre:  251,25,23,55,82,09,02
post: 16,11,14,11,17,04,01
pre:  268
post: 46
pre:  848,323,467,175,98,152,38,29
post: 66,39,42,25,18,21,11,16
pre:  58,117,157,42,112
post: 15,23,38,24,27
pre:  897,317
post: 38,21
pre:  349,167,07,123,03
post: 39,15,05,27,03
pre:  263,218
post: 31,18
pre:  81,79,04,37,83,147
post: 16,29,03,13,16,32
pre:  139,95,50
post: 19,17,19
pre:  208,26,187,19,80,21,09
post: 68,15,61,08,15,11,03
