Building DAG of jobs...
Using shell: /usr/bin/bash
Provided cores: 28
Rules claiming more threads will be scaled down.
Select jobs to execute...

[Tue May  9 21:56:34 2023]
rule MRLocus:
    input: /project2/mstephens/causalTWAS/ukbiobank/ukb_LDR_s80.45/s80.45.2_LDR, /project2/mstephens/causalTWAS/simulations/simulation_ctwas_rss_20210416/ukb-s80.45-adi_simu4-4.snpgwas.txt.gz, /project2/mstephens/causalTWAS/GTEx_v7_all/Adipose_Subcutaneous.allpairs_processed.txt.gz, /project2/mstephens/causalTWAS/fusion_weights/Adipose_Subcutaneous.pos
    output: /project2/mstephens/causalTWAS/simulations/simulation_ctwas_rss_20210416_compare/ukb-s80.45-adi_simu4-4.Adipose_Subcutaneous.mrlocus.result.batch_1
    jobid: 0
    wildcards: gwasname=ukb-s80.45-adi_simu4-4, weightname=Adipose_Subcutaneous, mrlocus_batch=1
    resources: mem_mb=7555, disk_mb=7555, tmpdir=/tmp/jobs/27382784

pre:  704,420,62
post: 35,59,17
pre:  196,157
post: 21,19
pre:  12,58,95,73
post: 09,13,29,16
pre:  170,38,35
post: 29,14,21
pre:  136,02,84,41,102
post: 26,02,16,11,26
pre:  155,07
post: 28,05
pre:  92,56,139,69
post: 10,19,14,15
pre:  435
post: 62
pre:  235,39
post: 22,03
pre:  78,121,03
post: 19,21,03
pre:  270,78,69
post: 36,14,20
pre:  28,204,251,56,17,435
post: 18,44,25,17,11,38
pre:  465,505,78,43,239,302,111,68
post: 40,64,22,09,24,44,40,18
pre:  86,67,221,121,105,01,30
post: 23,17,28,24,15,01,12
pre:  80,435
post: 29,37
pre:  37,12
post: 15,09
pre:  244,38,332,69,182,130,23
post: 75,15,86,32,83,32,09
pre:  163,163,20,71
post: 32,33,11,16
pre:  463,127
post: 52,29
pre:  159,183,317
post: 56,32,98
pre:  158,06
post: 37,06
pre:  109,84,140,153
post: 33,23,25,41
pre:  495,392,184,80,14,331,19,07,06,102,11,02,10,01,06,48,02,09,10
post: 65,29,23,08,08,09,08,03,04,12,05,01,02,01,01,20,01,04,05
pre:  205,169
post: 48,21
pre:  264,29,190,09,24
post: 46,10,31,04,08
pre:  395,14
post: 51,11
pre:  62,75,56,66,90
post: 16,14,22,21,23
pre:  01,187,13,297,125,129
post: 01,31,06,35,17,15
pre:  37,423
post: 14,22
pre:  161,77,152,17,96,40,113
post: 51,14,32,09,27,11,18
pre:  406,14
post: 45,08
pre:  643,77
post: 71,25
pre:  80,167,27,43,54,123
post: 31,55,12,29,28,38
pre:  260
post: 55
pre:  199,387
post: 51,47
pre:  381,364,35,58
post: 50,39,12,10
pre:  173,174
post: 39,34
pre:  193,62,10
post: 30,10,02
pre:  204,50,25
post: 44,13,09
Warning: No significant --clump results.  Skipping.
pre:  113,46
post: 32,15
pre:  177,179,36,59,07,13
post: 33,14,08,11,05,04
Warning: No significant --clump results.  Skipping.
pre:  155,275
post: 43,48
pre:  225
post: 38
pre:  88,286,93,333
post: 22,36,17,30
pre:  62,80
post: 12,18
pre:  119,24,70,10,86,12,21,100,28,01,03,05,09
post: 30,11,20,04,18,05,13,13,20,01,03,04,06
pre:  12,373,93,72,100
post: 08,68,15,15,21
pre:  182,34,01,46,53
post: 40,18,01,22,10
pre:  378
post: 46
pre:  293
post: 25
pre:  214,112,83,127
post: 47,23,15,29
pre:  94,29,132,14
post: 20,12,38,09
pre:  121,59,224,144
post: 28,22,43,27
pre:  159,267,19,16,84,190
post: 23,43,06,05,23,66
pre:  258,22,23,52,38
post: 43,14,11,07,16
pre:  172,84,120,341
post: 50,39,28,50
pre:  27,40,24,51
post: 08,17,06,14
pre:  124,63,140,23
post: 36,16,17,07
pre:  103,33,29,22,110,51,20
post: 22,14,12,09,23,09,05
pre:  458,74,32,01
post: 43,19,16,01
pre:  228,02,06,129,06,19,63,221
post: 33,02,06,15,01,07,24,16
pre:  374,296,03
post: 23,20,02
pre:  98,61,50
post: 38,30,16
pre:  657,23,95,21,11,27
post: 87,12,20,11,03,13
pre:  203,118
post: 22,46
pre:  138,227,419,09
post: 23,39,46,01
pre:  261,28
post: 55,04
pre:  54,210
post: 11,34
pre:  565,20
post: 44,09
pre:  195,47,26,19
post: 28,16,06,06
pre:  179,13
post: 25,05
pre:  217,110,02,51,128,27
post: 26,18,02,22,30,10
pre:  41,17,123,04
post: 09,08,49,03
pre:  143,03
post: 46,02
pre:  102,73,71,58,45
post: 59,37,24,27,18
pre:  280,61,43,363,191,71,22
post: 51,18,10,23,26,12,14
pre:  321,125,57
post: 47,37,05
pre:  497,02,131
post: 47,02,35
pre:  368,55,61,137
post: 71,12,17,44
pre:  58,160,137,51,48,53,72
post: 19,36,40,24,25,13,16
pre:  224
post: 33
pre:  120,109
post: 25,09
pre:  416,162,45,04
post: 58,22,15,03
pre:  173,54,77,64
post: 36,20,26,33
pre:  150,69,46,130
post: 22,12,22,29
pre:  168,96
post: 24,23
pre:  136,01
post: 33,01
pre:  62,142,136,227
post: 12,26,33,35
pre:  32,100
post: 13,14
pre:  538,131,254,329
post: 60,28,28,52
pre:  259,277,19
post: 16,22,08
pre:  229,49
post: 27,20
pre:  131,68,42,25,116,63
post: 20,13,17,08,42,20
pre:  314,24,86
post: 37,11,24
pre:  312,02,25,82,74,95
post: 34,01,04,08,13,28
pre:  299,12,216,48,129,77,25
post: 69,07,54,14,23,26,09
pre:  63,70,20
post: 25,17,11
pre:  212,10,02,05,195,77
post: 43,05,01,04,32,10
pre:  227,41
post: 47,16
pre:  199,04
post: 37,04
pre:  60,395
post: 21,19
pre:  369,427,40,59,48
post: 53,45,17,10,15
pre:  172,16,37
post: 50,09,21
pre:  171,61,62
post: 31,22,21
pre:  42,48,65,37
post: 14,15,29,08
pre:  73,09,20,119
post: 24,07,06,22
pre:  73,131,168
post: 22,24,47
pre:  97,03,176
post: 13,02,32
pre:  111,206
post: 20,39
pre:  430,163
post: 41,27
pre:  223,21,40,89,38,302,113,08,17,141,01,06,02
post: 37,15,11,21,21,48,24,04,11,45,01,05,02
pre:  103,62,35
post: 32,21,10
pre:  777,90,119,66,198,60,72,52,147,14,85,10,38
post: 72,36,30,19,27,25,30,21,31,08,34,04,09
pre:  361,139
post: 45,31
pre:  180
post: 26
pre:  146,37,116,53
post: 49,20,07,08
pre:  103,47,173,115,50
post: 17,17,40,25,13
pre:  289,105,112,114,86
post: 45,21,20,13,26
pre:  158
post: 32
pre:  04
post: 03
pre:  240,150,116
post: 37,18,17
pre:  122,48,07
post: 31,21,05
pre:  498
post: 66
pre:  80,434,125,58,123
post: 37,50,51,18,39
pre:  45,49,05
post: 21,09,05
pre:  475,124,161
post: 50,22,22
pre:  103,47
post: 20,21
pre:  308,166,24,07,05,30,195,01,41
post: 38,29,06,05,04,11,21,01,11
pre:  324,132,48,80,52
post: 42,21,17,10,20
pre:  382,227
post: 81,80
pre:  84,33,61
post: 20,13,13
pre:  247
post: 43
pre:  301,84,80,05,84,190,75
post: 43,18,15,03,11,24,32
pre:  149,25,16,71,11,61
post: 41,12,07,13,05,26
pre:  120
post: 39
pre:  174
post: 34
pre:  270,118,39,108
post: 67,35,09,36
pre:  400,85,116
post: 84,29,25
pre:  106,13,212
post: 22,10,31
pre:  231,256,114,88
post: 54,45,34,21
pre:  305
post: 33
pre:  109,76,141
post: 17,15,28
pre:  320
post: 59
pre:  467,38,229
post: 30,09,20
pre:  245,52
post: 34,15
pre:  88
post: 35
pre:  725,160,28,43,25,273
post: 48,11,12,13,08,48
pre:  423,38,290,217,100
post: 39,09,37,31,15
pre:  90,240,50,116,11,06,123
post: 42,21,28,50,09,04,49
pre:  03,81,91,103
post: 03,14,20,14
pre:  159
post: 24
pre:  136,03,94,04,35,18,21,31
post: 22,03,19,03,11,09,08,14
pre:  380,06,13,03,07
post: 42,05,10,02,01
pre:  260,418,127
post: 33,46,20
pre:  160
post: 27
pre:  342,260,188,52
post: 60,40,37,08
pre:  106,484,89,156
post: 19,67,18,44
pre:  500,73
post: 23,19
pre:  182,22
post: 28,18
pre:  195,256,94
post: 36,51,30
pre:  588,169,165,87,14,34
post: 102,38,51,16,09,04
pre:  353,295,59,185,147,234,51,82,19,08,45,31,48,58
post: 54,67,26,36,32,32,13,17,07,06,13,06,17,25
pre:  131,61,60
post: 29,13,12
Warning: No significant --clump results.  Skipping.
pre:  787,325,102,110,380,94,07,13,479,163,155,06,03
post: 63,33,09,14,40,19,02,06,19,25,21,04,03
pre:  104,68,43,150
post: 45,27,21,37
pre:  76,119,29,82,143
post: 23,20,17,27,47
pre:  313,153,06,44
post: 36,22,05,10
pre:  367,263
post: 40,29
pre:  65,88,54,67,01
post: 21,38,13,09,01
pre:  267,252
post: 24,24
pre:  187
post: 25
pre:  50,258,287,02,136
post: 14,61,27,01,19
pre:  157,105
post: 21,23
pre:  244,58,07,06,47
post: 37,18,06,04,12
pre:  302
post: 45
pre:  360,97,282,247
post: 51,15,29,16
pre:  206,75,01
post: 36,15,01
pre:  76,249
post: 17,15
pre:  732
post: 73
pre:  318,183
post: 15,10
pre:  230,113,357,99
post: 34,28,32,18
pre:  184,123
post: 30,18
pre:  375
post: 41
pre:  195,65,116,65,40,115,38,212,25
post: 66,23,25,33,16,66,21,77,09
pre:  234,141,150,32,415,70,53,70
post: 35,28,21,19,26,09,05,21
pre:  172,29,95,44,45,46,04,01,11
post: 40,15,34,12,17,17,03,01,06
pre:  292,59
post: 35,21
pre:  91,483,69,09
post: 24,59,06,07
pre:  46,13,45,05,06
post: 11,08,10,04,04
pre:  52,07,03,30,02,129,102,01
post: 14,03,02,11,01,16,07,01
pre:  429,06,89,72,23
post: 85,06,21,16,06
pre:  209,71,09,187
post: 47,12,09,41
pre:  98,97,48,163
post: 42,23,15,65
pre:  377,06
post: 44,03
pre:  206,88,86,439,20
post: 40,27,18,45,11
pre:  188,52
post: 34,19
pre:  289,137
post: 42,28
pre:  33
post: 08
pre:  498,85,116
post: 69,22,39
pre:  192,220,51
post: 14,26,09
pre:  249,390
post: 43,78
pre:  144,31,182,43,245
post: 39,08,38,16,29
pre:  201,197,215,133,153,65
post: 19,18,43,31,22,27
pre:  473
post: 63
pre:  39,187,27,36,21,58,36,27
post: 12,40,07,16,08,19,07,10
pre:  184,66,49,194,47,80
post: 44,18,04,63,18,30
