Building DAG of jobs...
Using shell: /usr/bin/bash
Provided cores: 28
Rules claiming more threads will be scaled down.
Select jobs to execute...

[Tue May  9 21:56:34 2023]
rule MRLocus:
    input: /project2/mstephens/causalTWAS/ukbiobank/ukb_LDR_s80.45/s80.45.2_LDR, /project2/mstephens/causalTWAS/simulations/simulation_ctwas_rss_20210416/ukb-s80.45-adi_simu4-2.snpgwas.txt.gz, /project2/mstephens/causalTWAS/GTEx_v7_all/Adipose_Subcutaneous.allpairs_processed.txt.gz, /project2/mstephens/causalTWAS/fusion_weights/Adipose_Subcutaneous.pos
    output: /project2/mstephens/causalTWAS/simulations/simulation_ctwas_rss_20210416_compare/ukb-s80.45-adi_simu4-2.Adipose_Subcutaneous.mrlocus.result.batch_23
    jobid: 0
    wildcards: gwasname=ukb-s80.45-adi_simu4-2, weightname=Adipose_Subcutaneous, mrlocus_batch=23
    resources: mem_mb=7556, disk_mb=7556, tmpdir=/tmp/jobs/27382787

pre:  153,159,156,18,118,05,165,01
post: 38,29,30,11,24,05,18,01
pre:  385
post: 45
pre:  347,91,50
post: 70,31,15
pre:  27,98,72,92,111,06
post: 11,34,25,14,35,04
pre:  134
post: 39
pre:  70,84,21,148,66
post: 21,22,11,19,20
pre:  68,15,135,26,75
post: 26,11,46,13,19
pre:  63,48,10
post: 15,11,07
pre:  255,67
post: 38,06
pre:  276
post: 54
pre:  967,503
post: 112,64
pre:  272
post: 11
pre:  318,56,18,03,28,296,50
post: 40,20,05,02,10,41,17
pre:  347,165
post: 52,40
pre:  188,168,39,03,49
post: 29,19,18,01,26
pre:  479,483,17
post: 78,36,03
pre:  100,83,360,04,18
post: 31,24,72,03,09
pre:  328,104,30,158
post: 29,20,12,21
pre:  72,101,13,40
post: 34,24,06,12
pre:  157,08,255
post: 14,06,33
pre:  992,10,524,77
post: 38,04,21,08
pre:  350,34,10
post: 30,08,06
pre:  46,59,17
post: 19,19,06
pre:  94,626,27
post: 25,53,11
pre:  125,156
post: 22,15
pre:  36
post: 10
pre:  429,121,414,217
post: 39,35,42,18
pre:  279,10,37
post: 39,06,23
pre:  208
post: 29
pre:  149,310
post: 54,38
pre:  72,111,02,21
post: 25,27,02,05
pre:  02,61
post: 01,27
pre:  229,02,215,61
post: 42,02,54,17
pre:  141,653,179,41,83,110,02,27,149,04,01
post: 14,80,28,21,22,34,02,15,37,03,01
pre:  122,69,200
post: 37,12,17
pre:  102,352
post: 37,28
pre:  114,153
post: 31,30
pre:  605,114,63,02
post: 72,27,03,02
pre:  271,23,43,27,12,15,27
post: 66,13,20,15,07,13,13
Warning: No significant --clump results.  Skipping.
pre:  244,133,25
post: 39,19,09
pre:  99,70,463,27
post: 31,10,49,18
pre:  180,32,646
post: 20,09,34
pre:  73,65,49,10
post: 26,15,18,06
pre:  248,42,119
post: 59,08,20
pre:  431,97
post: 66,42
pre:  47
post: 18
pre:  264,208,29,03,136
post: 36,45,12,02,30
pre:  197
post: 31
pre:  259,64,21,213
post: 48,19,06,51
pre:  124,105,18,10,03,04,03,14,156
post: 24,08,13,03,02,02,02,06,34
pre:  164,421,203
post: 15,23,42
pre:  201,229
post: 44,57
pre:  274,63,295,46
post: 44,25,43,20
pre:  184
post: 43
pre:  113,90,265
post: 31,17,47
pre:  144,03,04
post: 23,02,03
Warning: No significant --clump results.  Skipping.
pre:  589,16,109,93,15
post: 44,08,23,20,04
pre:  50,88,264,233
post: 10,21,22,23
pre:  125,126,18,21,31
post: 34,15,06,07,12
pre:  100,180,111
post: 31,27,19
pre:  627,09,71,134
post: 51,05,16,17
pre:  75,56,178,31,80
post: 43,18,27,18,32
pre:  377,330
post: 47,42
pre:  544,237,602,64,206
post: 61,42,65,13,21
pre:  390,71,18,45,91,06,134,17
post: 31,23,10,13,17,05,14,08
Warning: No significant --clump results.  Skipping.
pre:  192,40
post: 41,14
pre:  52,39,43
post: 15,18,08
pre:  67,105,155
post: 28,34,38
pre:  239,64,34,14,40,24,90
post: 32,18,14,04,19,18,34
pre:  234,82,84,47,154,74,11,03,02,08,02,27,38,24
post: 40,18,31,13,18,21,08,03,02,05,02,08,07,06
pre:  352,126,14,65,108
post: 49,29,07,20,19
Warning: No significant --clump results.  Skipping.
pre:  332,118,116,152
post: 38,19,25,44
Warning: No significant --clump results.  Skipping.
pre:  504,43
post: 60,13
pre:  237,46,69,45,03,10,169,10
post: 34,09,25,13,02,06,23,05
Warning: No significant --clump results.  Skipping.
pre:  665,347,11,09,118,396
post: 62,40,04,03,15,25
pre:  412
post: 43
pre:  106,191,36,14
post: 23,21,09,07
pre:  130,16
post: 19,07
pre:  325,88,188,325,03,57
post: 61,25,35,26,03,28
pre:  477
post: 76
pre:  188,245,436,24
post: 25,25,44,09
pre:  859,324,25,719,163,331,133,171
post: 43,10,07,27,07,49,33,06
pre:  536,330,53,21,190
post: 48,47,19,10,21
pre:  98,66,67,129
post: 29,19,26,30
pre:  157
post: 38
Warning: No significant --clump results.  Skipping.
pre:  287,141,04
post: 34,39,03
pre:  22,319,92,69
post: 15,27,07,11
pre:  117,177,273
post: 23,20,22
pre:  268
post: 59
pre:  233,104,121,145
post: 37,31,22,43
pre:  394,341
post: 45,21
pre:  96,05,09,77,15,02
post: 15,02,02,16,03,02
pre:  144,116
post: 23,30
pre:  130,194,24,53,103,277,16,100
post: 19,30,03,07,19,27,09,13
pre:  510,112,07
post: 56,11,03
pre:  411,188,131,02,15,95
post: 29,17,20,01,08,12
pre:  479
post: 50
Warning: No significant --clump results.  Skipping.
pre:  79,53,137,54,155
post: 24,16,39,24,28
Warning: No significant --clump results.  Skipping.
pre:  131,156,281
post: 19,27,35
pre:  534,41,155,67
post: 15,10,34,05
pre:  288,388,404
post: 50,66,40
pre:  171,245
post: 29,46
pre:  373,301,10
post: 43,30,06
Warning: No significant --clump results.  Skipping.
pre:  117,91
post: 39,29
pre:  526,45,159
post: 32,16,32
pre:  274
post: 32
pre:  143,218,127
post: 25,52,31
pre:  479,06,115,45,19,23,01,19
post: 61,03,20,11,06,10,01,11
pre:  193,42
post: 46,09
pre:  491,42,31,182,09,119,201
post: 37,16,10,29,05,08,32
pre:  177,40,153
post: 42,12,28
pre:  1831,1457,121,289,29,1001,201,394,05,162,288,53,40,30,91,138,27,73,570,09,03,45,14,166,274
post: 203,142,51,74,08,76,27,47,05,20,44,27,14,12,24,04,04,15,72,06,03,18,06,54,24
pre:  374,267,23,31,224,107,106,240,65,07
post: 54,32,13,09,23,09,14,33,08,06
pre:  14,213,109,02
post: 08,22,37,02
pre:  86,502
post: 18,43
pre:  17,115,85,37,11
post: 08,29,20,16,07
pre:  150,186,06
post: 42,39,02
pre:  586,69,1391,260
post: 121,32,213,58
pre:  290,117,22,122
post: 45,24,13,41
pre:  230,03,25
post: 41,03,16
pre:  31,95
post: 10,35
pre:  572,216,404,07
post: 37,33,36,05
pre:  100,29,243
post: 23,09,22
pre:  318,94,87,76,60,131
post: 29,18,18,18,13,22
Error in mcfork(detached) : 
  unable to fork, possible reason: Cannot allocate memory
Calls: with ... <Anonymous> -> .local -> <Anonymous> -> mcparallel -> mcfork
In addition: There were 50 or more warnings (use warnings() to see the first 50)
Execution halted
Error while shutting down parallel: unable to terminate some child processes
[Wed May 10 05:58:09 2023]
Error in rule MRLocus:
    jobid: 0
    output: /project2/mstephens/causalTWAS/simulations/simulation_ctwas_rss_20210416_compare/ukb-s80.45-adi_simu4-2.Adipose_Subcutaneous.mrlocus.result.batch_23
    shell:
        Rscript ~/causalTWAS/causal-TWAS/code/run_MRLocus_wc.R /project2/mstephens/causalTWAS/ukbiobank/ukb_LDR_s80.45/s80.45.2_LDR /project2/mstephens/causalTWAS/simulations/simulation_ctwas_rss_20210416/ukb-s80.45-adi_simu4-2.snpgwas.txt.gz /project2/mstephens/causalTWAS/GTEx_v7_all/Adipose_Subcutaneous.allpairs_processed.txt.gz /project2/mstephens/causalTWAS/fusion_weights/Adipose_Subcutaneous.pos /project2/mstephens/causalTWAS/simulations/simulation_ctwas_rss_20210416_compare/ /project2/mstephens/causalTWAS/simulations/simulation_ctwas_rss_20210416_compare/ukb-s80.45-adi_simu4-2.Adipose_Subcutaneous.mrlocus.result.batch_23 23 TRUE
        (one of the commands exited with non-zero exit code; note that snakemake uses bash strict mode!)

Shutting down, this might take some time.
Exiting because a job execution failed. Look above for error message
