Building DAG of jobs...
Using shell: /usr/bin/bash
Provided cores: 28
Rules claiming more threads will be scaled down.
Select jobs to execute...

[Tue May  9 20:06:31 2023]
rule MRLocus_noprune:
    input: /project2/mstephens/causalTWAS/ukbiobank/ukb_LDR_s80.45/s80.45.2_LDR, /project2/mstephens/causalTWAS/simulations/simulation_ctwas_rss_20210416/ukb-s80.45-adi_simu4-1.snpgwas.txt.gz, /project2/mstephens/causalTWAS/GTEx_v7_all/Adipose_Subcutaneous.allpairs_processed.txt.gz, /project2/mstephens/causalTWAS/fusion_weights/Adipose_Subcutaneous.pos
    output: /project2/mstephens/causalTWAS/simulations/simulation_ctwas_rss_20210416_compare/ukb-s80.45-adi_simu4-1.Adipose_Subcutaneous.mrlocus.result.noprune.batch_19
    jobid: 0
    wildcards: gwasname=ukb-s80.45-adi_simu4-1, weightname=Adipose_Subcutaneous, mrlocus_batch=19
    resources: mem_mb=7555, disk_mb=7555, tmpdir=/tmp/jobs/27382556

pre:  297,156,15,07,330,137
post: 22,26,07,05,48,24
Warning: No significant --clump results.  Skipping.
pre:  01,02
post: 01,02
pre:  510,111,42
post: 44,31,15
pre:  97,39,74,58,14,01,48,06
post: 33,07,09,19,04,01,27,02
pre:  400,56
post: 38,19
pre:  167,259,05
post: 30,32,03
Warning: No significant --clump results.  Skipping.
pre:  125,24,09
post: 37,09,05
pre:  87
post: 31
pre:  108,55,23,07,102,35
post: 33,24,05,05,22,11
pre:  113,138
post: 29,34
pre:  613,127,75,169,176,13,76
post: 66,17,25,28,23,05,10
pre:  141
post: 26
pre:  201
post: 32
pre:  302,280
post: 40,53
pre:  204,56
post: 59,13
pre:  446,300,12,07,114,313
post: 45,16,05,05,10,25
pre:  145,49,79,32,07,35,57,39
post: 25,10,12,19,06,14,27,11
pre:  284,130
post: 42,26
pre:  109,100
post: 27,17
pre:  92
post: 31
pre:  171,72,539
post: 45,13,46
pre:  117,264,04,103
post: 37,39,04,27
pre:  108
post: 28
pre:  327,42,180
post: 59,20,36
pre:  172,262,130,139
post: 31,27,29,19
pre:  44,11,134,123,14,08,08,21
post: 25,08,19,35,07,07,08,06
pre:  504,63,81,13,114,24,114
post: 89,19,15,09,17,04,18
pre:  136,08,118,33
post: 31,06,17,12
pre:  158,205,73,222,33
post: 34,30,24,49,13
pre:  916,741,501,280,51,76,55
post: 235,190,116,83,17,17,23
Warning: No significant --clump results.  Skipping.
pre:  204,233,526,09
post: 18,30,33,07
pre:  211,65,01,18,220
post: 50,06,01,03,72
pre:  389,211,127,198,36,17,40
post: 51,16,15,26,06,07,10
pre:  520,79
post: 51,12
pre:  256,517,63
post: 37,55,27
pre:  63,162
post: 19,23
pre:  347,68
post: 42,26
pre:  358,184,230
post: 24,22,23
pre:  187,49
post: 45,11
pre:  238,46
post: 36,31
pre:  249
post: 112
pre:  192
post: 31
pre:  149,29
post: 20,11
pre:  523
post: 71
pre:  105,12,157
post: 51,06,43
pre:  344,155,275,114
post: 57,29,36,37
pre:  129,92
post: 16,25
pre:  283,407,153
post: 47,60,24
pre:  198,285,93
post: 40,52,23
pre:  938,133,193,92,121
post: 67,30,27,08,18
pre:  401,204,31,19
post: 77,22,21,09
pre:  202,43,74,19,48
post: 18,18,17,07,12
pre:  55,14,25,21,65
post: 23,06,11,11,22
pre:  382,81,50,22
post: 48,19,12,10
pre:  441,305,251
post: 44,17,19
pre:  282,48,124
post: 59,12,15
pre:  148,125,178
post: 56,24,40
pre:  113
post: 22
pre:  137,224,102,31
post: 48,22,21,20
pre:  295,56
post: 36,16
pre:  472,22
post: 34,03
pre:  91,351,79,15
post: 20,28,16,07
pre:  154,01,08,29,19,68,31,03,91
post: 28,01,06,13,12,12,18,03,09
pre:  75,430,433
post: 16,74,64
pre:  284,170,208,47
post: 57,40,29,14
pre:  299,105,46,68
post: 40,22,14,26
pre:  441,258,217,15,28,293,04,56,23,13,05,14,06
post: 45,15,16,09,15,20,02,17,07,07,03,03,02
pre:  178,296,51,71
post: 20,50,16,25
There were 50 or more warnings (use warnings() to see the first 50)
[Wed May 10 00:53:28 2023]
Finished job 0.
1 of 1 steps (100%) done
