Building DAG of jobs...
Using shell: /usr/bin/bash
Provided cores: 28
Rules claiming more threads will be scaled down.
Select jobs to execute...

[Tue May  9 21:56:34 2023]
rule MRLocus:
    input: /project2/mstephens/causalTWAS/ukbiobank/ukb_LDR_s80.45/s80.45.2_LDR, /project2/mstephens/causalTWAS/simulations/simulation_ctwas_rss_20210416/ukb-s80.45-adi_simu4-2.snpgwas.txt.gz, /project2/mstephens/causalTWAS/GTEx_v7_all/Adipose_Subcutaneous.allpairs_processed.txt.gz, /project2/mstephens/causalTWAS/fusion_weights/Adipose_Subcutaneous.pos
    output: /project2/mstephens/causalTWAS/simulations/simulation_ctwas_rss_20210416_compare/ukb-s80.45-adi_simu4-2.Adipose_Subcutaneous.mrlocus.result.batch_24
    jobid: 0
    wildcards: gwasname=ukb-s80.45-adi_simu4-2, weightname=Adipose_Subcutaneous, mrlocus_batch=24
    resources: mem_mb=7556, disk_mb=7556, tmpdir=/tmp/jobs/27382790

pre:  144,487,598,12
post: 53,105,85,06
pre:  295,66
post: 17,13
pre:  2096,340,163,1724,206,776
post: 179,99,08,267,46,152
pre:  180,464,94,366,56,27,276,1186
post: 57,135,25,75,17,14,62,123
pre:  722,234,26,1186,66,1127,227,131,923
post: 135,60,12,252,20,117,54,23,149
pre:  45,957,1376,318,650,404,285,1697,266,124,167,418,201,337,832
post: 13,175,219,84,98,78,58,129,36,31,19,52,66,75,167
pre:  324,38,227
post: 29,15,48
pre:  1149,541,535,482,540,691,1516,491,340,56,414,89,330,340,408,158,170,175,81,32,69
post: 211,76,42,53,115,141,227,77,64,07,70,35,72,56,33,33,34,23,31,15,21
pre:  978,962,1200,983,105,113,989,56,502,406,138,61,70,11,74,15
post: 165,140,228,184,31,37,145,24,75,74,24,16,18,04,28,10
pre:  2158,993,799,552,308,140,364,458,335,103,85,261,15,12,06,96,59,51,172
post: 323,173,163,60,67,22,57,110,54,36,25,63,06,06,04,19,29,10,52
Warning: No significant --clump results.  Skipping.
Warning: No significant --clump results.  Skipping.
pre:  448,1391,114,1035,997,454,626,277,72,200,429,14,386,125,451,58,52,39,141,100,32,34
post: 70,302,34,171,175,50,92,89,27,53,70,06,68,24,46,14,17,09,10,22,10,07
Error in mcfork(detached) : 
  unable to fork, possible reason: Cannot allocate memory
Calls: with ... <Anonymous> -> .local -> <Anonymous> -> mcparallel -> mcfork
In addition: There were 50 or more warnings (use warnings() to see the first 50)
Execution halted
Error while shutting down parallel: unable to terminate some child processes
[Wed May 10 07:40:20 2023]
Error in rule MRLocus:
    jobid: 0
    output: /project2/mstephens/causalTWAS/simulations/simulation_ctwas_rss_20210416_compare/ukb-s80.45-adi_simu4-2.Adipose_Subcutaneous.mrlocus.result.batch_24
    shell:
        Rscript ~/causalTWAS/causal-TWAS/code/run_MRLocus_wc.R /project2/mstephens/causalTWAS/ukbiobank/ukb_LDR_s80.45/s80.45.2_LDR /project2/mstephens/causalTWAS/simulations/simulation_ctwas_rss_20210416/ukb-s80.45-adi_simu4-2.snpgwas.txt.gz /project2/mstephens/causalTWAS/GTEx_v7_all/Adipose_Subcutaneous.allpairs_processed.txt.gz /project2/mstephens/causalTWAS/fusion_weights/Adipose_Subcutaneous.pos /project2/mstephens/causalTWAS/simulations/simulation_ctwas_rss_20210416_compare/ /project2/mstephens/causalTWAS/simulations/simulation_ctwas_rss_20210416_compare/ukb-s80.45-adi_simu4-2.Adipose_Subcutaneous.mrlocus.result.batch_24 24 TRUE
        (one of the commands exited with non-zero exit code; note that snakemake uses bash strict mode!)

Shutting down, this might take some time.
Exiting because a job execution failed. Look above for error message
