Building DAG of jobs...
Using shell: /usr/bin/bash
Provided cores: 28
Rules claiming more threads will be scaled down.
Select jobs to execute...

[Tue May  9 21:56:34 2023]
rule MRLocus:
    input: /project2/mstephens/causalTWAS/ukbiobank/ukb_LDR_s80.45/s80.45.2_LDR, /project2/mstephens/causalTWAS/simulations/simulation_ctwas_rss_20210416/ukb-s80.45-adi_simu4-5.snpgwas.txt.gz, /project2/mstephens/causalTWAS/GTEx_v7_all/Adipose_Subcutaneous.allpairs_processed.txt.gz, /project2/mstephens/causalTWAS/fusion_weights/Adipose_Subcutaneous.pos
    output: /project2/mstephens/causalTWAS/simulations/simulation_ctwas_rss_20210416_compare/ukb-s80.45-adi_simu4-5.Adipose_Subcutaneous.mrlocus.result.batch_14
    jobid: 0
    wildcards: gwasname=ukb-s80.45-adi_simu4-5, weightname=Adipose_Subcutaneous, mrlocus_batch=14
    resources: mem_mb=7555, disk_mb=7555, tmpdir=/tmp/jobs/27382789

pre:  143,132,277
post: 22,18,42
pre:  409,335,92
post: 62,56,20
pre:  355
post: 26
pre:  200,86,56,25
post: 42,20,18,16
pre:  158,59,115,125,304
post: 39,17,34,24,70
pre:  162,297,22
post: 26,37,14
pre:  152,425,36,108,34,12,78,153
post: 32,48,17,11,11,06,14,12
pre:  250
post: 42
pre:  351,11,37,66
post: 62,05,13,12
pre:  114,857
post: 16,24
pre:  71,199,53,14,153
post: 28,35,19,07,21
pre:  255,08,178,170
post: 50,08,40,44
pre:  25,369
post: 07,39
pre:  292,16,328
post: 49,06,57
pre:  586,146,68,159
post: 96,23,11,38
pre:  116,118,134,44,106
post: 30,22,23,09,16
pre:  223,268,15,112
post: 49,25,08,17
Warning: No significant --clump results.  Skipping.
pre:  150,282,126,29
post: 41,30,24,19
pre:  72,61,187,18
post: 21,19,51,12
pre:  210,12,158,26,02,01
post: 51,10,51,07,02,01
pre:  32,57,32,21,120,52
post: 18,20,15,11,45,30
pre:  185,86,82,81
post: 65,26,23,23
pre:  143,226
post: 27,26
Warning: No significant --clump results.  Skipping.
pre:  466,146,64,42,09
post: 44,32,30,14,05
pre:  204,108,43,25,20
post: 68,31,12,17,10
pre:  132,09,42
post: 30,06,22
pre:  13,171,145,17,128
post: 08,24,22,09,34
pre:  255,72,46,97,28,01,87,99,05
post: 36,07,16,52,09,01,36,22,04
pre:  583
post: 58
pre:  22,42,147,115
post: 10,18,49,24
pre:  221,129,193,55
post: 39,20,18,15
pre:  85,17,48,12
post: 24,10,16,08
pre:  80
post: 14
pre:  119,110
post: 25,25
pre:  77,139,351,127
post: 15,34,62,15
Warning: No significant --clump results.  Skipping.
pre:  278,41
post: 47,16
pre:  344
post: 24
pre:  147,18,215,65
post: 32,08,38,21
pre:  124,91,52,55
post: 22,23,17,14
pre:  48,155,76,34
post: 28,19,10,14
pre:  126,318
post: 22,37
pre:  167,22,171,276
post: 19,07,25,32
pre:  308,168,31,61
post: 20,41,14,21
pre:  106,185,49,133,39,181,27
post: 28,45,26,26,17,31,15
pre:  62,55,42,153
post: 24,25,12,54
pre:  202,244,102,53
post: 28,57,16,24
pre:  53,102,258
post: 26,24,50
pre:  152,129,31,21
post: 27,29,10,11
pre:  299,58,31,32
post: 53,14,15,15
pre:  154,34,147,55
post: 33,10,21,20
pre:  242,961,543,100,59
post: 70,217,135,40,24
pre:  855,10,34,91,41,421,65,477
post: 201,07,17,24,24,122,11,112
pre:  114
post: 18
pre:  266,243,102,230
post: 17,24,26,25
pre:  666
post: 74
pre:  32,06,83
post: 05,01,04
pre:  299
post: 52
pre:  107,75,43,29,118,66
post: 23,19,24,13,28,14
pre:  71,82,83
post: 13,22,14
pre:  20,539,356,133,02,61,68,36
post: 11,68,49,17,02,32,16,06
pre:  251,147,10,118,430,287,142,921
post: 37,12,05,29,28,23,33,62
pre:  450,37,145,15,17,19,191
post: 58,09,24,08,06,09,31
pre:  152,350,61,19,24
post: 39,77,05,10,13
pre:  225,64,78
post: 33,13,33
pre:  111,28,70,76
post: 27,11,11,26
pre:  257,43,38,99,01,09,171,31,06
post: 56,04,07,25,01,05,29,09,04
pre:  160,02,105
post: 31,01,12
pre:  387,52,12
post: 77,13,09
pre:  269,119,123,62
post: 32,21,28,13
Warning: No significant --clump results.  Skipping.
pre:  134,103,31
post: 23,16,14
pre:  52,49
post: 19,17
pre:  261,25,101
post: 31,17,28
pre:  159,09
post: 27,07
pre:  176,37,380,115
post: 49,20,96,43
pre:  214,89
post: 47,10
pre:  641,266,09
post: 53,22,06
pre:  59,75,185,91
post: 26,23,21,15
pre:  495,130
post: 52,19
pre:  639,84,31,85
post: 59,22,13,31
pre:  400,223,78
post: 44,59,21
pre:  69
post: 25
pre:  110,32,48,71,38
post: 45,08,23,20,14
pre:  284
post: 74
pre:  211
post: 61
pre:  247,30,117,59,104,21
post: 68,17,30,16,35,09
pre:  79,414
post: 21,71
pre:  66,11
post: 14,07
pre:  229,57
post: 32,16
pre:  330,27
post: 32,10
pre:  393,04,07,106
post: 63,02,04,24
pre:  154,193,15
post: 44,17,08
pre:  116,11,81,351,370,141,113
post: 28,08,21,27,42,20,20
pre:  269,59,10
post: 37,27,06
pre:  460,11,181,90,13,120
post: 44,04,23,14,08,29
pre:  336,45,203
post: 46,10,46
pre:  219,152
post: 39,33
pre:  265,126,93,82,11,34,135
post: 63,27,13,17,08,17,30
pre:  291,138
post: 44,37
pre:  489,48
post: 59,21
pre:  271,139
post: 60,53
pre:  54,176,41
post: 13,30,09
pre:  38
post: 12
pre:  140,01,02,117
post: 22,01,01,18
pre:  85,49,55
post: 17,15,17
pre:  392,192,33
post: 43,32,09
pre:  783
post: 25
pre:  374,452
post: 30,40
pre:  630,118
post: 34,16
pre:  918,59,568,07,134,19,165,185,132
post: 92,25,61,06,27,08,15,19,39
Warning: No significant --clump results.  Skipping.
pre:  150,59,25
post: 32,12,10
pre:  08,166
post: 04,38
pre:  261,271,32,145,215,189
post: 48,31,07,19,29,20
pre:  513,209,131,145,10,217
post: 76,26,27,45,05,30
pre:  214,35,57,71,249,67,54
post: 43,08,12,09,52,22,14
pre:  28,15,110,191
post: 13,10,23,33
pre:  180
post: 24
pre:  230,268,49,39,272,19,11,34,35,38,57,42,44
post: 53,45,16,19,44,04,08,16,19,05,23,11,19
pre:  1129,144,19,315
post: 104,37,06,43
pre:  848,80,04
post: 85,06,04
pre:  538,772,69,161,105,14
post: 70,79,29,25,20,02
pre:  150
post: 31
pre:  243,529,59,163,12
post: 26,62,16,43,04
pre:  12,06,57
post: 05,05,08
pre:  269,133,15
post: 40,19,07
pre:  58,55,164,49
post: 04,18,30,19
pre:  74,77,175,01,05,147
post: 19,16,36,01,05,28
pre:  188,02
post: 33,02
pre:  104,29,83
post: 27,12,19
pre:  297,441,63,24,440,05
post: 35,35,19,06,31,05
pre:  100,165
post: 18,38
pre:  306,155,437
post: 22,34,35
pre:  245,07,01,58
post: 27,07,01,16
pre:  227
post: 20
pre:  101,106,143,01,179
post: 29,10,25,01,09
pre:  345,350,33,150,25,06
post: 55,53,13,26,07,06
pre:  109,82,01,33,61,40,41,115
post: 37,25,01,17,21,11,13,24
pre:  218,100
post: 85,27
pre:  211,68
post: 33,06
pre:  140,49,79
post: 53,14,27
pre:  51,04,05,50
post: 11,03,05,21
pre:  289
post: 17
pre:  677,24,11,09,02
post: 48,16,05,04,01
pre:  309,33,81,34
post: 20,20,17,12
pre:  306,82,152,58,33,05,464
post: 36,31,39,17,15,05,81
pre:  105,162
post: 24,28
pre:  585,380,100,08,77
post: 55,61,12,05,30
pre:  192,49
post: 38,25
pre:  17,111,183,238,17,118
post: 05,36,45,55,11,20
Warning: No significant --clump results.  Skipping.
pre:  134,243,144,157
post: 46,38,15,39
pre:  416,239,182,03,04,169,10,05,26,06,53,04
post: 47,35,16,03,02,26,07,03,14,05,27,04
pre:  70,91,78,15,117,04
post: 21,21,28,11,27,03
pre:  275,320
post: 46,30
pre:  40,81,128,07,31,23,26,115
post: 18,25,41,05,11,11,12,33
pre:  209,64,187,85
post: 32,28,25,29
pre:  119,303
post: 31,77
pre:  224,59,154,158,299
post: 57,32,23,30,60
pre:  141,20,30
post: 25,10,05
pre:  270,37,13
post: 42,15,04
pre:  297,20,111,57,291,101,24,25
post: 54,07,24,18,29,26,12,12
pre:  110,29,77,16,70,32
post: 15,13,38,07,26,17
pre:  69,126,32,17,123,44
post: 35,57,13,09,38,12
pre:  129,137,273
post: 43,46,41
pre:  236,70,26,124
post: 23,10,16,33
pre:  150,588,100,34,24
post: 21,136,34,17,04
Error in mcfork(detached) : 
  unable to fork, possible reason: Cannot allocate memory
Calls: with ... <Anonymous> -> .local -> <Anonymous> -> mcparallel -> mcfork
In addition: There were 50 or more warnings (use warnings() to see the first 50)
Execution halted
Error while shutting down parallel: unable to terminate some child processes
[Wed May 10 08:40:09 2023]
Error in rule MRLocus:
    jobid: 0
    output: /project2/mstephens/causalTWAS/simulations/simulation_ctwas_rss_20210416_compare/ukb-s80.45-adi_simu4-5.Adipose_Subcutaneous.mrlocus.result.batch_14
    shell:
        Rscript ~/causalTWAS/causal-TWAS/code/run_MRLocus_wc.R /project2/mstephens/causalTWAS/ukbiobank/ukb_LDR_s80.45/s80.45.2_LDR /project2/mstephens/causalTWAS/simulations/simulation_ctwas_rss_20210416/ukb-s80.45-adi_simu4-5.snpgwas.txt.gz /project2/mstephens/causalTWAS/GTEx_v7_all/Adipose_Subcutaneous.allpairs_processed.txt.gz /project2/mstephens/causalTWAS/fusion_weights/Adipose_Subcutaneous.pos /project2/mstephens/causalTWAS/simulations/simulation_ctwas_rss_20210416_compare/ /project2/mstephens/causalTWAS/simulations/simulation_ctwas_rss_20210416_compare/ukb-s80.45-adi_simu4-5.Adipose_Subcutaneous.mrlocus.result.batch_14 14 TRUE
        (one of the commands exited with non-zero exit code; note that snakemake uses bash strict mode!)

Shutting down, this might take some time.
Exiting because a job execution failed. Look above for error message
