Building DAG of jobs...
Using shell: /usr/bin/bash
Provided cores: 28
Rules claiming more threads will be scaled down.
Select jobs to execute...

[Tue May  9 21:56:34 2023]
rule MRLocus:
    input: /project2/mstephens/causalTWAS/ukbiobank/ukb_LDR_s80.45/s80.45.2_LDR, /project2/mstephens/causalTWAS/simulations/simulation_ctwas_rss_20210416/ukb-s80.45-adi_simu4-5.snpgwas.txt.gz, /project2/mstephens/causalTWAS/GTEx_v7_all/Adipose_Subcutaneous.allpairs_processed.txt.gz, /project2/mstephens/causalTWAS/fusion_weights/Adipose_Subcutaneous.pos
    output: /project2/mstephens/causalTWAS/simulations/simulation_ctwas_rss_20210416_compare/ukb-s80.45-adi_simu4-5.Adipose_Subcutaneous.mrlocus.result.batch_15
    jobid: 0
    wildcards: gwasname=ukb-s80.45-adi_simu4-5, weightname=Adipose_Subcutaneous, mrlocus_batch=15
    resources: mem_mb=7555, disk_mb=7555, tmpdir=/tmp/jobs/27382793

pre:  269,70
post: 35,14
pre:  118,34
post: 35,15
pre:  220
post: 30
pre:  256,33,42,18
post: 35,16,14,10
pre:  401,54
post: 52,13
pre:  179,30
post: 33,11
pre:  86,44
post: 19,11
pre:  141,51,96,07
post: 41,15,23,06
pre:  338
post: 61
pre:  205,176
post: 31,18
pre:  384,09
post: 51,07
pre:  166,443,78,25,108,91,23
post: 21,74,25,16,15,30,14
pre:  52,434,221
post: 17,86,35
pre:  286,123,64,07,217,14
post: 70,40,39,06,40,07
pre:  252
post: 34
pre:  69,99,07,66,32
post: 39,29,04,22,15
pre:  37,94,116,05,59,38,02,19,23,08
post: 19,27,26,04,21,26,02,07,09,07
pre:  1145,207,131,130,140,455
post: 80,28,23,18,20,27
pre:  37,110,49,18,50
post: 20,21,13,09,09
pre:  161,273,68,25,52
post: 42,44,23,08,19
pre:  530,168,92,45,257,130,26
post: 76,50,14,20,52,22,15
pre:  530,178,345,35,79,10,29,107,41,65,26
post: 76,55,58,14,23,05,14,14,17,20,09
pre:  525,503
post: 111,58
pre:  114,05,01
post: 25,04,01
pre:  585,274,78,26,18,159
post: 118,39,31,09,13,41
pre:  305,203
post: 51,46
pre:  201,373,463,23,186,102,82,16
post: 67,74,48,06,43,21,20,08
pre:  280,466,216,213,15,16
post: 74,49,40,49,08,07
pre:  433,159,293,60
post: 44,39,72,21
pre:  816,574,101,384
post: 55,55,13,33
pre:  102,87,223,84
post: 39,26,26,20
pre:  94,60,47,07,32,16,50,171,56,53,17,61
post: 39,23,22,05,06,12,26,24,26,21,09,11
pre:  105,45,67,22,22
post: 29,16,22,15,13
pre:  711
post: 61
pre:  222,26,47
post: 66,13,24
pre:  82,115,08
post: 17,24,04
pre:  162
post: 33
pre:  50,284,121
post: 13,38,15
pre:  69,37,100
post: 20,19,41
pre:  248,42,18,21,26,19,15
post: 61,16,08,13,12,06,08
pre:  258
post: 31
pre:  194,34,41
post: 27,12,12
pre:  104,06,01,351,58,03
post: 25,05,01,40,17,03
pre:  64,48,57
post: 25,21,33
pre:  112,05,132,72,01
post: 15,03,29,17,01
pre:  55,40,341
post: 24,15,42
pre:  152,348
post: 27,59
pre:  321,114,145,86
post: 56,29,36,11
pre:  307,11,136,05,10,16,01,114,106
post: 61,07,35,05,08,13,01,25,18
pre:  326,145
post: 59,21
pre:  145,15,114,04
post: 15,06,33,02
pre:  125,85,138
post: 35,13,14
pre:  116,162
post: 22,17
pre:  312,20
post: 43,11
Warning: No significant --clump results.  Skipping.
pre:  443,235,24,63
post: 73,42,10,08
pre:  121,51
post: 16,17
pre:  243
post: 43
pre:  36,107,24,90
post: 17,22,05,23
pre:  107,31,26,44
post: 21,12,07,21
pre:  64,27,19
post: 24,07,08
pre:  186,25
post: 37,19
pre:  195,45,83,22,16,116,11
post: 49,18,16,11,08,39,04
pre:  69,85,53,139
post: 23,29,24,29
pre:  269,30,14,02,03,01,156,01
post: 60,14,11,02,01,01,11,01
pre:  115,306,66,79,259,103
post: 30,36,07,26,40,17
pre:  316,95
post: 33,25
pre:  280,283
post: 35,58
pre:  128,78,174
post: 35,07,35
pre:  90,120,37
post: 11,33,12
pre:  135,07
post: 39,05
pre:  129
post: 37
pre:  106,47,423,59,55,74
post: 31,08,46,14,25,13
pre:  226,22,267
post: 22,06,21
pre:  39,48,25,200,25
post: 17,16,11,39,13
pre:  75,229,27,06,14,17
post: 21,45,04,03,04,08
pre:  126,12,60,27,43
post: 32,09,19,07,18
pre:  03,125,345,182,253,34,125
post: 03,24,43,17,20,08,12
pre:  334
post: 28
Warning: No significant --clump results.  Skipping.
pre:  289,191
post: 83,36
pre:  163,178,02,16,96,14,103
post: 45,36,02,12,16,06,20
pre:  78,28
post: 29,15
pre:  404,80,121,76,23,11,17,45,148,104,14
post: 59,19,26,13,04,07,04,16,35,30,07
pre:  175,77,167,28,113,60,67,47
post: 48,21,30,12,17,23,10,04
Warning: No significant --clump results.  Skipping.
pre:  323
post: 37
pre:  60,04,04
post: 14,04,02
pre:  177,61,17
post: 26,18,07
pre:  177,27,10,22,52,48,69
post: 26,16,04,11,21,22,22
pre:  240,63
post: 34,28
pre:  81,143
post: 19,27
pre:  51,178,43
post: 11,35,08
pre:  111,35
post: 39,15
pre:  269,204,43,180,94,28,28
post: 32,46,20,38,21,13,20
pre:  196,95,31,279,139,36
post: 46,28,19,48,20,18
pre:  91,412,291,08
post: 15,31,34,05
pre:  461,267,193
post: 41,23,23
pre:  111,38
post: 29,18
pre:  65,223,233,139,86
post: 17,55,58,39,26
pre:  414,127
post: 63,49
pre:  171,37,55,53,30,01,92
post: 29,13,18,09,10,01,15
pre:  574,214,103,17,26,01
post: 84,51,30,06,11,01
pre:  63,169,93
post: 31,25,18
pre:  220,115,38,63
post: 52,34,08,28
pre:  211,134,73
post: 43,28,26
pre:  112,165,05
post: 29,58,03
pre:  232,40
post: 44,15
pre:  63,123,230
post: 19,27,38
pre:  131,160
post: 22,39
pre:  562,321,14
post: 57,72,11
pre:  149,184
post: 32,41
pre:  142,26
post: 24,13
pre:  348,140
post: 57,40
pre:  72
post: 08
pre:  177,248,44,02,86
post: 38,36,16,02,16
pre:  505,14,91
post: 48,03,14
pre:  69,250,59,23
post: 22,28,26,11
pre:  304,94,164
post: 37,28,14
pre:  245,86,195,15
post: 16,22,39,11
pre:  113,18,02,119,01
post: 22,08,02,19,01
pre:  197,29
post: 31,13
pre:  142
post: 18
pre:  346,484,141
post: 34,28,04
pre:  141,157,149,44
post: 28,34,20,06
pre:  32,105,306
post: 14,14,38
pre:  138,38,489,319,197
post: 28,17,58,22,37
pre:  262,118,215
post: 31,24,28
pre:  170,245,314
post: 22,40,66
pre:  40,79
post: 18,24
pre:  152
post: 37
pre:  127,30
post: 08,11
pre:  38,243
post: 12,37
pre:  39,107,102,124
post: 11,36,27,25
pre:  208
post: 45
pre:  130,62,03,63,105,45,19,25
post: 20,16,03,30,16,06,11,05
pre:  252
post: 19
pre:  55,99,190,76,128,157
post: 18,26,21,12,22,28
pre:  206
post: 25
pre:  61,118,258
post: 09,16,50
pre:  293,80
post: 36,03
pre:  223,66
post: 26,09
pre:  12,406
post: 03,43
pre:  186,297,28,115,24,125
post: 21,33,07,17,05,11
pre:  120,200,149,34,52,11,98,18
post: 14,34,15,19,22,09,21,10
pre:  191,133
post: 20,21
pre:  250,03,392,121,01,18,237
post: 20,02,28,10,01,08,29
pre:  178,37,09,75,272,85
post: 46,18,06,24,56,30
pre:  225,59,175,55,36,54,55
post: 43,21,34,14,19,17,11
pre:  105,28
post: 29,15
pre:  183
post: 38
pre:  165,99,122,123,47
post: 39,17,41,29,17
pre:  88,293,107,89,25,65
post: 28,27,23,25,13,21
pre:  138,34,50,138
post: 46,09,08,37
pre:  279,74,238,95,72
post: 37,29,31,11,16
pre:  686,607,59,239,143,77
post: 67,59,12,22,17,22
pre:  254
post: 42
pre:  213,135,88
post: 32,26,21
pre:  53,243,44,53,53,23
post: 23,40,18,13,07,10
pre:  201,108,144,66
post: 51,26,50,29
pre:  244,79
post: 42,37
pre:  184,30,24,10,32,135
post: 59,08,07,06,09,40
pre:  71,158,08
post: 25,22,05
pre:  593,67,51,91,64,01,15
post: 95,32,26,26,20,01,10
pre:  476,157,40
post: 51,18,13
pre:  84,162
post: 16,31
pre:  248,357,48
post: 54,68,18
pre:  765
post: 59
pre:  132,104
post: 31,22
pre:  236,92,225,134,87,155,160,295,31,47,128,38
post: 44,34,72,23,33,37,28,59,17,19,45,11
pre:  170,89,220,72,230
post: 47,19,27,20,87
pre:  95,216,280,44,104
post: 21,30,62,11,16
pre:  91
post: 22
pre:  313,103,236
post: 64,40,90
pre:  391
post: 58
pre:  254,312
post: 21,29
pre:  525,13,29,216,244
post: 54,07,04,25,31
pre:  54,59
post: 19,08
pre:  510,08
post: 37,08
pre:  184,107,10,23,04,59,50
post: 41,26,06,08,04,16,06
pre:  104,705,217
post: 34,34,35
pre:  111,122
post: 24,28
pre:  149,152,40,70
post: 32,26,11,16
pre:  645,217
post: 66,49
pre:  421,57,249,33
post: 56,13,29,15
pre:  737,88,120
post: 43,23,13
pre:  300,402,317,73,212,142
post: 36,47,20,24,26,19
pre:  75,181,23
post: 18,40,08
pre:  174
post: 10
pre:  131,56,244,05
post: 40,14,15,02
pre:  397,37,74,41,03,44
post: 88,22,29,05,03,05
pre:  168,25
post: 33,09
pre:  93,314,21
post: 14,65,05
pre:  215,19,333
post: 72,13,50
pre:  165,173,21
post: 56,25,08
pre:  103,524,13,53,85
post: 11,38,02,05,26
pre:  161,87,59
post: 14,14,07
