Building DAG of jobs...
Using shell: /usr/bin/bash
Provided cores: 28
Rules claiming more threads will be scaled down.
Select jobs to execute...

[Tue May  9 20:06:31 2023]
rule MRLocus_noprune:
    input: /project2/mstephens/causalTWAS/ukbiobank/ukb_LDR_s80.45/s80.45.2_LDR, /project2/mstephens/causalTWAS/simulations/simulation_ctwas_rss_20210416/ukb-s80.45-adi_simu4-1.snpgwas.txt.gz, /project2/mstephens/causalTWAS/GTEx_v7_all/Adipose_Subcutaneous.allpairs_processed.txt.gz, /project2/mstephens/causalTWAS/fusion_weights/Adipose_Subcutaneous.pos
    output: /project2/mstephens/causalTWAS/simulations/simulation_ctwas_rss_20210416_compare/ukb-s80.45-adi_simu4-1.Adipose_Subcutaneous.mrlocus.result.noprune.batch_6
    jobid: 0
    wildcards: gwasname=ukb-s80.45-adi_simu4-1, weightname=Adipose_Subcutaneous, mrlocus_batch=6
    resources: mem_mb=7555, disk_mb=7555, tmpdir=/tmp/jobs/27382554

pre:  56,153,313,05,190,22,190
post: 25,33,32,03,21,12,24
pre:  339,90,74
post: 51,16,18
pre:  279,154,65,117,105,62,20,28
post: 50,28,14,20,22,14,05,10
pre:  759,85,195,94,190
post: 68,09,30,21,31
pre:  328
post: 38
pre:  441,81
post: 62,17
pre:  192,30,129,31,127,82,06
post: 28,12,23,12,21,23,06
pre:  87,120,20,112
post: 35,39,11,21
pre:  539,273,98
post: 62,42,15
pre:  162,125,104,51,60,41
post: 43,25,24,09,21,08
pre:  123,49
post: 24,13
pre:  100,364
post: 29,38
pre:  206,209,346,202
post: 27,42,23,35
pre:  239,153,20
post: 44,32,07
Warning: No significant --clump results.  Skipping.
There were 50 or more warnings (use warnings() to see the first 50)
[Tue May  9 21:04:57 2023]
Finished job 0.
1 of 1 steps (100%) done
