Building DAG of jobs...
Using shell: /usr/bin/bash
Provided cores: 28
Rules claiming more threads will be scaled down.
Select jobs to execute...

[Tue May  9 21:56:34 2023]
rule MRLocus:
    input: /project2/mstephens/causalTWAS/ukbiobank/ukb_LDR_s80.45/s80.45.2_LDR, /project2/mstephens/causalTWAS/simulations/simulation_ctwas_rss_20210416/ukb-s80.45-adi_simu4-4.snpgwas.txt.gz, /project2/mstephens/causalTWAS/GTEx_v7_all/Adipose_Subcutaneous.allpairs_processed.txt.gz, /project2/mstephens/causalTWAS/fusion_weights/Adipose_Subcutaneous.pos
    output: /project2/mstephens/causalTWAS/simulations/simulation_ctwas_rss_20210416_compare/ukb-s80.45-adi_simu4-4.Adipose_Subcutaneous.mrlocus.result.batch_2
    jobid: 0
    wildcards: gwasname=ukb-s80.45-adi_simu4-4, weightname=Adipose_Subcutaneous, mrlocus_batch=2
    resources: mem_mb=7555, disk_mb=7555, tmpdir=/tmp/jobs/27382786

pre:  95,161,82,407,128,44
post: 23,24,09,73,24,12
pre:  80,294,31,40,28
post: 33,48,12,09,10
pre:  193
post: 27
pre:  410,04,18,04,19,88,01,30,53,15,03,01,42,02
post: 91,04,04,03,10,23,01,07,14,06,03,01,09,02
pre:  609,96,83,61,29,91,382,180,93,01,198,92,62,02,06,01,41,47
post: 97,14,17,18,06,14,70,10,23,01,21,09,14,02,03,01,08,08
pre:  54,224,09,246,33
post: 22,37,07,60,08
pre:  259,156,143,47
post: 58,20,34,10
pre:  87,345,36
post: 29,48,19
pre:  223,150,167,25
post: 35,56,63,11
pre:  239,390
post: 24,77
pre:  436,157,170,09
post: 44,30,25,03
pre:  114,483,109,38
post: 25,59,26,09
pre:  266,149,66
post: 52,29,20
pre:  538,127,275,56
post: 44,13,46,21
pre:  182
post: 40
pre:  98,20,153
post: 20,12,22
pre:  573,54,02,01,41,10,50,244
post: 57,19,01,01,10,07,13,46
pre:  189,465,105
post: 13,55,17
Warning: No significant --clump results.  Skipping.
pre:  186,161,111,121
post: 46,43,31,23
pre:  389,37
post: 76,12
pre:  615,38,70
post: 47,16,13
pre:  644,209,450,21,87,55
post: 56,12,48,08,18,12
pre:  55,37
post: 18,10
pre:  143,95,146,108,63
post: 44,13,49,13,27
pre:  28,94,163
post: 12,28,29
pre:  216,30,95,51
post: 26,08,29,10
pre:  254,79,17,161
post: 33,29,10,41
pre:  463,242,101,324,18
post: 39,18,13,36,08
pre:  543,257,337
post: 78,42,42
pre:  220,79,44,83,10,02,28
post: 50,21,05,29,05,02,14
pre:  124,11,56,03,98,35,05,08,13,141
post: 48,08,09,02,27,16,05,06,09,46
pre:  589,113,187,277
post: 51,15,16,50
pre:  177
post: 34
pre:  75,14,05
post: 38,12,05
pre:  188,154
post: 17,26
pre:  281,149,28
post: 49,32,10
pre:  130,45,265
post: 27,12,47
pre:  290,60,44
post: 52,13,10
pre:  239
post: 35
pre:  101,58,202,32
post: 20,21,21,16
pre:  253,22
post: 22,12
pre:  134,123
post: 30,27
Warning: No significant --clump results.  Skipping.
pre:  222,274,125,225,28,190,12
post: 55,51,40,38,11,29,07
pre:  690,250,90,03,07,31,01,57
post: 83,63,37,02,03,13,01,13
pre:  265,93,125,36,81,25,33,08,03,36,190,21,29,133,02
post: 63,13,26,19,16,07,04,06,02,03,42,10,11,31,01
pre:  84,92,307
post: 17,28,35
pre:  135,55,188,272
post: 41,20,48,72
pre:  612,322,147
post: 52,23,29
pre:  12,163,47,98,22,186
post: 05,81,22,30,06,60
pre:  90,66,143,106,12
post: 34,26,45,26,03
pre:  306,199,226,219,203
post: 29,29,29,24,33
pre:  101
post: 34
pre:  384,36,150,24
post: 43,10,38,10
pre:  119,122,21
post: 19,22,08
pre:  115,60,24,02
post: 36,12,10,02
pre:  47,54,32,140,16,36,29,136
post: 25,29,19,35,10,08,18,27
pre:  136,50,07
post: 26,13,07
pre:  384,61,36
post: 74,20,14
pre:  346,512
post: 39,56
pre:  160,221
post: 32,45
pre:  430,16,209,283
post: 52,10,27,26
pre:  325,390,195,217,97
post: 49,38,20,71,27
pre:  187,244,128,27
post: 32,43,38,12
pre:  703,356,64,80,75,40,34,216,02,10,29,273
post: 61,74,30,20,18,17,08,64,02,07,10,45
pre:  137,39,63,55,52,33,09,07,21
post: 36,09,30,28,27,22,08,07,09
pre:  65,09,47,67
post: 29,06,15,23
pre:  443,427,129,102,331,55,04,126,159
post: 70,39,09,20,25,11,03,28,21
pre:  208,95,15,24,41,66,51,72
post: 56,32,10,13,17,11,29,24
pre:  203,15,55
post: 24,08,14
pre:  155,15,80,25
post: 37,09,17,08
pre:  194,265,18,255,169
post: 30,34,06,41,31
pre:  191,28,66,42
post: 33,15,25,12
pre:  357,332,143
post: 25,41,25
pre:  216,77,25,277,47,03,307,102,28,01
post: 49,35,16,52,20,03,32,24,06,01
pre:  226,99,03,28,112,27,65,04
post: 38,10,02,09,26,13,19,04
pre:  524,1051,2073,386,343,196,332
post: 61,108,198,57,55,48,43
pre:  298,311
post: 38,24
pre:  344,47,51,39,81,33,86,25
post: 40,14,18,14,05,05,15,12
pre:  221,12,87,37,48
post: 33,08,25,13,10
pre:  88,119,37,18,76,180,89
post: 25,28,12,12,22,28,24
pre:  143,138
post: 38,30
pre:  495,381,50
post: 66,31,07
pre:  314,76
post: 37,36
pre:  278,216,42
post: 35,47,12
pre:  259,82
post: 64,27
pre:  125,184
post: 28,26
pre:  149,95,332,131,73
post: 42,09,52,19,27
pre:  801,98
post: 50,25
pre:  120,06,280,05
post: 31,05,49,04
pre:  204,121,61,48,46,55,149
post: 72,32,12,17,14,20,42
pre:  486,57,58
post: 43,08,22
pre:  34,76,18,20
post: 13,21,08,09
pre:  253,205,181,168
post: 47,18,29,33
pre:  579,111
post: 96,27
pre:  192,34
post: 17,17
pre:  201,05,76,28
post: 65,05,33,12
pre:  172,45,517,222,475
post: 34,21,14,10,47
Error in mcfork(detached) : 
  unable to fork, possible reason: Cannot allocate memory
Calls: with ... <Anonymous> -> .local -> <Anonymous> -> mcparallel -> mcfork
In addition: There were 50 or more warnings (use warnings() to see the first 50)
Execution halted
Error while shutting down parallel: unable to terminate some child processes
[Wed May 10 05:31:59 2023]
Error in rule MRLocus:
    jobid: 0
    output: /project2/mstephens/causalTWAS/simulations/simulation_ctwas_rss_20210416_compare/ukb-s80.45-adi_simu4-4.Adipose_Subcutaneous.mrlocus.result.batch_2
    shell:
        Rscript ~/causalTWAS/causal-TWAS/code/run_MRLocus_wc.R /project2/mstephens/causalTWAS/ukbiobank/ukb_LDR_s80.45/s80.45.2_LDR /project2/mstephens/causalTWAS/simulations/simulation_ctwas_rss_20210416/ukb-s80.45-adi_simu4-4.snpgwas.txt.gz /project2/mstephens/causalTWAS/GTEx_v7_all/Adipose_Subcutaneous.allpairs_processed.txt.gz /project2/mstephens/causalTWAS/fusion_weights/Adipose_Subcutaneous.pos /project2/mstephens/causalTWAS/simulations/simulation_ctwas_rss_20210416_compare/ /project2/mstephens/causalTWAS/simulations/simulation_ctwas_rss_20210416_compare/ukb-s80.45-adi_simu4-4.Adipose_Subcutaneous.mrlocus.result.batch_2 2 TRUE
        (one of the commands exited with non-zero exit code; note that snakemake uses bash strict mode!)

Shutting down, this might take some time.
Exiting because a job execution failed. Look above for error message
