Building DAG of jobs...
Using shell: /usr/bin/bash
Provided cores: 28
Rules claiming more threads will be scaled down.
Select jobs to execute...

[Tue May  9 20:06:31 2023]
rule MRLocus_noprune:
    input: /project2/mstephens/causalTWAS/ukbiobank/ukb_LDR_s80.45/s80.45.2_LDR, /project2/mstephens/causalTWAS/simulations/simulation_ctwas_rss_20210416/ukb-s80.45-adi_simu4-1.snpgwas.txt.gz, /project2/mstephens/causalTWAS/GTEx_v7_all/Adipose_Subcutaneous.allpairs_processed.txt.gz, /project2/mstephens/causalTWAS/fusion_weights/Adipose_Subcutaneous.pos
    output: /project2/mstephens/causalTWAS/simulations/simulation_ctwas_rss_20210416_compare/ukb-s80.45-adi_simu4-1.Adipose_Subcutaneous.mrlocus.result.noprune.batch_22
    jobid: 0
    wildcards: gwasname=ukb-s80.45-adi_simu4-1, weightname=Adipose_Subcutaneous, mrlocus_batch=22
    resources: mem_mb=7555, disk_mb=7555, tmpdir=/tmp/jobs/27382552

pre:  223,45,67,166,299,193,49,14,04,100
post: 41,16,21,39,44,26,12,06,02,15
pre:  234,28,266
post: 40,08,34
pre:  188,15,61,06,69
post: 35,03,28,04,14
pre:  158,87,207,43,39
post: 26,22,14,21,16
pre:  65,46,20,33
post: 18,08,14,13
pre:  28,49,96,52,02,91,36,38,126
post: 10,17,23,17,02,12,15,09,29
pre:  945,456
post: 95,54
pre:  110,169,158,86,48,22
post: 31,48,38,21,26,08
pre:  105,60,78
post: 25,13,15
pre:  164,16,230,55
post: 46,06,30,19
pre:  242,306,70,56,04,435,158,01
post: 38,21,17,17,03,29,32,01
pre:  490,92,215,187,476,119,855,60,64,06,01,330
post: 31,07,34,20,44,17,98,20,15,05,01,39
pre:  138,151,17,62,19
post: 23,26,03,22,11
pre:  68,30,54
post: 18,07,19
pre:  777,36,95,83
post: 75,15,09,27
Warning: No significant --clump results.  Skipping.
Warning: No significant --clump results.  Skipping.
pre:  407,44
post: 37,15
pre:  351,99,490,27
post: 42,22,25,08
pre:  362,279,101,19
post: 67,38,17,15
pre:  444,38
post: 46,10
pre:  306
post: 33
Warning: No significant --clump results.  Skipping.
pre:  350,548
post: 42,48
pre:  73,20,07,01
post: 26,04,05,01
pre:  103,02,59,15,14,02,14,09
post: 44,02,25,09,07,02,07,06
pre:  231
post: 35
pre:  267,159,30,03
post: 58,14,14,03
pre:  631,549,08,99,93,49,50
post: 50,54,05,12,10,07,09
pre:  359,133,56,137
post: 75,32,29,34
pre:  397,212,34
post: 40,44,09
pre:  86,14,119,27
post: 18,05,29,08
pre:  236,67,98,92,119,04
post: 50,13,16,20,29,04
pre:  165,16
post: 15,05
pre:  373,20,124,32,46,185,88
post: 43,07,33,08,13,54,22
pre:  225,202
post: 32,26
pre:  152,106
post: 31,09
pre:  67,07,09,08,13,44
post: 34,03,06,06,05,18
pre:  322
post: 42
pre:  420,27,51,149
post: 43,09,15,18
pre:  300,240,62,88,44
post: 38,28,16,18,08
pre:  78
post: 13
pre:  756,272,221,161,387,203
post: 80,29,32,23,40,25
Warning: No significant --clump results.  Skipping.
pre:  108,57,48,27,44,35,02,03
post: 37,15,17,11,19,15,02,03
pre:  346
post: 34
pre:  05,591,507
post: 05,25,30
pre:  87,03,42,07
post: 20,02,10,02
pre:  95,33,555,118
post: 14,04,53,18
Warning: No significant --clump results.  Skipping.
pre:  177,275,36
post: 27,33,18
pre:  350,73,46,76,48,34
post: 34,17,11,07,09,06
pre:  154,03,23,01,157,02,96,133,02
post: 27,02,14,01,19,01,05,18,02
pre:  93,147,55
post: 18,30,30
pre:  16,153
post: 04,33
pre:  88,32
post: 20,11
pre:  414,34
post: 41,07
pre:  283,169,30,31,40,58,17
post: 50,35,17,07,09,08,10
pre:  472,81,168,477,64,02,277,211,243,104,18,65,56
post: 70,13,39,29,13,01,39,17,05,22,05,12,20
pre:  516,182,199,02,09,16,26,28,21,30
post: 49,28,30,02,05,04,05,06,07,10
pre:  156,70
post: 33,18
pre:  01,899,938
post: 01,67,58
pre:  280,288
post: 28,33
pre:  91,60,47,88
post: 11,11,15,13
pre:  2373,681,24,212,61,669,761,163,140,103
post: 201,59,12,65,29,58,77,59,18,26
pre:  58,153,52,25
post: 27,42,10,11
pre:  114,13,60,04,42,145
post: 31,05,15,01,15,18
pre:  25,69,36
post: 08,24,16
pre:  101
post: 17
pre:  104
post: 18
Warning: No significant --clump results.  Skipping.
pre:  138,40,28,20,19
post: 46,05,08,08,10
pre:  389,09,274
post: 41,06,53
pre:  201,66,46,64,39,93,10,110,33
post: 32,12,07,10,09,31,06,26,13
pre:  63
post: 13
pre:  218,130
post: 30,25
pre:  439,180,77,121,19,171,47,50,30,08,04
post: 50,26,15,14,03,33,08,15,09,03,03
pre:  74,68,327
post: 16,15,37
Warning: No significant --clump results.  Skipping.
pre:  166,28
post: 28,09
pre:  70,08
post: 29,08
pre:  108,101,81,207
post: 15,16,05,22
pre:  586,71,03
post: 76,08,03
pre:  103,23,06,06
post: 39,12,03,05
Warning: No significant --clump results.  Skipping.
pre:  673,362,218,59
post: 70,33,19,12
pre:  214,364,553,193
post: 29,19,19,09
pre:  255,169
post: 41,49
pre:  326,30,104,04,65
post: 39,07,25,03,15
pre:  575,366,442,90,674,97
post: 54,24,48,06,89,07
pre:  805,292,458,698,379
post: 54,25,41,61,34
pre:  173,139,22,29
post: 23,26,04,07
pre:  177,142,96,85,950,09,07,47,10,03,03,538
post: 43,11,06,13,64,07,06,07,06,02,02,21
pre:  55,160
post: 10,20
pre:  97
post: 21
pre:  950,584,245,172,353,186
post: 128,43,38,26,21,13
Warning: No significant --clump results.  Skipping.
pre:  36,49,28,56
post: 15,16,11,22
Warning: No significant --clump results.  Skipping.
pre:  136,39,262,106,319,291,248
post: 28,13,36,24,24,34,46
pre:  303,124,126,39,09,138
post: 36,38,15,09,07,36
pre:  915,244,08,95
post: 69,34,06,17
pre:  242,77
post: 47,17
pre:  375,65,12,114,135,09,120,95,14,71
post: 54,15,09,22,18,07,26,17,05,18
Warning: No significant --clump results.  Skipping.
pre:  382,47,17
post: 48,15,07
pre:  43,73,67
post: 22,21,26
pre:  375,353,39,49,82,162,182,79
post: 60,27,08,11,08,22,35,06
pre:  323,06,24,205,243,03
post: 43,03,11,35,25,02
pre:  319,409
post: 22,72
There were 50 or more warnings (use warnings() to see the first 50)
[Wed May 10 02:31:15 2023]
Finished job 0.
1 of 1 steps (100%) done
