Building DAG of jobs...
Using shell: /usr/bin/bash
Provided cores: 7
Rules claiming more threads will be scaled down.
Select jobs to execute...

[Sun Jun 18 15:47:28 2023]
rule MRLocus:
    input: /project2/mstephens/causalTWAS/ukbiobank/ukb_LDR_s80.45/s80.45.2_LDR, /project2/mstephens/causalTWAS/simulations/simulation_ctwas_rss_20210416/ukb-s80.45-adi_simu10-3.snpgwas.txt.gz, /project2/mstephens/causalTWAS/GTEx_v7_all/Adipose_Subcutaneous.allpairs_processed.txt.gz, /project2/mstephens/causalTWAS/fusion_weights/Adipose_Subcutaneous.pos
    output: /project2/mstephens/causalTWAS/simulations/simulation_ctwas_rss_20210416_compare/ukb-s80.45-adi_simu10-3.Adipose_Subcutaneous.mrlocus.result.batch_28
    jobid: 0
    wildcards: gwasname=ukb-s80.45-adi_simu10-3, weightname=Adipose_Subcutaneous, mrlocus_batch=28
    resources: mem_mb=7556, disk_mb=7556, tmpdir=/tmp/jobs/28038913

pre:  169,57,178,79
post: 40,12,50,28
pre:  414,71,67,86,40,17,114,63,116,05
post: 74,26,17,28,07,08,24,17,42,05
Warning: No significant --clump results.  Skipping.
pre:  277
post: 55
Warning: No significant --clump results.  Skipping.
pre:  419
post: 28
pre:  137
post: 26
pre:  25,62,62,219,36
post: 13,21,18,37,21
pre:  68,139,41
post: 22,22,24
pre:  386,70,96
post: 26,20,22
pre:  305,22
post: 48,07
pre:  449
post: 36
pre:  568,85,110
post: 69,24,12
pre:  484,145,48,400,01
post: 57,25,23,33,01
pre:  382,18,72
post: 42,08,08
pre:  301,470,238,33
post: 74,76,62,21
Warning: No significant --clump results.  Skipping.
pre:  60,25,18
post: 16,08,06
Warning: No significant --clump results.  Skipping.
Warning: No significant --clump results.  Skipping.
Warning: No significant --clump results.  Skipping.
pre:  205,63,45,39,12,69,61
post: 49,24,22,16,04,09,14
pre:  59,14,191
post: 11,03,35
pre:  541,338
post: 37,28
Warning: No significant --clump results.  Skipping.
Warning: No significant --clump results.  Skipping.
pre:  88,336
post: 12,49
pre:  138,51,128,142
post: 31,16,16,30
pre:  285,130,166,29
post: 53,12,08,10
Warning: No significant --clump results.  Skipping.
Warning: No significant --clump results.  Skipping.
pre:  285,145,97,84
post: 51,38,24,29
pre:  106,48,21,04
post: 16,07,10,01
pre:  185,11,77,204
post: 20,06,15,38
pre:  278,53,06,105,19,176
post: 48,13,03,14,09,37
Warning: No significant --clump results.  Skipping.
pre:  53,49
post: 12,12
pre:  389,245,07,465,17,79
post: 77,39,06,50,12,14
pre:  25,33,03,33,115,71,58,97,135,122
post: 13,16,03,11,32,05,14,40,34,26
pre:  131,207,41,203,368,07
post: 22,36,09,32,53,04
pre:  75,152,43
post: 05,42,13
pre:  390,17,457,43,32
post: 78,12,66,09,10
pre:  141,90,134,223
post: 37,28,37,35
Warning: No significant --clump results.  Skipping.
pre:  106,109,38,26,48,87
post: 27,20,07,07,14,16
pre:  350,31,143,34,45
post: 42,19,04,03,25
pre:  68,05,80,191,22
post: 28,02,23,24,14
pre:  96,68
post: 15,18
Warning: No significant --clump results.  Skipping.
pre:  294,151,27,164
post: 63,34,13,33
pre:  23,09,174
post: 08,03,17
Warning: No significant --clump results.  Skipping.
pre:  167
post: 37
Warning: No significant --clump results.  Skipping.
Warning: No significant --clump results.  Skipping.
Warning: No significant --clump results.  Skipping.
pre:  431,62,81,105
post: 66,14,23,15
pre:  93,83
post: 16,23
Warning: No significant --clump results.  Skipping.
pre:  176,83
post: 26,18
pre:  127,96,225,66
post: 22,21,30,07
Warning: No significant --clump results.  Skipping.
Warning: No significant --clump results.  Skipping.
Warning: No significant --clump results.  Skipping.
Warning: No significant --clump results.  Skipping.
pre:  535,147,12,60,285,02,79
post: 44,17,08,14,30,02,17
Warning: No significant --clump results.  Skipping.
Warning: No significant --clump results.  Skipping.
Warning: No significant --clump results.  Skipping.
pre:  10,04,14,44,55
post: 06,02,09,04,23
pre:  120,41,147
post: 35,07,29
Warning: No significant --clump results.  Skipping.
pre:  292,53,190,73,06,10,146,41
post: 46,14,15,12,04,06,30,13
pre:  186,168,88,51,10
post: 20,30,16,11,08
pre:  246,83,311,248
post: 15,17,25,29
Warning: No significant --clump results.  Skipping.
Warning: No significant --clump results.  Skipping.
pre:  150,45,46,95
post: 30,09,21,17
Warning: No significant --clump results.  Skipping.
Warning: No significant --clump results.  Skipping.
pre:  989,1014,1193,1919,324,120,906,639,231,194,165,513
post: 165,128,260,142,77,27,134,97,30,22,43,50
Warning: No significant --clump results.  Skipping.
pre:  50,140,66,35,112,21,39,82
post: 13,33,13,25,34,11,05,23
pre:  363
post: 29
Warning: No significant --clump results.  Skipping.
Warning: No significant --clump results.  Skipping.
pre:  171,45,21,150,32,62
post: 53,14,08,37,11,28
Warning: No significant --clump results.  Skipping.
Warning: No significant --clump results.  Skipping.
pre:  160,208,86
post: 28,25,21
Warning: No significant --clump results.  Skipping.
Warning: No significant --clump results.  Skipping.
pre:  46,212,158
post: 12,36,29
pre:  197,126,276,05,61,101,68
post: 37,29,39,03,20,15,19
pre:  02,200
post: 02,30
pre:  278,17
post: 51,06
pre:  247,30,116
post: 30,12,16
pre:  772,324,428,320,29,52
post: 71,31,35,23,07,07
pre:  281,27,19,100
post: 35,10,10,33
pre:  142,120,115
post: 27,32,27
pre:  486,118,100,189
post: 60,13,17,35
pre:  106,09,162,457,33,159,06
post: 23,07,43,31,16,28,06
pre:  130,132,120,25,125
post: 47,34,21,13,21
pre:  1111,51,224,02,143,15,127,111,55,66,03,02,185
post: 99,17,24,02,33,08,24,28,19,23,03,02,28
pre:  105,17,164,54,157,582,43
post: 26,08,22,13,29,49,09
pre:  252,15,323,161,40,155
post: 40,02,72,27,15,44
pre:  621,26,77,31,21,105,193,277
post: 68,08,13,05,11,33,54,25
pre:  419,12,55,05,476,67,01,03,06
post: 39,08,10,04,23,14,01,02,06
Warning: No significant --clump results.  Skipping.
pre:  114,65,20,136,43
post: 32,23,13,45,15
pre:  249,73,564,78,150,62,20
post: 31,24,77,21,37,09,10
Warning: No significant --clump results.  Skipping.
pre:  400,617,101,135
post: 18,33,31,42
pre:  35,146,78,19
post: 11,36,20,07
Warning: No significant --clump results.  Skipping.
pre:  32,131,33,07
post: 11,52,10,05
Warning: No significant --clump results.  Skipping.
There were 50 or more warnings (use warnings() to see the first 50)
[Sun Jun 18 21:59:16 2023]
Finished job 0.
1 of 1 steps (100%) done
