Building DAG of jobs...
Using shell: /usr/bin/bash
Provided cores: 28
Rules claiming more threads will be scaled down.
Select jobs to execute...

[Tue May  9 20:06:31 2023]
rule MRLocus:
    input: /project2/mstephens/causalTWAS/ukbiobank/ukb_LDR_s80.45/s80.45.2_LDR, /project2/mstephens/causalTWAS/simulations/simulation_ctwas_rss_20210416/ukb-s80.45-adi_simu4-1.snpgwas.txt.gz, /project2/mstephens/causalTWAS/GTEx_v7_all/Adipose_Subcutaneous.allpairs_processed.txt.gz, /project2/mstephens/causalTWAS/fusion_weights/Adipose_Subcutaneous.pos
    output: /project2/mstephens/causalTWAS/simulations/simulation_ctwas_rss_20210416_compare/ukb-s80.45-adi_simu4-1.Adipose_Subcutaneous.mrlocus.result.batch_4
    jobid: 0
    wildcards: gwasname=ukb-s80.45-adi_simu4-1, weightname=Adipose_Subcutaneous, mrlocus_batch=4
    resources: mem_mb=7555, disk_mb=7555, tmpdir=/tmp/jobs/27382543

pre:  75,06,74
post: 22,03,16
pre:  51
post: 14
pre:  299,49,04,58,118,203
post: 51,12,03,21,15,48
pre:  172,270
post: 27,31
pre:  259,51,18,94
post: 36,14,09,27
pre:  324,16,42,268,83,09,107,31
post: 40,04,23,43,19,06,22,09
pre:  271,15
post: 30,07
pre:  320,67,121,05,79,01
post: 85,15,22,04,30,01
pre:  358,181,80
post: 76,58,27
pre:  570,130,135,82
post: 79,30,36,12
pre:  487,33,411,161
post: 22,06,46,40
pre:  234,146,55,105,52,110,197,68
post: 57,31,16,25,13,25,31,34
pre:  151,79,382
post: 33,23,29
pre:  76,50,02,376,65,07,271
post: 16,10,02,50,18,04,43
pre:  48,192,145,98,165,74,217
post: 14,57,42,26,33,06,50
pre:  172,69,119,78
post: 46,19,36,21
pre:  370,68,270,28,80
post: 74,23,46,13,10
pre:  300,71,77
post: 66,26,23
pre:  42,180,20,42,32
post: 13,59,15,04,02
pre:  250,79,06,148
post: 59,22,04,34
pre:  696,159,87
post: 56,39,23
pre:  250
post: 25
pre:  227,86,75
post: 30,17,26
pre:  369,106,417
post: 46,33,43
pre:  67,39,115,209
post: 25,11,37,65
pre:  127,55,187,72,108,28,26
post: 51,27,37,19,35,12,14
pre:  329,10,248,115,12
post: 38,05,40,18,06
pre:  136,196
post: 23,29
pre:  77
post: 17
pre:  312
post: 50
pre:  28,09,37
post: 07,07,19
pre:  327,274
post: 54,37
pre:  129,94,117
post: 17,14,24
pre:  67,121,26
post: 10,17,06
pre:  179,65,34
post: 18,10,16
pre:  606,07,128
post: 61,04,33
pre:  178
post: 14
pre:  261,71
post: 24,15
pre:  671,22,92,34
post: 64,10,20,06
pre:  362,45,03,28,83,22,13
post: 42,13,03,09,12,06,07
pre:  21,04,04,42,49,43
post: 08,02,03,18,30,10
pre:  363,131,14,12,27,176,02,16,10,62,135,34,303,07
post: 46,12,08,07,12,29,02,06,07,11,25,04,24,04
pre:  155,66,82
post: 37,20,19
pre:  86,157,144,15,25,110
post: 23,38,31,05,09,16
pre:  256
post: 45
pre:  915,174,442,311,47
post: 234,35,120,91,12
pre:  181,398,46,13
post: 28,34,16,08
pre:  83,59,236,43
post: 29,22,63,22
pre:  305,72,66,159,127
post: 34,14,21,38,13
pre:  108,232,60,42,199
post: 37,76,26,24,74
pre:  143,46,10,02,61,34,54
post: 55,32,05,02,26,17,18
pre:  50,144
post: 14,07
pre:  152,13,688
post: 48,08,110
pre:  148,20,156,24
post: 31,09,14,05
There were 50 or more warnings (use warnings() to see the first 50)
[Wed May 10 00:11:57 2023]
Finished job 0.
1 of 1 steps (100%) done
