Building DAG of jobs...
Using shell: /usr/bin/bash
Provided cores: 28
Rules claiming more threads will be scaled down.
Select jobs to execute...

[Tue May  9 20:06:31 2023]
rule MRLocus:
    input: /project2/mstephens/causalTWAS/ukbiobank/ukb_LDR_s80.45/s80.45.2_LDR, /project2/mstephens/causalTWAS/simulations/simulation_ctwas_rss_20210416/ukb-s80.45-adi_simu4-1.snpgwas.txt.gz, /project2/mstephens/causalTWAS/GTEx_v7_all/Adipose_Subcutaneous.allpairs_processed.txt.gz, /project2/mstephens/causalTWAS/fusion_weights/Adipose_Subcutaneous.pos
    output: /project2/mstephens/causalTWAS/simulations/simulation_ctwas_rss_20210416_compare/ukb-s80.45-adi_simu4-1.Adipose_Subcutaneous.mrlocus.result.batch_23
    jobid: 0
    wildcards: gwasname=ukb-s80.45-adi_simu4-1, weightname=Adipose_Subcutaneous, mrlocus_batch=23
    resources: mem_mb=7555, disk_mb=7555, tmpdir=/tmp/jobs/27382545

pre:  800,985,1065,344,669,125,785,843,66,937,107,1038,385,206,211,608,225
post: 103,104,176,43,103,43,103,166,33,126,28,76,43,41,63,32,57
pre:  1806,719,826,586,121,64,1329,746
post: 200,129,111,79,39,17,238,95
pre:  503,1176,757,1313,1321,225,183,779,218,94,588,230,98,411,149
post: 67,167,69,108,216,66,47,148,33,27,95,21,34,28,34
pre:  237,21,37,04
post: 49,07,13,03
pre:  25,121
post: 12,28
pre:  569,1722,116,1352,245,743,70,949,42,17,75,691,678,301,38,413
post: 114,206,19,285,34,71,30,144,17,06,10,141,41,37,21,56
pre:  1203,37,704,105,2344,1450,984,632,568,62
post: 251,20,124,38,224,218,152,111,97,13
pre:  290,130,341
post: 86,46,68
pre:  202,1206,589,257,925,1603,141,1498,606,689,71,63,276,117
post: 50,180,58,31,129,301,48,126,123,95,32,17,62,26
pre:  186,567,101,1616,1171,16,1415,1857,477
post: 48,112,33,129,106,07,249,287,40
Warning: No significant --clump results.  Skipping.
There were 50 or more warnings (use warnings() to see the first 50)
[Wed May 10 07:25:24 2023]
Finished job 0.
1 of 1 steps (100%) done
