Building DAG of jobs...
Using shell: /usr/bin/bash
Provided cores: 28
Rules claiming more threads will be scaled down.
Select jobs to execute...

[Tue May  9 21:56:34 2023]
rule MRLocus:
    input: /project2/mstephens/causalTWAS/ukbiobank/ukb_LDR_s80.45/s80.45.2_LDR, /project2/mstephens/causalTWAS/simulations/simulation_ctwas_rss_20210416/ukb-s80.45-adi_simu4-3.snpgwas.txt.gz, /project2/mstephens/causalTWAS/GTEx_v7_all/Adipose_Subcutaneous.allpairs_processed.txt.gz, /project2/mstephens/causalTWAS/fusion_weights/Adipose_Subcutaneous.pos
    output: /project2/mstephens/causalTWAS/simulations/simulation_ctwas_rss_20210416_compare/ukb-s80.45-adi_simu4-3.Adipose_Subcutaneous.mrlocus.result.batch_19
    jobid: 0
    wildcards: gwasname=ukb-s80.45-adi_simu4-3, weightname=Adipose_Subcutaneous, mrlocus_batch=19
    resources: mem_mb=7555, disk_mb=7555, tmpdir=/tmp/jobs/27382783

pre:  592,43
post: 66,10
pre:  93
post: 15
pre:  454,105
post: 52,17
pre:  199,170,123,10,99,51,28,10
post: 38,24,21,08,20,11,11,08
pre:  27,61,112,09,09
post: 09,27,34,05,04
pre:  449,230,236
post: 46,11,48
pre:  26,46,43
post: 10,08,08
Warning: No significant --clump results.  Skipping.
pre:  307,167
post: 45,26
pre:  360,365
post: 61,31
pre:  416,259,176,56,24,73
post: 82,30,46,22,15,16
pre:  116,114,69,51
post: 47,25,15,18
pre:  358,369,78,211
post: 50,34,27,43
pre:  58,45,15,215,01,35,49
post: 18,19,13,62,01,14,20
pre:  39,73
post: 13,13
pre:  342,05,50,35
post: 46,03,12,15
pre:  272
post: 53
Warning: No significant --clump results.  Skipping.
pre:  42
post: 12
pre:  274,37,34
post: 47,12,13
pre:  15,29,771
post: 13,22,92
pre:  271,78,207
post: 40,27,44
pre:  323,202,406,13
post: 36,16,55,07
pre:  100,259,90
post: 20,54,14
pre:  230,35
post: 36,11
Warning: No significant --clump results.  Skipping.
pre:  189,450
post: 21,45
pre:  73,160
post: 36,71
Warning: No significant --clump results.  Skipping.
pre:  173,260,152
post: 30,66,17
pre:  64,96,170,05
post: 18,23,30,03
pre:  414
post: 58
pre:  59,05,154,149,06,242
post: 24,02,13,25,06,26
pre:  221,55,30,29,258,399,408,26
post: 21,26,12,05,54,76,47,13
Warning: No significant --clump results.  Skipping.
pre:  196,229,125,60,142,128
post: 47,32,28,25,30,25
pre:  343
post: 35
pre:  652,397,105
post: 49,30,32
pre:  232,203
post: 37,37
pre:  309,156
post: 62,29
pre:  106,27,33,18
post: 32,11,22,12
pre:  358,85
post: 59,16
pre:  354,65,329,268,149,74
post: 27,08,52,41,17,26
Warning: No significant --clump results.  Skipping.
pre:  157,09,23,63
post: 36,05,04,15
pre:  129,105,109
post: 24,39,26
pre:  581,11,06,28,135,03,05,01,27
post: 23,06,05,11,25,03,04,01,17
pre:  211,77,15
post: 43,21,08
pre:  200,184,25,34,14
post: 40,22,09,15,03
pre:  377,119,95,76,130,10
post: 57,29,35,15,36,05
pre:  19,280
post: 06,42
pre:  63,89
post: 18,22
pre:  382,75
post: 53,13
pre:  330,186
post: 89,42
pre:  200,107
post: 29,22
pre:  67,63,93,30
post: 24,05,15,14
pre:  144,74,102,77
post: 42,45,32,15
pre:  765,197,165,145,235,108
post: 41,19,18,29,38,20
Warning: No significant --clump results.  Skipping.
pre:  270,22
post: 67,15
pre:  209,116
post: 26,35
pre:  417,488
post: 74,44
pre:  229,17,76,127
post: 40,08,23,24
pre:  87,114,28,100,22,137
post: 32,18,11,21,09,11
pre:  181
post: 22
pre:  478,119
post: 61,41
pre:  187
post: 40
pre:  196,283,54
post: 24,47,15
pre:  158,03,08
post: 34,02,05
pre:  908,395,94,489,28,268,162
post: 75,62,10,36,08,27,22
pre:  226,71,90,58,53,47,29,20,16,45,82,01
post: 43,23,30,21,22,13,13,13,05,18,28,01
pre:  70,183,17
post: 27,30,12
pre:  507,09
post: 53,06
pre:  93,51,208,16
post: 25,20,50,07
pre:  32,02,24,252
post: 10,02,10,44
pre:  121,49
post: 22,17
pre:  105
post: 22
pre:  140,77,35,36,121,114
post: 31,16,10,23,19,28
pre:  323,183
post: 57,20
pre:  172,139,70
post: 46,20,27
pre:  210,236,40,78,03
post: 44,53,13,19,02
pre:  326,102,270,81,240
post: 63,23,55,24,32
pre:  347,366,156,05,07,07,02
post: 69,61,39,05,05,07,02
pre:  78,415,65,36,42
post: 33,55,24,16,20
pre:  1023,733,513,149,111,172,08
post: 30,75,15,11,19,04,06
pre:  253
post: 38
pre:  198,05
post: 42,03
pre:  282,170
post: 50,26
pre:  48,189,102
post: 12,30,20
pre:  153,119
post: 20,27
pre:  19,73
post: 11,25
pre:  195,193,07,168
post: 35,55,07,36
pre:  197,68,190,353
post: 33,27,28,42
pre:  209
post: 38
pre:  200,37,383
post: 39,17,46
pre:  1039,217
post: 75,31
pre:  432,28,03,99
post: 79,05,01,09
pre:  15,338,26,29,09
post: 05,68,09,06,06
pre:  209,310,181
post: 20,57,33
pre:  244,315,17,159,12,86,160
post: 37,24,09,21,08,13,27
pre:  286,140,71,70,25,07,06,119
post: 36,26,17,26,09,02,05,41
pre:  197,241,68,90
post: 39,35,17,10
pre:  360,78,104,60,22,218,37
post: 79,33,38,22,12,55,12
pre:  456,119,92
post: 71,35,27
pre:  87,16,38,39,83,07
post: 24,06,14,12,17,04
pre:  463,44,92,99
post: 59,14,26,28
pre:  305,72,38
post: 73,26,08
Warning: No significant --clump results.  Skipping.
Warning: No significant --clump results.  Skipping.
pre:  161,25,50
post: 36,13,16
Warning: No significant --clump results.  Skipping.
pre:  224,1070,40,103
post: 71,296,17,30
pre:  75
post: 31
pre:  247,29,408
post: 41,11,27
pre:  222,155,25
post: 30,38,04
Warning: No significant --clump results.  Skipping.
pre:  129,62,111,78,64,132,263,19,103,30,19,29
post: 46,27,37,31,35,47,54,08,25,17,03,22
pre:  435,29,62
post: 30,07,27
pre:  04,83,116,186,79,60,86
post: 03,21,22,44,17,10,10
pre:  263,214
post: 49,45
pre:  234,97,02,79
post: 49,22,02,31
pre:  236
post: 36
Warning: No significant --clump results.  Skipping.
pre:  104,30,24,37
post: 32,09,05,12
pre:  201,305,76,11,85,176,107
post: 40,56,30,07,31,57,17
pre:  161,160,142,77
post: 28,36,18,22
pre:  505,04,06,72,01
post: 40,03,03,19,01
pre:  221,117,01
post: 41,33,01
pre:  476,162,26
post: 42,48,12
pre:  363,252,15
post: 35,43,11
pre:  160,06,09,77,127,03
post: 23,04,05,22,16,03
pre:  392,16,24,04
post: 55,05,07,03
Warning: No significant --clump results.  Skipping.
pre:  247,26,64
post: 18,09,16
pre:  59,21
post: 14,14
pre:  95,147
post: 26,34
pre:  257,51,119,01,19
post: 43,18,20,01,06
pre:  569,101,387,86
post: 36,19,34,36
pre:  14,120,14
post: 06,23,10
pre:  179,102
post: 37,13
pre:  589,62,38
post: 46,11,05
pre:  93
post: 30
pre:  14,251,19
post: 05,33,13
pre:  106,25,70
post: 24,14,16
pre:  113,63,36,23,43
post: 29,10,15,09,20
pre:  172,31
post: 27,14
pre:  301,29
post: 35,11
pre:  30
post: 11
pre:  122,66,147,21,40
post: 27,14,29,05,10
pre:  289,89,83,88,55
post: 45,37,24,42,22
pre:  164,137,88
post: 31,34,27
pre:  321,81,01,85,301,112
post: 27,10,01,23,44,26
pre:  31,16,50,135
post: 13,03,16,30
pre:  2277,225,60,12,07,167,34,17,35,04,36,07,07,08,03,19,30,09
post: 50,38,10,06,05,34,16,06,09,03,11,02,07,04,03,10,11,07
Warning: No significant --clump results.  Skipping.
pre:  367,76,105,201,521,96,35,76,93
post: 96,28,33,100,75,37,21,33,46
pre:  87,03,61,128
post: 22,03,22,22
pre:  617,42,11
post: 57,11,09
pre:  286,585,10
post: 42,68,06
pre:  128,26,66,61,02,17,21
post: 40,12,17,20,02,07,08
pre:  115,16,15,100
post: 31,08,09,21
pre:  376,08,247,96,149
post: 55,05,58,19,14
pre:  553,122,139,20
post: 59,19,10,08
Warning: No significant --clump results.  Skipping.
pre:  229,100,148,98,55,13,25,06
post: 58,34,42,27,22,06,10,04
pre:  287,46
post: 35,07
pre:  269,88,373,117
post: 37,13,31,20
pre:  35,180,25
post: 08,55,12
Warning: No significant --clump results.  Skipping.
pre:  286,84
post: 42,13
pre:  308,45,85,106,07,48,23,07,102,08,83,05,93
post: 88,21,22,26,06,10,14,04,26,06,23,05,15
pre:  945
post: 93
pre:  510,55,299,51,54,51,138,17
post: 88,20,47,15,21,15,28,09
pre:  389,42
post: 87,11
pre:  424,229,211
post: 68,42,64
pre:  75,19,01,20,36,163,38
post: 23,14,01,10,15,79,12
pre:  90,107,66,114
post: 22,26,38,14
pre:  145,69,30,105,77
post: 37,13,15,31,24
Warning: No significant --clump results.  Skipping.
pre:  297,156,15,07,330,137
post: 22,26,07,05,48,24
Warning: No significant --clump results.  Skipping.
pre:  01,02
post: 01,02
pre:  510,111,42
post: 44,31,15
pre:  97,39,74,58,14,01,48,06
post: 33,07,09,19,04,01,27,02
pre:  400,56
post: 38,19
pre:  167,259,05
post: 30,32,03
Warning: No significant --clump results.  Skipping.
pre:  125,24,09
post: 37,09,05
pre:  87
post: 31
pre:  108,55,23,07,102,35
post: 33,24,05,05,22,11
pre:  113,138
post: 29,34
