Building DAG of jobs...
Using shell: /usr/bin/bash
Provided cores: 28
Rules claiming more threads will be scaled down.
Select jobs to execute...

[Tue May  9 21:56:34 2023]
rule MRLocus:
    input: /project2/mstephens/causalTWAS/ukbiobank/ukb_LDR_s80.45/s80.45.2_LDR, /project2/mstephens/causalTWAS/simulations/simulation_ctwas_rss_20210416/ukb-s80.45-adi_simu4-5.snpgwas.txt.gz, /project2/mstephens/causalTWAS/GTEx_v7_all/Adipose_Subcutaneous.allpairs_processed.txt.gz, /project2/mstephens/causalTWAS/fusion_weights/Adipose_Subcutaneous.pos
    output: /project2/mstephens/causalTWAS/simulations/simulation_ctwas_rss_20210416_compare/ukb-s80.45-adi_simu4-5.Adipose_Subcutaneous.mrlocus.result.batch_13
    jobid: 0
    wildcards: gwasname=ukb-s80.45-adi_simu4-5, weightname=Adipose_Subcutaneous, mrlocus_batch=13
    resources: mem_mb=7555, disk_mb=7555, tmpdir=/tmp/jobs/27382785

pre:  110,01,211
post: 22,01,39
pre:  64,46,40
post: 09,15,14
pre:  244,42,26,106,79
post: 44,12,05,29,34
pre:  234,46,134,163,13
post: 24,12,26,07,13
pre:  262,80,385,81
post: 33,08,26,13
pre:  136,23,153,225,123,205
post: 14,09,31,22,40,44
pre:  446
post: 60
pre:  353,30
post: 61,16
pre:  362,40
post: 65,17
pre:  557,118,388,224,12,15,73,13
post: 98,42,85,43,05,08,18,09
pre:  333,81,54,121,61
post: 53,13,12,22,18
pre:  41,117,49,153,97,152,51,33,39,44,101,33,153,74
post: 12,35,23,46,25,47,29,12,14,13,24,20,52,21
pre:  185,188
post: 48,44
pre:  57,71
post: 31,22
pre:  318,75,87,98,35,269
post: 71,20,21,18,12,24
pre:  314,124,57,04,95,36,27,75,86,92
post: 55,37,15,04,21,14,10,28,17,15
pre:  157,598,03,244,106,263,58
post: 28,63,03,58,23,22,19
pre:  657,260,323,151
post: 78,62,18,23
pre:  280,270,228,63,96
post: 41,55,27,06,20
pre:  133,209,306,32
post: 35,48,51,17
pre:  258,02,226,52,02,244,201,83,48,114,20,11
post: 47,02,24,19,02,24,47,21,13,18,11,06
pre:  51,99
post: 17,25
pre:  181,234,420,66
post: 32,26,45,15
pre:  293,122
post: 60,18
pre:  157,183
post: 35,41
pre:  187,14
post: 11,09
pre:  230,29,92,187,106,67,124,62,50
post: 101,24,39,79,43,30,42,18,21
pre:  331,11,106,135,25,55,51,42,12,120
post: 82,07,45,42,22,16,30,07,06,37
pre:  337,23,217,165,160
post: 52,06,15,22,31
pre:  132,41,42
post: 30,24,13
pre:  236,172,228,09,71
post: 57,49,28,07,17
pre:  59,66,180,64,154,08
post: 25,24,35,25,21,06
pre:  75
post: 11
pre:  242,41,131,77,107
post: 42,11,16,12,22
pre:  228,31,14,96,01,05,11
post: 56,08,06,28,01,04,09
pre:  589,283,51
post: 39,28,18
pre:  361,143,04,571,100,16,54
post: 48,27,04,64,25,09,16
pre:  234,63
post: 37,14
pre:  117,83,169
post: 23,31,40
pre:  191,124
post: 29,31
pre:  35,70,41
post: 16,22,08
pre:  248,65,15,40,62,26,86,01,36,23,11,09,58,13,28
post: 51,12,08,20,21,08,15,01,13,12,06,07,23,07,15
pre:  10,112,23,15,31,42,71
post: 08,26,04,05,06,09,25
pre:  110,109,142,06
post: 45,43,54,04
pre:  313,157,73,21
post: 55,26,39,11
pre:  93,67,57,91,06
post: 35,21,17,36,04
pre:  174,465,114,02
post: 31,58,16,02
pre:  172
post: 21
pre:  05,23,81
post: 03,10,31
pre:  212,07
post: 42,07
pre:  140,06,18
post: 15,03,07
pre:  186,54,26,24,57,148,38,211,03,66,44,20,102
post: 64,12,13,09,14,45,11,26,03,06,17,07,16
pre:  206,58,44,184,75,37,85,46
post: 66,15,16,48,23,10,23,21
pre:  142,167
post: 44,35
pre:  230,96,141
post: 29,26,36
pre:  70,20,03
post: 23,07,03
pre:  70,18
post: 23,10
pre:  69,96,148,07,28
post: 22,25,31,05,12
pre:  159,09,26
post: 22,03,05
pre:  191,180
post: 44,19
pre:  143
post: 24
pre:  171
post: 24
pre:  122,157
post: 28,51
pre:  126,158
post: 28,51
Warning: No significant --clump results.  Skipping.
pre:  149,91,35
post: 35,19,12
pre:  134,39,09,149
post: 29,08,04,53
pre:  120,212,16,144
post: 29,61,09,39
pre:  38,117,47
post: 16,25,11
pre:  393
post: 33
pre:  560,161,02,33
post: 55,22,02,16
pre:  116,33
post: 25,06
pre:  209,30,74,22,08,25
post: 43,07,15,07,03,09
pre:  292,247,174
post: 40,62,37
pre:  574,96
post: 60,30
pre:  308,09,447,61
post: 41,05,65,11
pre:  213,27,11,36
post: 31,09,02,10
pre:  461,30
post: 43,07
pre:  69,60,139,117
post: 22,27,41,26
pre:  80,215,08,55,10,13,119,111,20,01,242
post: 24,63,06,29,06,07,25,38,12,01,44
pre:  89,321,10
post: 35,37,04
pre:  80,10,180,81,109,08
post: 29,08,30,20,27,04
pre:  161,238,156
post: 37,59,28
pre:  260,254,222,230
post: 43,26,18,39
pre:  126
post: 21
pre:  271,15,55,20
post: 51,10,09,07
pre:  189,06,149
post: 30,05,35
pre:  189,06,06,79,27,227
post: 30,05,05,14,15,34
pre:  254,09,61,189,03,23,132,46
post: 28,04,14,30,01,03,37,19
pre:  393,450,247,141,01,33
post: 28,37,36,30,01,12
pre:  71,39,199
post: 09,20,40
pre:  559,927,364,67
post: 56,15,32,03
pre:  362,178
post: 27,29
pre:  68,38,35,43
post: 15,16,20,15
pre:  84,154,52,18,55,15,44,31,06,210,86
post: 30,28,23,11,24,04,21,07,02,14,21
pre:  356
post: 31
pre:  415,231,105
post: 28,27,26
pre:  26,10,69,169,114
post: 08,07,26,34,11
pre:  251,08
post: 19,06
pre:  200,49,09,04,10,24
post: 29,20,05,03,04,12
pre:  138,31
post: 28,17
pre:  316,09,97,72
post: 33,06,32,25
pre:  450,30,41
post: 38,04,11
pre:  86,32,20,91,24
post: 27,20,06,42,12
pre:  346,16,174,31
post: 64,09,32,10
pre:  54,61,161
post: 15,27,49
pre:  196,52,54
post: 23,10,20
pre:  129,65,08,19,59
post: 17,12,07,11,25
pre:  130,20,04,09
post: 18,12,04,06
pre:  36,207,159
post: 13,36,28
Warning: No significant --clump results.  Skipping.
pre:  138,01
post: 21,01
pre:  466,110,81,66,21
post: 88,14,26,15,15
pre:  195,34,49,72
post: 30,14,14,23
pre:  429,430,83,108,12,13
post: 37,65,30,35,09,05
pre:  208,280,248
post: 19,50,29
pre:  96
post: 16
pre:  43,157,132,115,60,61
post: 14,32,47,25,19,11
pre:  367,319,71,47,161
post: 37,23,20,10,22
pre:  440,43,01
post: 77,12,01
pre:  24,18,103
post: 12,05,28
pre:  177,115,101,39,24,01,168,24,88
post: 49,33,27,22,10,01,28,08,16
pre:  69,283,50
post: 19,57,20
pre:  153
post: 37
pre:  222,04,14,01
post: 36,04,13,01
pre:  211,215,30,155
post: 38,33,11,14
pre:  239
post: 34
pre:  99,87,219,129
post: 29,29,22,36
Warning: No significant --clump results.  Skipping.
pre:  104,25,44
post: 21,10,15
pre:  107,78
post: 32,15
pre:  358,28,289,274,139
post: 40,05,48,50,23
pre:  244,50,124
post: 56,31,25
pre:  77,06,59,152,72
post: 24,06,10,11,15
pre:  125,45,35
post: 24,15,18
pre:  175,11,100,07
post: 31,04,15,06
pre:  25,21
post: 17,09
pre:  190,170,42,105,122
post: 39,47,11,22,30
pre:  199,110,61
post: 40,31,20
pre:  62,297,13,139
post: 23,58,07,16
pre:  194,426,60
post: 35,56,27
pre:  137,44
post: 27,20
pre:  52,159
post: 21,40
pre:  88,149,55,50,134,105,11
post: 23,33,18,17,21,33,09
pre:  121,88,52
post: 31,15,07
pre:  106
post: 13
pre:  213,199,31
post: 65,40,12
pre:  262,321,102,14
post: 87,86,44,08
pre:  81,138
post: 19,41
pre:  102,30
post: 36,10
pre:  383,144,32
post: 56,16,08
pre:  101,116
post: 30,24
pre:  92,439,123,06,29,328
post: 17,51,26,02,07,54
pre:  33,472
post: 11,43
pre:  16,55,19,212,283
post: 09,11,11,64,31
pre:  273,36,01,44,02,65
post: 23,10,01,09,02,05
pre:  569,21,190,186
post: 41,13,30,21
pre:  90,172,106
post: 35,40,32
pre:  379,286,400,176,17
post: 71,48,49,25,14
pre:  558,37
post: 53,06
pre:  178,49,47,116,26,233,56
post: 39,19,23,33,12,54,08
pre:  71,211,253,51
post: 24,32,21,17
pre:  421
post: 41
pre:  411,37
post: 42,12
pre:  445,29,90
post: 45,08,35
pre:  169,170,406,112,191,98,116,82
post: 31,33,38,40,36,22,30,18
pre:  04
post: 03
pre:  212,476,109
post: 46,38,33
pre:  377,31,112
post: 57,16,54
pre:  280,154,77,63,117,85
post: 46,27,21,26,20,22
pre:  117,39,02,48,212
post: 43,18,02,16,45
pre:  455,174,14,107,30
post: 62,31,08,28,03
pre:  96,57
post: 19,12
pre:  177,105,123,14
post: 26,30,36,07
pre:  375,12,51
post: 47,11,22
pre:  59,33
post: 19,12
pre:  72,222,46,04,31,24,49,05,107
post: 22,44,16,04,17,13,10,05,25
pre:  39,50,119
post: 21,16,34
pre:  210,117,129,105,25
post: 47,22,28,40,03
Error in mcfork(detached) : 
  unable to fork, possible reason: Cannot allocate memory
Calls: with ... <Anonymous> -> .local -> <Anonymous> -> mcparallel -> mcfork
In addition: There were 50 or more warnings (use warnings() to see the first 50)
Execution halted
Error while shutting down parallel: unable to terminate some child processes
[Wed May 10 08:48:39 2023]
Error in rule MRLocus:
    jobid: 0
    output: /project2/mstephens/causalTWAS/simulations/simulation_ctwas_rss_20210416_compare/ukb-s80.45-adi_simu4-5.Adipose_Subcutaneous.mrlocus.result.batch_13
    shell:
        Rscript ~/causalTWAS/causal-TWAS/code/run_MRLocus_wc.R /project2/mstephens/causalTWAS/ukbiobank/ukb_LDR_s80.45/s80.45.2_LDR /project2/mstephens/causalTWAS/simulations/simulation_ctwas_rss_20210416/ukb-s80.45-adi_simu4-5.snpgwas.txt.gz /project2/mstephens/causalTWAS/GTEx_v7_all/Adipose_Subcutaneous.allpairs_processed.txt.gz /project2/mstephens/causalTWAS/fusion_weights/Adipose_Subcutaneous.pos /project2/mstephens/causalTWAS/simulations/simulation_ctwas_rss_20210416_compare/ /project2/mstephens/causalTWAS/simulations/simulation_ctwas_rss_20210416_compare/ukb-s80.45-adi_simu4-5.Adipose_Subcutaneous.mrlocus.result.batch_13 13 TRUE
        (one of the commands exited with non-zero exit code; note that snakemake uses bash strict mode!)

Shutting down, this might take some time.
Exiting because a job execution failed. Look above for error message
