Building DAG of jobs...
Using shell: /usr/bin/bash
Provided cores: 28
Rules claiming more threads will be scaled down.
Select jobs to execute...

[Tue May  9 20:06:31 2023]
rule MRLocus:
    input: /project2/mstephens/causalTWAS/ukbiobank/ukb_LDR_s80.45/s80.45.2_LDR, /project2/mstephens/causalTWAS/simulations/simulation_ctwas_rss_20210416/ukb-s80.45-adi_simu4-1.snpgwas.txt.gz, /project2/mstephens/causalTWAS/GTEx_v7_all/Adipose_Subcutaneous.allpairs_processed.txt.gz, /project2/mstephens/causalTWAS/fusion_weights/Adipose_Subcutaneous.pos
    output: /project2/mstephens/causalTWAS/simulations/simulation_ctwas_rss_20210416_compare/ukb-s80.45-adi_simu4-1.Adipose_Subcutaneous.mrlocus.result.batch_12
    jobid: 0
    wildcards: gwasname=ukb-s80.45-adi_simu4-1, weightname=Adipose_Subcutaneous, mrlocus_batch=12
    resources: mem_mb=7555, disk_mb=7555, tmpdir=/tmp/jobs/27382542

pre:  242,128
post: 27,30
pre:  732,190,16,06
post: 60,33,11,04
pre:  134
post: 39
pre:  218,16,35,311,23,687
post: 37,08,07,35,10,46
pre:  327
post: 54
pre:  83
post: 18
pre:  122,74,50,05,41,12,76,70,33
post: 30,17,14,03,09,03,26,16,25
pre:  203,19,37,61,02
post: 46,12,19,13,02
pre:  132
post: 27
pre:  32,37,50,62
post: 17,08,09,21
pre:  163,49
post: 28,19
pre:  53
post: 22
pre:  184,98
post: 45,22
pre:  358,73,90
post: 54,23,07
pre:  128,138,01
post: 27,39,01
pre:  37,137
post: 09,19
pre:  707,395,06,302,113
post: 70,46,06,16,08
pre:  07,01,252
post: 03,01,20
pre:  75,31,08
post: 25,08,06
pre:  236,194,20,12,65,10,02,13,323
post: 54,37,12,05,11,06,02,09,38
pre:  152,34,58,22
post: 39,14,18,05
pre:  975,19
post: 110,09
pre:  126,62
post: 16,13
pre:  46,52,53
post: 12,12,21
pre:  483,35,17
post: 45,11,07
pre:  200
post: 43
pre:  107,48,122
post: 46,17,21
pre:  263,14,191,158
post: 36,05,41,34
pre:  166
post: 13
pre:  58,47,26
post: 22,12,09
pre:  97,34,39,77,42,38,35,33,83,62
post: 35,14,11,21,08,07,17,09,08,12
pre:  164,182,111,31
post: 38,31,09,12
pre:  71,107
post: 10,20
pre:  172,118
post: 26,20
pre:  111,66
post: 25,24
pre:  611,12
post: 49,11
pre:  81,03,59
post: 33,02,16
pre:  42,36,213
post: 14,09,32
pre:  116,01
post: 27,01
pre:  684,07
post: 47,05
pre:  55,36
post: 09,14
pre:  446,86,119,117,407,212,595
post: 52,13,29,29,43,22,73
pre:  161
post: 31
pre:  206,32,193,33,41
post: 20,10,37,10,08
pre:  221,289,42,30,340
post: 36,43,17,08,45
pre:  30,114
post: 11,42
pre:  110,37
post: 28,18
pre:  159,29,113,95,52
post: 34,19,42,21,11
pre:  367,12,01
post: 46,10,01
pre:  720,07,117,37,09,27,25,270,90
post: 71,06,24,06,07,12,03,16,16
pre:  720,118
post: 71,25
pre:  195,213,10
post: 25,27,08
pre:  308,45
post: 50,20
pre:  445,173
post: 40,31
pre:  81,46,08
post: 20,18,06
pre:  102,239,59,11,96,18
post: 35,42,26,07,12,06
There were 50 or more warnings (use warnings() to see the first 50)
[Tue May  9 22:43:04 2023]
Finished job 0.
1 of 1 steps (100%) done
