Building DAG of jobs...
Using shell: /usr/bin/bash
Provided cores: 28
Rules claiming more threads will be scaled down.
Select jobs to execute...

[Tue May  9 21:56:34 2023]
rule MRLocus:
    input: /project2/mstephens/causalTWAS/ukbiobank/ukb_LDR_s80.45/s80.45.2_LDR, /project2/mstephens/causalTWAS/simulations/simulation_ctwas_rss_20210416/ukb-s80.45-adi_simu4-3.snpgwas.txt.gz, /project2/mstephens/causalTWAS/GTEx_v7_all/Adipose_Subcutaneous.allpairs_processed.txt.gz, /project2/mstephens/causalTWAS/fusion_weights/Adipose_Subcutaneous.pos
    output: /project2/mstephens/causalTWAS/simulations/simulation_ctwas_rss_20210416_compare/ukb-s80.45-adi_simu4-3.Adipose_Subcutaneous.mrlocus.result.batch_21
    jobid: 0
    wildcards: gwasname=ukb-s80.45-adi_simu4-3, weightname=Adipose_Subcutaneous, mrlocus_batch=21
    resources: mem_mb=7555, disk_mb=7555, tmpdir=/tmp/jobs/27382791

pre:  535,82,71,202,04
post: 95,25,27,49,04
Warning: No significant --clump results.  Skipping.
pre:  88,41,77,07,06,23
post: 33,05,15,04,03,03
pre:  299
post: 26
pre:  259
post: 59
pre:  31,16,93,112
post: 14,07,22,29
pre:  110,71
post: 27,24
pre:  197,76
post: 27,25
pre:  362,85
post: 53,32
pre:  240,247,136,36,21
post: 28,29,29,06,03
pre:  399,28,109,165
post: 44,18,28,25
pre:  212,151,185,65,326,46,148,229
post: 50,67,46,07,39,19,32,65
pre:  342,236,50,140
post: 61,54,26,34
pre:  231,11,45,28,04
post: 41,09,13,12,04
pre:  120,19,30,106,61,23,78,20,207,02
post: 36,09,14,08,17,11,18,08,30,02
pre:  46,38,15,59,11
post: 20,18,07,15,04
pre:  39,70,67,193
post: 19,28,16,20
pre:  858,342,240,84,18
post: 213,83,71,28,15
pre:  170,328,119
post: 24,42,24
Warning: No significant --clump results.  Skipping.
pre:  254,204
post: 46,32
pre:  137,92,02,08,03
post: 24,35,02,04,02
pre:  441,199,12,19,143,36
post: 42,27,06,07,26,08
pre:  321,143,27
post: 53,36,15
pre:  258
post: 48
pre:  48,06,131
post: 13,06,28
Warning: No significant --clump results.  Skipping.
pre:  110,64,41,117,199,105
post: 15,20,21,17,47,16
pre:  02,467
post: 02,39
pre:  436,178
post: 47,21
pre:  229,31,61,39,140,74
post: 84,12,11,22,42,31
pre:  177,09,150,89,06,27,87,06,32,27
post: 48,07,58,23,03,13,27,06,07,08
pre:  30,423
post: 15,59
pre:  267,192,33,04,259,142,35
post: 51,34,10,03,38,31,10
pre:  147,189
post: 24,39
pre:  548,81,261
post: 50,20,09
pre:  138,85
post: 26,14
pre:  152,180,104
post: 20,49,26
pre:  71,42,139,08,44,22,27
post: 24,13,38,05,18,16,15
Warning: No significant --clump results.  Skipping.
pre:  135,06,237,55,62
post: 27,03,60,18,14
Warning: No significant --clump results.  Skipping.
pre:  154,64,65,171,17
post: 33,16,16,26,07
pre:  136,36
post: 31,13
pre:  140,78,70
post: 28,21,21
pre:  568,124
post: 74,21
pre:  296,37,07
post: 33,11,03
pre:  186,38,01,07,98,26,35,04
post: 33,11,01,06,14,13,15,04
pre:  570,49,87
post: 66,22,34
Warning: No significant --clump results.  Skipping.
pre:  487,138,334,124
post: 76,50,52,40
pre:  331,25,322,132,03
post: 41,09,42,28,02
pre:  216,217,198,152,207,57,98,82,29,22,10,66,01,68,79
post: 47,52,36,29,28,25,25,14,12,14,05,22,01,22,24
pre:  74,213
post: 19,33
pre:  189,26,532,187,69,84,26,112,21
post: 51,08,84,35,22,10,12,14,11
pre:  45,88,101,12,84,46,64,70
post: 17,35,37,07,07,18,17,12
pre:  07,28,186,77
post: 07,15,46,27
pre:  418,117,92,104
post: 34,21,30,11
pre:  14
post: 09
Warning: No significant --clump results.  Skipping.
pre:  71,40,370,25,16,269,79
post: 16,06,82,15,10,37,28
pre:  40,219,40,44
post: 14,54,18,10
pre:  175,157,61,82,39
post: 32,35,12,30,08
pre:  375,53,129,37,72
post: 48,09,23,07,16
pre:  167
post: 27
pre:  360,223,07,48,37,31,23,137,120,31
post: 58,37,04,23,07,12,09,43,39,07
Warning: No significant --clump results.  Skipping.
pre:  271,23
post: 36,11
pre:  556,107,62,107,32
post: 96,20,11,25,04
pre:  92,48,36
post: 16,20,08
pre:  165
post: 28
pre:  105,36,116,381,13
post: 21,06,17,39,05
pre:  137
post: 21
pre:  143
post: 26
pre:  60,139,139,83
post: 12,25,26,14
pre:  259,01,23,23,03,161,01
post: 30,01,08,09,03,14,01
Warning: No significant --clump results.  Skipping.
pre:  145,184
post: 35,24
pre:  389,116
post: 45,20
Warning: No significant --clump results.  Skipping.
pre:  34,49,13,16
post: 07,11,06,06
pre:  161,174,311,03,124
post: 22,29,33,03,15
pre:  145,12,261,157
post: 36,06,71,27
pre:  596,18
post: 97,06
pre:  133,103
post: 37,26
pre:  113,02,107,24,23
post: 24,02,33,18,08
pre:  59,139,57,08
post: 24,44,20,05
pre:  99,50,44,03,50,109
post: 04,09,12,03,10,19
pre:  396,164
post: 59,19
pre:  261,142,22
post: 33,49,06
pre:  80,420,87,53
post: 17,52,29,20
pre:  200,03,85,70,109,149,96,31
post: 40,03,21,09,28,23,31,06
pre:  474,220
post: 54,40
pre:  287,40
post: 45,15
pre:  13,106,56
post: 11,22,12
pre:  38,530,280,108,332,126,37,125
post: 14,49,47,21,33,38,12,25
pre:  492,235
post: 38,37
pre:  113
post: 33
pre:  299,21,28
post: 53,07,09
pre:  99
post: 04
pre:  306,117,05
post: 54,19,03
pre:  48,262,31,107,77
post: 15,41,13,34,10
pre:  435,65,79,252,38,113,38,104
post: 51,21,10,42,07,25,12,18
pre:  84,94,126,05
post: 20,14,30,03
pre:  114,144,108,60
post: 26,46,43,11
pre:  588,135,38,65,361,172
post: 106,35,04,19,54,43
pre:  116,423,138,23
post: 29,43,23,11
pre:  138,81,161,15,25,82
post: 29,25,49,12,11,20
pre:  71,40,113,21
post: 16,06,25,12
pre:  222,23,140
post: 64,09,31
pre:  111
post: 22
pre:  215,139
post: 33,34
pre:  107,40
post: 30,15
pre:  35,31,28,52,22
post: 16,14,13,17,08
pre:  101,07,171,175
post: 21,05,27,28
pre:  280,455,60,117,66,135,32,09,236
post: 41,60,22,21,05,34,12,03,19
pre:  104,182,147
post: 13,31,22
pre:  220,402,82,333,84,139,198,56,22,112,82,53,05,11,101
post: 115,95,29,57,22,32,55,22,15,53,25,11,05,09,47
pre:  92,139
post: 26,49
pre:  59,186,21
post: 19,54,12
pre:  496,33,39,205
post: 56,12,15,48
pre:  612,85,270
post: 94,21,37
pre:  242,167,31
post: 35,20,07
pre:  228,47,398,178,73,30,30,46
post: 45,16,40,35,09,10,05,20
pre:  227,126,70,22,74,17,72,03,83
post: 67,22,26,06,24,08,21,03,20
pre:  42
post: 12
pre:  280,46
post: 43,09
pre:  216,112,90,147,32,92,21,01
post: 56,36,21,45,17,24,08,01
pre:  206,06,50,20,229
post: 47,06,10,10,46
pre:  139,48,42,71,81
post: 44,11,10,21,28
pre:  410,64,01
post: 68,15,01
pre:  283,68,98
post: 48,08,29
Warning: No significant --clump results.  Skipping.
pre:  145,54,30,63,01,152,79,41,43,230,04
post: 30,18,08,17,01,47,29,10,18,48,04
pre:  86,53
post: 20,07
pre:  89,32
post: 11,17
pre:  80,131,53,19
post: 10,21,17,12
pre:  109,161,58,100,65,119
post: 24,32,22,27,21,23
pre:  219,68,197,04,35,116,33
post: 42,15,18,02,12,18,12
pre:  224,572
post: 56,47
pre:  276,73,11,32
post: 43,28,05,09
pre:  50,84,44,32
post: 14,15,20,15
pre:  361,36,14,01,09,09,01,08,103,24,17,25
post: 48,13,05,01,06,02,01,04,24,07,08,09
pre:  2276,65,03,15,31,13,31,193
post: 62,13,03,07,07,07,07,40
pre:  38,381,186,257,122
post: 11,27,26,51,33
pre:  95,21,61,04
post: 28,08,23,03
pre:  334,244,462,459
post: 31,17,39,34
pre:  140,05,09,04
post: 16,03,07,04
pre:  50,20,22,94,36
post: 13,08,06,21,17
pre:  610,113,122,111,02,145,09,02
post: 78,13,30,41,02,28,05,02
pre:  499,338
post: 30,28
pre:  57,86,13,61,62
post: 14,35,07,37,34
pre:  800,41,08
post: 89,13,05
Warning: No significant --clump results.  Skipping.
pre:  362,43,43
post: 69,15,14
pre:  430,308
post: 34,21
pre:  566,655,222,04
post: 56,53,36,03
pre:  208
post: 29
pre:  205,54
post: 30,13
pre:  40,193
post: 19,47
pre:  125,122,23
post: 29,32,07
pre:  153,13
post: 30,06
pre:  28,35,07,96,37,04
post: 07,12,06,13,20,04
pre:  125,190,482,40,28,30
post: 54,59,70,17,17,18
pre:  136,311,174
post: 16,37,19
pre:  375,161,10,100,95
post: 23,42,07,51,31
Error in mcfork(detached) : 
  unable to fork, possible reason: Cannot allocate memory
Calls: fitSlope ... <Anonymous> -> .local -> <Anonymous> -> mcparallel -> mcfork
In addition: There were 50 or more warnings (use warnings() to see the first 50)
Execution halted
Error while shutting down parallel: unable to terminate some child processes
[Wed May 10 08:24:55 2023]
Error in rule MRLocus:
    jobid: 0
    output: /project2/mstephens/causalTWAS/simulations/simulation_ctwas_rss_20210416_compare/ukb-s80.45-adi_simu4-3.Adipose_Subcutaneous.mrlocus.result.batch_21
    shell:
        Rscript ~/causalTWAS/causal-TWAS/code/run_MRLocus_wc.R /project2/mstephens/causalTWAS/ukbiobank/ukb_LDR_s80.45/s80.45.2_LDR /project2/mstephens/causalTWAS/simulations/simulation_ctwas_rss_20210416/ukb-s80.45-adi_simu4-3.snpgwas.txt.gz /project2/mstephens/causalTWAS/GTEx_v7_all/Adipose_Subcutaneous.allpairs_processed.txt.gz /project2/mstephens/causalTWAS/fusion_weights/Adipose_Subcutaneous.pos /project2/mstephens/causalTWAS/simulations/simulation_ctwas_rss_20210416_compare/ /project2/mstephens/causalTWAS/simulations/simulation_ctwas_rss_20210416_compare/ukb-s80.45-adi_simu4-3.Adipose_Subcutaneous.mrlocus.result.batch_21 21 TRUE
        (one of the commands exited with non-zero exit code; note that snakemake uses bash strict mode!)

Shutting down, this might take some time.
Exiting because a job execution failed. Look above for error message
