Building DAG of jobs...
Using shell: /usr/bin/bash
Provided cores: 28
Rules claiming more threads will be scaled down.
Select jobs to execute...

[Tue May  9 20:06:31 2023]
rule MRLocus_noprune:
    input: /project2/mstephens/causalTWAS/ukbiobank/ukb_LDR_s80.45/s80.45.2_LDR, /project2/mstephens/causalTWAS/simulations/simulation_ctwas_rss_20210416/ukb-s80.45-adi_simu4-1.snpgwas.txt.gz, /project2/mstephens/causalTWAS/GTEx_v7_all/Adipose_Subcutaneous.allpairs_processed.txt.gz, /project2/mstephens/causalTWAS/fusion_weights/Adipose_Subcutaneous.pos
    output: /project2/mstephens/causalTWAS/simulations/simulation_ctwas_rss_20210416_compare/ukb-s80.45-adi_simu4-1.Adipose_Subcutaneous.mrlocus.result.noprune.batch_24
    jobid: 0
    wildcards: gwasname=ukb-s80.45-adi_simu4-1, weightname=Adipose_Subcutaneous, mrlocus_batch=24
    resources: mem_mb=7555, disk_mb=7555, tmpdir=/tmp/jobs/27382549

pre:  299,418,70
post: 39,57,22
pre:  105,151,36,282
post: 23,28,17,38
pre:  127,29,22,101,11,35
post: 38,05,04,30,07,16
Warning: No significant --clump results.  Skipping.
pre:  73,122,79
post: 37,18,15
pre:  317,190,33,26,75
post: 90,56,20,10,26
pre:  343,215
post: 66,42
pre:  31
post: 16
Warning: No significant --clump results.  Skipping.
Warning: No significant --clump results.  Skipping.
Warning: No significant --clump results.  Skipping.
Warning: No significant --clump results.  Skipping.
Warning: No significant --clump results.  Skipping.
Warning: No significant --clump results.  Skipping.
Warning: No significant --clump results.  Skipping.
Warning: No significant --clump results.  Skipping.
pre:  770,59
post: 38,26
Warning: No significant --clump results.  Skipping.
pre:  743,83,186
post: 57,24,27
pre:  171,230,03,02,58,128,33,104,181
post: 35,49,02,01,18,17,13,31,14
Warning: No significant --clump results.  Skipping.
Warning: No significant --clump results.  Skipping.
pre:  196,90,14,36,129
post: 42,13,08,07,23
pre:  29,397
post: 02,64
pre:  231
post: 29
pre:  670,52,80,124,15,11,55
post: 117,21,23,22,09,07,21
pre:  205,78,91
post: 74,31,28
pre:  178
post: 33
pre:  114,41,87,22,259
post: 18,17,30,09,37
Warning: No significant --clump results.  Skipping.
Warning: No significant --clump results.  Skipping.
pre:  504,571,370,161
post: 42,62,25,07
pre:  278,03,96,04,152
post: 71,03,28,03,45
Warning: No significant --clump results.  Skipping.
pre:  337,63
post: 49,16
pre:  99,402
post: 31,47
Warning: No significant --clump results.  Skipping.
pre:  05,72,268,11,54
post: 04,36,52,05,18
pre:  402,129,291,75
post: 43,13,16,09
pre:  201,51
post: 31,16
pre:  520,02,118,12,54
post: 31,01,17,06,19
pre:  06,145,145,25,12,08,11
post: 04,35,45,12,08,04,04
Warning: No significant --clump results.  Skipping.
Warning: No significant --clump results.  Skipping.
pre:  204,461,58,56,156,66
post: 50,37,12,17,27,19
Warning: No significant --clump results.  Skipping.
Warning: No significant --clump results.  Skipping.
pre:  131,87,62,04
post: 25,30,09,03
pre:  50,240,13,08,03,14
post: 23,41,06,03,03,06
pre:  345,176,81,11,06
post: 60,16,32,10,03
pre:  367,142
post: 44,21
pre:  196,103,12,28,05,19,102,03,106
post: 38,12,05,18,02,06,20,03,16
pre:  244,351
post: 55,63
pre:  155
post: 25
Warning: No significant --clump results.  Skipping.
pre:  83,225,190,204
post: 20,36,25,22
pre:  732,212,94,244,45,110,36,06,124,212
post: 60,24,20,09,07,16,11,06,22,20
Warning: No significant --clump results.  Skipping.
pre:  315,23,06,05,27,02,122
post: 49,05,06,05,07,02,11
Warning: No significant --clump results.  Skipping.
pre:  351,255,132,03,04
post: 42,31,08,03,03
Warning: No significant --clump results.  Skipping.
pre:  429,251,80,05,277,15
post: 35,26,21,04,36,03
pre:  733,151,274,42,11,05
post: 70,28,51,14,07,04
Warning: No significant --clump results.  Skipping.
pre:  708,105
post: 16,18
pre:  134,21,30
post: 27,12,11
pre:  153
post: 21
pre:  180,130
post: 19,21
pre:  83,80,37,77
post: 25,21,17,16
pre:  382,94,88,77,96,02,187
post: 66,26,33,12,15,02,44
Warning: No significant --clump results.  Skipping.
pre:  96,353,189
post: 13,41,19
pre:  335,298,279,19,106,06
post: 40,24,24,08,05,04
pre:  452,186,939,1030,1591,104,828,92,16,945,370,245,62,59,844,38,1011
post: 107,43,109,170,144,28,77,22,05,77,29,26,21,23,159,06,166
pre:  266
post: 36
pre:  43,195,32,287
post: 13,26,12,75
pre:  252,221
post: 31,33
Warning: No significant --clump results.  Skipping.
pre:  913,1174,997,897,1093,175,323,1446
post: 210,144,201,100,174,33,82,102
pre:  38,393,72
post: 09,38,10
pre:  169
post: 37
pre:  693,1563,1901,242,111,213,1058,674
post: 106,133,322,84,39,39,158,159
Warning: No significant --clump results.  Skipping.
pre:  189,22,82,123,114
post: 23,04,14,06,17
Warning: No significant --clump results.  Skipping.
Warning: No significant --clump results.  Skipping.
Warning: No significant --clump results.  Skipping.
pre:  241,17,190,36
post: 48,07,37,12
pre:  125,36,46
post: 37,15,14
pre:  169
post: 23
pre:  149,18,81,66
post: 53,10,30,13
pre:  145,63
post: 52,22
pre:  116
post: 21
Warning: No significant --clump results.  Skipping.
pre:  157,315,37
post: 31,54,05
pre:  391,94,265,44,181,81,110
post: 32,26,41,08,51,26,20
pre:  474,184,113,08,120
post: 53,29,20,07,17
Warning: No significant --clump results.  Skipping.
pre:  22,29,19
post: 08,18,11
pre:  300
post: 24
pre:  477
post: 62
pre:  149,64,451,276
post: 19,07,35,54
pre:  69,45,385
post: 17,05,47
pre:  99,165,51,07
post: 24,20,07,06
Warning: No significant --clump results.  Skipping.
pre:  584,29,141,15,08,02
post: 55,12,28,11,04,02
pre:  224,70,93,190,35,29,337,136
post: 36,27,28,26,16,07,23,42
pre:  359,25
post: 32,07
pre:  323,32,63,69,48
post: 51,14,23,14,20
pre:  213,28,05,49,34,40,121
post: 50,10,05,07,06,09,21
pre:  143,25,16,141,47
post: 25,06,07,41,12
pre:  81,66,37,65,38
post: 36,17,15,19,14
pre:  106,58
post: 10,14
pre:  580
post: 42
pre:  178,239
post: 28,29
pre:  305,44,109,200
post: 47,16,21,38
pre:  157,33,02
post: 20,04,02
Warning: No significant --clump results.  Skipping.
pre:  80,140,57,37
post: 16,26,21,11
pre:  89,40,41
post: 35,14,21
Warning: No significant --clump results.  Skipping.
pre:  188,67
post: 35,31
pre:  181,293,28,129,01
post: 39,47,04,06,01
pre:  28,05,290,101
post: 10,05,61,26
pre:  88,174,230,105,61
post: 26,44,46,29,20
pre:  127,30,180
post: 41,15,36
pre:  69,55
post: 13,11
pre:  156,2329,27,07,35,05,37,13,49,30,09,08,46,09,188,76,06
post: 13,65,13,05,09,03,09,07,22,13,05,03,13,03,40,17,06
Error in mcfork(detached) : 
  unable to fork, possible reason: Cannot allocate memory
Calls: with ... <Anonymous> -> .local -> <Anonymous> -> mcparallel -> mcfork
In addition: There were 50 or more warnings (use warnings() to see the first 50)
Execution halted
Error while shutting down parallel: unable to terminate some child processes
[Wed May 10 05:36:17 2023]
Error in rule MRLocus_noprune:
    jobid: 0
    output: /project2/mstephens/causalTWAS/simulations/simulation_ctwas_rss_20210416_compare/ukb-s80.45-adi_simu4-1.Adipose_Subcutaneous.mrlocus.result.noprune.batch_24
    shell:
        Rscript ~/causalTWAS/causal-TWAS/code/run_MRLocus_wc.R /project2/mstephens/causalTWAS/ukbiobank/ukb_LDR_s80.45/s80.45.2_LDR /project2/mstephens/causalTWAS/simulations/simulation_ctwas_rss_20210416/ukb-s80.45-adi_simu4-1.snpgwas.txt.gz /project2/mstephens/causalTWAS/GTEx_v7_all/Adipose_Subcutaneous.allpairs_processed.txt.gz /project2/mstephens/causalTWAS/fusion_weights/Adipose_Subcutaneous.pos /project2/mstephens/causalTWAS/simulations/simulation_ctwas_rss_20210416_compare/ /project2/mstephens/causalTWAS/simulations/simulation_ctwas_rss_20210416_compare/ukb-s80.45-adi_simu4-1.Adipose_Subcutaneous.mrlocus.result.noprune.batch_24 24 FALSE
        (one of the commands exited with non-zero exit code; note that snakemake uses bash strict mode!)

Shutting down, this might take some time.
Exiting because a job execution failed. Look above for error message
