Building DAG of jobs...
Using shell: /usr/bin/bash
Provided cores: 7
Rules claiming more threads will be scaled down.
Select jobs to execute...

[Sun May 14 09:22:44 2023]
rule MRLocus:
    input: /project2/mstephens/causalTWAS/ukbiobank/ukb_LDR_s80.45/s80.45.2_LDR, /project2/mstephens/causalTWAS/simulations/simulation_ctwas_rss_20210416/ukb-s80.45-adi_simu10-2.snpgwas.txt.gz, /project2/mstephens/causalTWAS/GTEx_v7_all/Adipose_Subcutaneous.allpairs_processed.txt.gz, /project2/mstephens/causalTWAS/fusion_weights/Adipose_Subcutaneous.pos
    output: /project2/mstephens/causalTWAS/simulations/simulation_ctwas_rss_20210416_compare/ukb-s80.45-adi_simu10-2.Adipose_Subcutaneous.mrlocus.result.batch_24
    jobid: 0
    wildcards: gwasname=ukb-s80.45-adi_simu10-2, weightname=Adipose_Subcutaneous, mrlocus_batch=24
    resources: mem_mb=7556, disk_mb=7556, tmpdir=/tmp/jobs/27426155

pre:  156,2329,27,07,35,05,37,13,49,30,09,08,46,09,188,76,06
post: 13,65,13,05,09,03,09,07,22,13,05,03,13,03,40,17,06
Warning: No significant --clump results.  Skipping.
pre:  633,359,09,78,54,183,15,15,44,13,110,137
post: 67,31,06,22,17,36,07,07,18,06,21,40
pre:  265,298,31
post: 40,61,11
pre:  247,13,65,12,36,20,78
post: 76,07,15,07,11,06,29
pre:  126,115
post: 25,23
pre:  404,132
post: 80,46
Warning: No significant --clump results.  Skipping.
Warning: No significant --clump results.  Skipping.
pre:  186,232,10,29
post: 55,46,08,10
pre:  265,189,123
post: 38,35,24
Warning: No significant --clump results.  Skipping.
pre:  81,90,05,72,90,11
post: 24,29,05,24,33,06
Warning: No significant --clump results.  Skipping.
pre:  282,29,75,03,203,80,06,340,06,29
post: 38,13,17,03,30,19,05,29,06,08
pre:  977,498,1378,935,221
post: 131,78,273,164,58
pre:  96,150
post: 38,46
Warning: No significant --clump results.  Skipping.
pre:  835,1025,575,1226,215,172,237
post: 95,131,64,166,30,28,41
pre:  87,183,15
post: 22,41,05
Warning: No significant --clump results.  Skipping.
pre:  383
post: 68
There were 50 or more warnings (use warnings() to see the first 50)
[Sun May 14 12:23:08 2023]
Finished job 0.
1 of 1 steps (100%) done
