Building DAG of jobs...
Using shell: /usr/bin/bash
Provided cores: 28
Rules claiming more threads will be scaled down.
Select jobs to execute...

[Tue May  9 21:56:34 2023]
rule MRLocus:
    input: /project2/mstephens/causalTWAS/ukbiobank/ukb_LDR_s80.45/s80.45.2_LDR, /project2/mstephens/causalTWAS/simulations/simulation_ctwas_rss_20210416/ukb-s80.45-adi_simu4-5.snpgwas.txt.gz, /project2/mstephens/causalTWAS/GTEx_v7_all/Adipose_Subcutaneous.allpairs_processed.txt.gz, /project2/mstephens/causalTWAS/fusion_weights/Adipose_Subcutaneous.pos
    output: /project2/mstephens/causalTWAS/simulations/simulation_ctwas_rss_20210416_compare/ukb-s80.45-adi_simu4-5.Adipose_Subcutaneous.mrlocus.result.batch_16
    jobid: 0
    wildcards: gwasname=ukb-s80.45-adi_simu4-5, weightname=Adipose_Subcutaneous, mrlocus_batch=16
    resources: mem_mb=7555, disk_mb=7555, tmpdir=/tmp/jobs/27382797

pre:  103,71,281,203
post: 29,16,33,35
pre:  169
post: 20
pre:  173,136,235
post: 20,35,53
pre:  124,24,54,119,83
post: 25,05,16,22,17
pre:  162,67
post: 31,17
pre:  100,133,71
post: 13,26,13
pre:  96,136,196,25,59
post: 12,29,22,08,17
pre:  182,52,12,397
post: 32,23,11,46
pre:  166
post: 32
pre:  308
post: 40
pre:  67,13,25
post: 23,05,07
pre:  347,99,281,86,107,08,103,86
post: 36,28,22,14,23,04,18,28
pre:  336,275,79,102,19
post: 40,49,24,24,12
pre:  539
post: 62
pre:  366,111,225,185,45,26,05,43,05,37
post: 72,27,58,30,16,07,05,10,04,19
pre:  521,339
post: 71,70
pre:  79,112,75,42,239
post: 28,24,37,24,51
pre:  248,100,122,50,54,19,22,131
post: 62,39,23,17,15,09,14,38
pre:  81,101,04,18,79,168
post: 16,26,03,06,18,45
pre:  351,29,50,66,46,61,38
post: 43,13,19,19,20,10,25
pre:  120,15
post: 22,11
pre:  389
post: 51
pre:  163,353,370
post: 21,45,45
pre:  482
post: 55
pre:  347,143,15,12,43
post: 58,22,05,09,20
pre:  594,323,218,06,12,227,57,03,05,02,07,17,02,07
post: 50,50,24,03,07,34,05,03,03,02,06,08,01,03
pre:  493,104,191,02,03,14,11
post: 34,15,28,01,02,08,06
pre:  429,333,138
post: 31,33,19
pre:  444,156,02,216,19,02,01,13
post: 33,24,02,25,06,02,01,07
pre:  633,53,09,119
post: 45,15,06,35
pre:  334
post: 59
pre:  619,311,44,115,02,14,37,100
post: 60,22,22,10,02,05,12,19
Warning: No significant --clump results.  Skipping.
pre:  602,191,471
post: 60,13,45
pre:  57,51,09,21,88,713
post: 23,14,08,07,14,16
pre:  185,541,93,12
post: 22,12,15,06
pre:  436,260
post: 28,07
pre:  317,121,243,208,01
post: 43,16,33,18,01
pre:  179,35
post: 31,07
pre:  539
post: 65
pre:  120,11,34,102,73
post: 27,06,16,21,16
pre:  310,28,98,73
post: 29,13,18,14
pre:  109,25,91,85,29,96
post: 30,08,17,17,09,24
pre:  165,197,42
post: 32,16,10
pre:  21,246
post: 10,31
pre:  341,192,60,21
post: 21,19,26,05
pre:  530,02,07,24
post: 36,02,04,08
pre:  261,166,36
post: 32,21,11
pre:  169,01,04,07,29,02
post: 31,01,03,05,16,02
pre:  292,57
post: 45,16
pre:  326,563,31
post: 61,57,12
pre:  450
post: 40
pre:  118,145,169
post: 33,20,44
pre:  486,34
post: 42,10
pre:  172,09,391,56,53,343,324
post: 48,07,63,22,18,53,34
pre:  366,14,56,48,80,10
post: 45,09,18,11,16,09
pre:  107,87,95
post: 15,20,42
pre:  277,48,41,70,162
post: 48,12,08,18,47
pre:  572,69,62
post: 63,26,20
pre:  35,08,155
post: 10,06,14
pre:  99
post: 28
pre:  165,47,155,05,32
post: 36,18,46,04,10
pre:  127,148,27,64
post: 23,54,14,19
pre:  49,91,332,453
post: 11,24,57,62
pre:  475,20,62,14,217
post: 57,09,17,10,50
pre:  309,137,25,40,125,106,17,33,27,266
post: 54,39,10,04,34,12,07,14,03,11
pre:  325,28,76,48,30,62,162,11,08,94,23,01
post: 42,12,16,13,05,10,24,04,06,10,09,01
pre:  327,06,100,28
post: 44,04,31,10
pre:  322,67,16,05,126,87,40
post: 45,17,09,05,21,10,16
pre:  82,114,24,115
post: 19,26,09,15
pre:  238,196,52
post: 53,46,08
pre:  268,55,63,19,62
post: 37,19,11,06,16
pre:  110,74,54,54
post: 28,17,13,13
pre:  158,103,39,64
post: 15,08,12,10
pre:  386,355,125
post: 45,23,33
pre:  102,104
post: 28,41
pre:  294,99
post: 31,21
pre:  347,17,374
post: 38,12,35
pre:  597,12,47
post: 79,05,19
pre:  286
post: 25
pre:  91,05,17
post: 21,03,06
pre:  78,47,193,49
post: 25,09,32,12
pre:  337,18,27,107
post: 51,06,06,15
pre:  69,145,231,90
post: 29,40,68,19
pre:  228
post: 43
pre:  171
post: 35
pre:  140,81,43,26,226,24,107,85,75,03
post: 34,25,12,15,67,16,30,11,20,03
pre:  376
post: 41
pre:  244,142,262,226,28
post: 37,21,40,80,11
pre:  391,53,25,236,42
post: 60,17,12,16,15
pre:  43,99,07,110,15,32,59,48
post: 20,37,05,08,07,12,21,17
pre:  61,04,288
post: 15,04,22
pre:  1079,318,24,349,13
post: 78,22,13,22,09
pre:  383,360
post: 64,19
pre:  33,69
post: 14,28
pre:  433,652,15,379
post: 62,53,07,33
pre:  99,143
post: 22,26
pre:  140,27,13
post: 41,10,06
pre:  81,49
post: 15,23
pre:  306
post: 41
pre:  185,64,31
post: 43,07,20
pre:  933,219,03,370,144,165,90,13,63,20,25,01
post: 89,23,02,25,16,05,18,03,10,11,09,01
pre:  119
post: 17
pre:  271
post: 30
pre:  55,100,85,51
post: 06,14,14,16
pre:  88,233,32
post: 07,22,11
pre:  88,449,129,144
post: 25,50,15,10
pre:  718,138
post: 165,53
pre:  394,28,39,03,43,96
post: 71,20,11,03,25,20
pre:  116,32,58,131,07,06,121,09,07,146,111
post: 22,18,33,23,03,05,28,04,05,43,42
pre:  291,173
post: 41,37
pre:  398,327
post: 81,73
pre:  214,17
post: 23,10
pre:  217,37,236,04,38,52,06
post: 25,12,48,02,17,22,04
pre:  67,79
post: 25,28
pre:  259,34,14
post: 36,10,12
pre:  146,19
post: 30,09
pre:  119,228,12
post: 34,07,02
pre:  87,51,03,28,04
post: 27,05,02,08,03
pre:  203
post: 29
pre:  346,187,88,67
post: 65,21,23,21
pre:  347,110,86
post: 36,32,14
pre:  185,389,116,305
post: 28,56,35,43
pre:  271
post: 54
pre:  235,109
post: 66,13
pre:  391,177,89,280,497,160,343,60,45,80
post: 42,24,32,32,31,16,59,17,13,11
pre:  677,232,29,38,55
post: 100,29,16,20,22
pre:  536,132
post: 52,14
pre:  577,105,59
post: 61,25,13
pre:  438
post: 59
pre:  189
post: 19
pre:  176
post: 27
pre:  278,48,23
post: 30,25,13
pre:  59,141,06
post: 17,30,06
pre:  28,230,06
post: 12,48,06
pre:  175,16,10,13,03,36
post: 34,07,09,10,02,04
pre:  588
post: 52
pre:  91,207,33,349,03
post: 23,63,12,59,02
pre:  176,32
post: 27,11
pre:  73,60,61,11,24
post: 28,19,14,09,12
pre:  144,45,53,25,76,14,27
post: 42,13,19,11,07,07,05
pre:  286,224,42
post: 33,35,18
pre:  241,230
post: 47,42
pre:  404,141
post: 73,18
pre:  530,47,216,29,08
post: 90,12,30,08,03
pre:  93,141,20,123,78,141
post: 22,34,07,19,12,26
pre:  339,42,07,254
post: 35,11,06,40
pre:  485,91
post: 67,19
pre:  297,192,65
post: 54,35,19
pre:  293,121,50
post: 16,21,22
pre:  61,300
post: 21,58
pre:  247,206,202
post: 35,42,31
pre:  50,109,19,37,25
post: 16,25,05,16,10
pre:  95,44,12
post: 19,10,04
pre:  436,33,133
post: 43,12,25
pre:  69
post: 27
pre:  272,73
post: 41,18
pre:  325,01,30,03,273,67,99,51
post: 39,01,11,02,47,16,33,10
pre:  146,201,26,68,29,27
post: 26,20,10,19,07,07
pre:  104,241,38,62,30,25
post: 11,40,08,20,11,07
pre:  317,15,32,264
post: 53,12,09,43
pre:  47,123,217,04,69
post: 23,30,28,04,22
pre:  263,204,89,75
post: 38,36,34,22
pre:  108,69,01,05
post: 30,18,01,03
pre:  201,93
post: 38,14
pre:  283
post: 53
pre:  209,111
post: 26,19
pre:  207,05,02,35,22,07,17,07,05,11
post: 25,04,02,16,09,04,03,03,04,03
pre:  122,21,02,33
post: 42,11,02,21
pre:  169,47,24,05,30,85,266
post: 42,17,07,05,13,21,47
pre:  09,184,01,90
post: 06,43,01,27
pre:  163,39,20,132,28,48
post: 46,24,08,30,17,24
pre:  108,109,09,04,38,288
post: 22,20,06,03,15,38
pre:  129
post: 24
pre:  236,37,04
post: 51,17,03
pre:  133
post: 23
pre:  401
post: 54
pre:  308,56
post: 46,14
pre:  163,74,32,14,11,65,52,128,25
post: 42,22,10,09,09,07,18,41,13
Warning: No significant --clump results.  Skipping.
pre:  332,97,39,38,03,18,01,56,04,43
post: 38,29,10,12,03,10,01,13,03,09
pre:  71,141
post: 16,25
pre:  311,96,179,258
post: 74,14,45,32
pre:  158,136,04
post: 37,22,03
pre:  49,276
post: 11,48
pre:  304,144,191,96
post: 34,26,14,20
pre:  227,30,112
post: 37,10,20
pre:  441,01,02
post: 49,01,01
pre:  434,115,183,68,317
post: 49,22,24,09,26
pre:  423
post: 46
pre:  104,41,21,296,12,46,183,03
post: 21,17,09,37,06,11,28,03
pre:  168,122,08,283,32
post: 23,13,04,38,13
pre:  159,16,74,197,07,26,92,17
post: 30,08,18,23,06,09,21,08
pre:  339,544,89,344
post: 57,55,19,48
pre:  51,191,72
post: 16,39,19
pre:  51,15,44,06,66,221,169
post: 16,05,13,04,15,40,30
pre:  237,218,313
post: 40,30,42
pre:  278,161,199,59
post: 41,57,41,14
pre:  274,43,12,01,75,30
post: 52,10,06,01,13,20
pre:  344,21,25,200
post: 56,05,15,34
pre:  240,28
post: 41,07
pre:  100,14,47,84,88,49,13,206
post: 37,05,25,17,17,14,05,54
pre:  171
post: 27
pre:  357,62,04,14,01,138
post: 42,18,03,07,01,30
pre:  333,275
post: 37,37
pre:  493,123,83,139,12
post: 52,14,11,28,06
pre:  263,57,91,116
post: 24,24,20,23
pre:  212,56,03,49,04,187
post: 34,04,01,19,03,34
