Building DAG of jobs...
Using shell: /usr/bin/bash
Provided cores: 28
Rules claiming more threads will be scaled down.
Select jobs to execute...

[Sun Apr 30 09:07:52 2023]
rule MRLocus:
    input: /project2/mstephens/causalTWAS/ukbiobank/ukb_LDR_s80.45/s80.45.2_LDR, /project2/mstephens/causalTWAS/simulations/simulation_ctwas_rss_20210416/ukb-s80.45-adi_simu4-1.snpgwas.txt.gz, /project2/mstephens/causalTWAS/GTEx_v7_all/Adipose_Subcutaneous.allpairs_processed.txt.gz, /project2/mstephens/causalTWAS/fusion_weights/Adipose_Subcutaneous.pos
    output: /project2/mstephens/causalTWAS/simulations/simulation_ctwas_rss_20210416_compare/ukb-s80.45-adi_simu4-1.Adipose_Subcutaneous.mrlocus.result.batch_7
    jobid: 0
    wildcards: gwasname=ukb-s80.45-adi_simu4-1, weightname=Adipose_Subcutaneous, mrlocus_batch=7
    resources: mem_mb=7555, disk_mb=7555, tmpdir=/tmp/jobs/27224593

pre:  89,04,299,119
post: 09,04,32,17
pre:  131,270,52,125
post: 22,49,15,25
pre:  148,133,11,54,63,115,02
post: 29,41,05,12,20,30,01
pre:  219,27,36
post: 13,14,16
pre:  296,397,80,205
post: 43,44,10,33
pre:  327,260,161
post: 48,48,34
pre:  25,163,144,620
post: 07,33,40,62
pre:  637,228
post: 91,51
pre:  246
post: 38
pre:  36,302,27,19
post: 14,28,16,09
pre:  256,262
post: 50,57
pre:  388,15,99,76,107,30
post: 55,08,18,25,31,18
pre:  309,27,214,366,50,338,294,109,450
post: 55,12,33,51,10,45,41,26,49
pre:  50,591
post: 18,55
pre:  390,12
post: 54,07
pre:  44,10,06
post: 11,06,05
pre:  256,194
post: 41,29
pre:  06,255,65,93,46
post: 06,40,18,14,13
pre:  122,321,110
post: 34,60,27
pre:  142,331,191
post: 31,51,36
pre:  387,358,94,38,127,51,53,227
post: 82,72,32,08,51,14,22,80
pre:  241,48,92,25,86,75
post: 91,18,31,11,21,24
pre:  521,173,54,121,12,16
post: 61,30,20,27,07,06
pre:  172
post: 24
pre:  71,93
post: 19,14
pre:  172,155,12,01,109,40,154,37,533,111
post: 39,42,05,01,35,18,27,15,54,26
pre:  256,268
post: 37,28
pre:  267
post: 18
pre:  84,203
post: 19,36
pre:  360,144,48,24
post: 56,26,17,12
pre:  113,03,604,06,222,38,09,04,01,23,169,03
post: 35,02,43,06,20,06,08,02,01,05,09,01
pre:  01,124,27,140
post: 01,36,07,41
pre:  204
post: 53
pre:  452,51,260
post: 31,11,40
pre:  101,28,10,02,65,57
post: 32,08,03,02,18,21
pre:  324,411,31
post: 32,27,10
pre:  564,278
post: 57,34
pre:  388
post: 16
pre:  282,153,53,86,54,124
post: 29,28,08,18,08,23
pre:  151
post: 09
pre:  620,111,80,269
post: 55,18,19,39
pre:  491,05
post: 47,03
pre:  180,49,102,163,240,105,145
post: 37,21,22,25,34,19,26
pre:  299,93,02,50
post: 54,18,02,11
pre:  323,237,161,174,145,204,61,70
post: 52,64,36,28,11,50,17,15
pre:  357,71,28,03,29,01,13
post: 31,06,06,03,09,01,06
pre:  296
post: 82
pre:  195,36
post: 70,15
pre:  209,87,89
post: 70,26,30
pre:  250,275,103,213,62,25,84
post: 28,37,31,41,15,14,28
pre:  174,114,55,74
post: 37,15,12,19
pre:  139,06,105,101,205,09,43,89
post: 53,04,31,20,40,07,10,23
pre:  25
post: 09
pre:  226,27,06
post: 50,17,05
pre:  810,73,11,26,58,81
post: 100,29,05,10,23,23
pre:  214,172
post: 28,26
pre:  560
post: 56
pre:  447,230
post: 72,40
pre:  97,28,448,05
post: 45,15,69,04
pre:  81,44,107,24,44,36,35,71
post: 42,19,21,18,21,09,10,23
pre:  161,76,10,28,152
post: 42,31,10,14,44
pre:  549,198
post: 58,19
pre:  342,104
post: 36,23
pre:  195,207
post: 33,47
pre:  369,112,23
post: 22,27,08
pre:  184,29,55
post: 24,07,12
pre:  109,40,09,14,01
post: 34,26,07,07,01
pre:  162,272,47,07,04,08,111,01,66,65
post: 33,14,22,07,02,02,25,01,10,09
pre:  102
post: 25
pre:  81,20,40,90,239,26,15,48
post: 33,10,17,23,54,08,04,20
pre:  335,192,39,606,142,22,66
post: 43,26,12,46,19,06,17
pre:  219,24,37
post: 33,06,15
pre:  226,44,85,15,22,01
post: 42,11,13,08,11,01
pre:  467,176
post: 65,25
pre:  86,22,05,01,01
post: 34,10,02,01,01
pre:  18,21,17
post: 06,09,01
pre:  376,32
post: 43,06
pre:  256,183,128
post: 40,54,33
pre:  239,85,27
post: 50,17,15
pre:  162,257,56,02,81
post: 24,41,09,02,15
pre:  79
post: 15
pre:  227,01,09
post: 33,01,06
pre:  45,27,214,18
post: 19,08,30,06
pre:  190,98,21,76,84,75
post: 38,16,06,04,26,13
pre:  437,24
post: 44,11
pre:  152,16
post: 33,12
pre:  137,186,90,01
post: 20,26,23,01
pre:  261
post: 23
pre:  42,156,34
post: 19,33,15
pre:  212,123,288
post: 36,12,31
pre:  77,29,298
post: 21,14,28
pre:  102,268,149,34,60,200
post: 05,36,32,11,06,23
pre:  534,146,85,68,72
post: 44,16,09,08,16
pre:  349,193,162
post: 33,39,45
pre:  126,27,316,14,224,01,203,19,146,06
post: 23,05,22,05,33,01,23,03,18,02
pre:  12,05,134,56
post: 02,03,37,13
pre:  59,47,75,130
post: 22,08,16,31
pre:  77,24,50,11,04
post: 31,13,16,04,03
pre:  424,64,391,53,01,10,18,05,02,04,61,12,41,05,228,50
post: 58,24,36,07,01,02,14,04,02,03,16,05,12,02,28,05
pre:  354
post: 44
Warning: No significant --clump results.  Skipping.
pre:  276,11,96,87
post: 32,07,33,17
pre:  382,04,02,173,84,66,03,25,151,142,27,35
post: 37,04,02,50,16,10,03,14,20,26,06,11
pre:  57
post: 12
Warning: No significant --clump results.  Skipping.
pre:  203,157,187,88,227
post: 20,22,25,35,59
pre:  214,96,86
post: 31,17,18
pre:  63,07,225
post: 23,03,27
pre:  556,205,287,27
post: 42,13,35,09
pre:  253,02,43
post: 46,02,15
pre:  280,05,70,82
post: 54,04,11,19
pre:  269,149,164
post: 42,27,21
pre:  119,31,33,46,65
post: 25,15,07,20,16
pre:  314,204,337,49,80,05,03
post: 54,29,56,15,17,03,02
pre:  14,357
post: 07,58
pre:  272,25,296,06,141,28,03,53,21,07,18,131
post: 33,17,37,05,21,07,03,09,07,07,05,08
pre:  36,23,379,04,112,61,115
post: 13,13,47,01,39,17,20
pre:  138,41,44,68,09,31,25,13
post: 39,17,08,24,06,08,06,06
pre:  324
post: 53
pre:  422
post: 61
pre:  17,88,21
post: 06,10,09
pre:  450,84
post: 24,10
pre:  910,285
post: 48,29
pre:  83,342,46,161
post: 19,43,07,11
pre:  379,770
post: 31,40
pre:  426
post: 27
pre:  344,656,94,289
post: 23,42,11,35
pre:  179,220
post: 29,32
pre:  157,10,159,25
post: 18,08,37,07
pre:  269,185,72,148,205,74
post: 40,24,21,33,29,15
pre:  507,129,34,219
post: 55,19,08,38
pre:  369,18
post: 42,07
pre:  456,197,66
post: 39,06,05
pre:  245,397,111,32
post: 40,47,19,08
pre:  233,271
post: 44,27
pre:  484,134,114
post: 31,05,10
pre:  268
post: 46
pre:  267
post: 46
pre:  334,59
post: 32,17
pre:  69,109,150,08,05
post: 08,26,29,07,05
pre:  332,16,94,79,03
post: 66,10,16,17,01
pre:  75,203,305
post: 28,20,19
pre:  362,381
post: 52,59
pre:  175,74,47,23,41
post: 61,30,16,13,19
pre:  95,02
post: 16,01
Warning: No significant --clump results.  Skipping.
pre:  259,213
post: 23,30
pre:  223,182,21
post: 26,20,08
pre:  204,61,55
post: 23,12,31
pre:  246,113,129
post: 43,20,26
pre:  249,252,61,76
post: 41,51,08,21
pre:  267,70,37
post: 27,22,10
pre:  106,46,41
post: 23,29,10
pre:  91,278,114
post: 18,47,20
pre:  44,46,191,28
post: 20,20,38,08
pre:  387,241,54
post: 47,42,21
pre:  296,50,02,375
post: 31,15,02,34
pre:  35,101
post: 15,29
pre:  467
post: 53
pre:  41,30,92,127
post: 08,09,16,28
pre:  348,82,36,15,02,01,05
post: 51,13,08,08,02,01,04
pre:  283,197,121,108,109,76
post: 44,51,34,28,28,10
pre:  106,190
post: 22,50
pre:  252,190
post: 48,19
pre:  380,296,202
post: 34,40,35
pre:  297,165
post: 51,39
pre:  137,408
post: 31,44
pre:  382,111
post: 56,20
pre:  578
post: 62
pre:  461,292,470,29
post: 41,43,33,10
pre:  337
post: 42
pre:  144,88
post: 52,22
pre:  65,21,56,26,46,116,36
post: 27,14,19,11,07,27,13
pre:  300,42,22,08,97
post: 73,09,09,04,37
pre:  529
post: 71
pre:  308,35
post: 39,15
pre:  43,54,103
post: 17,32,22
pre:  70,220,50,39
post: 07,39,19,13
pre:  230,163,54,05,24
post: 42,26,20,05,07
pre:  62,164,56,175,88,33,12,19,10,273
post: 17,36,12,52,12,14,04,10,06,47
pre:  282,168,52,100
post: 31,12,26,33
pre:  63,75,28,28,13,19,77,80
post: 10,16,13,06,09,06,20,29
pre:  159,26,72
post: 28,18,31
pre:  144,99,336,12,90,67,22,102,31
post: 37,27,46,06,31,25,05,25,07
pre:  500,45
post: 33,15
pre:  198,07,59,127
post: 43,06,13,18
pre:  211,267,114,08,46,61,234,01
post: 49,41,13,03,13,24,38,01
Warning: No significant --clump results.  Skipping.
pre:  157,258,55
post: 30,43,16
pre:  220,188,304,05
post: 37,13,32,04
pre:  67,02,44,259
post: 28,02,12,44
pre:  497,150
post: 53,21
pre:  24,263,72,77,84,22,41
post: 11,50,24,15,31,10,10
pre:  663,212
post: 45,21
pre:  569,34,24,41,08,33,203,264,24
post: 52,07,09,09,05,06,12,44,10
pre:  75,33
post: 21,10
pre:  600,93
post: 60,26
pre:  220,369,66,16,88,29,93,28,21,26,206,08,21,04,139
post: 58,66,16,12,37,14,32,11,11,08,31,06,08,02,06
pre:  535,64
post: 57,08
pre:  95,520
post: 18,35
pre:  129,49,16
post: 25,22,07
pre:  78,157,79,81
post: 15,32,13,16
pre:  151
post: 27
pre:  96,113,185
post: 37,37,38
pre:  166,104,240,323,03,177,20,44
post: 38,29,42,47,02,32,06,11
pre:  321,56,43,92,02,38
post: 57,17,14,23,01,19
pre:  341,18,29,64,135
post: 49,09,15,20,53
pre:  117,520,486
post: 31,35,39
pre:  390,139,156,223
post: 40,27,35,33
pre:  180
post: 21
pre:  225,39,93,101,49,03
post: 35,16,28,38,16,03
pre:  361,19,06,26,39
post: 40,09,02,09,07
pre:  717,45
post: 58,06
pre:  285,525
post: 42,61
pre:  186,235,145,10
post: 45,62,38,04
pre:  285,80,03
post: 38,15,03
pre:  279,155,04,48,107,152,32,06
post: 64,43,02,32,19,55,15,05
pre:  44,64,60
post: 21,16,14
pre:  310,152,131
post: 22,26,28
pre:  432,101
post: 66,15
pre:  311,409,15
post: 50,36,09
pre:  157,18,101,89,302,41,03,114
post: 26,09,33,15,33,17,03,22
pre:  229,61,105,53
post: 34,13,29,18
pre:  509,392,344,52,13,119,57
post: 55,17,38,10,06,14,08
pre:  417
post: 47
pre:  216,24
post: 63,11
pre:  279,58,64,75,49
post: 52,19,23,15,11
pre:  170,194
post: 31,14
pre:  71,76,36,2263,29,09,09,08,398,126,34
post: 24,21,09,31,03,07,05,04,62,26,18
pre:  385,219
post: 83,34
pre:  2005,439,42,14
post: 70,10,15,06
pre:  417,241,21,243
post: 86,25,13,63
pre:  266,219,206,17,124,34
post: 50,79,87,10,59,12
pre:  609,02,62
post: 49,02,25
pre:  142,146,22
post: 17,41,10
pre:  557,33
post: 39,11
pre:  213,45,13,150,28
post: 32,08,07,44,07
pre:  333
post: 37
pre:  84,227
post: 13,22
pre:  610,85,18
post: 50,14,08
pre:  257,102,168,58,107,477,42,10
post: 30,16,13,26,19,41,06,04
pre:  182,131,06,136
post: 26,39,04,32
pre:  204,231,09,48
post: 20,30,05,19
pre:  211,91
post: 32,24
pre:  502,114,266
post: 13,28,22
pre:  79,340,34
post: 21,40,20
pre:  438,12,78
post: 50,06,12
pre:  257,243,152,86,87
post: 33,21,26,29,20
pre:  273,64,08,35,63
post: 32,21,05,15,13
pre:  118,175,130
post: 35,37,27
There were 50 or more warnings (use warnings() to see the first 50)
[Sun Apr 30 18:32:26 2023]
Finished job 0.
1 of 1 steps (100%) done
