Building DAG of jobs...
Using shell: /usr/bin/bash
Provided cores: 28
Rules claiming more threads will be scaled down.
Select jobs to execute...

[Tue May  9 20:06:31 2023]
rule MRLocus_noprune:
    input: /project2/mstephens/causalTWAS/ukbiobank/ukb_LDR_s80.45/s80.45.2_LDR, /project2/mstephens/causalTWAS/simulations/simulation_ctwas_rss_20210416/ukb-s80.45-adi_simu4-1.snpgwas.txt.gz, /project2/mstephens/causalTWAS/GTEx_v7_all/Adipose_Subcutaneous.allpairs_processed.txt.gz, /project2/mstephens/causalTWAS/fusion_weights/Adipose_Subcutaneous.pos
    output: /project2/mstephens/causalTWAS/simulations/simulation_ctwas_rss_20210416_compare/ukb-s80.45-adi_simu4-1.Adipose_Subcutaneous.mrlocus.result.noprune.batch_14
    jobid: 0
    wildcards: gwasname=ukb-s80.45-adi_simu4-1, weightname=Adipose_Subcutaneous, mrlocus_batch=14
    resources: mem_mb=7555, disk_mb=7555, tmpdir=/tmp/jobs/27382553

pre:  145,12,01,101
post: 44,09,01,30
pre:  189,85
post: 35,28
pre:  132,01,42
post: 30,01,13
pre:  439,110,78,536,247
post: 36,23,17,40,43
pre:  697,131,82,254
post: 66,22,07,43
pre:  194,532,34
post: 39,52,08
pre:  421,06
post: 41,03
pre:  81,132,17,100,09
post: 15,12,05,26,05
pre:  288,266
post: 20,27
pre:  181,112,99
post: 21,38,28
pre:  150,58,07,13
post: 40,16,04,06
pre:  177,167,161
post: 23,33,33
pre:  137,164,222
post: 21,34,40
pre:  332,246
post: 48,37
pre:  419,22,331,04,52,87
post: 64,08,45,02,14,31
pre:  181,300
post: 28,44
pre:  35,20
post: 11,08
pre:  427,156,58
post: 44,29,10
pre:  248,95,19
post: 45,09,10
pre:  05
post: 04
pre:  190,84,99
post: 28,18,26
pre:  215,26,143
post: 33,05,26
pre:  49
post: 12
pre:  84,780,383,128
post: 19,40,31,40
pre:  82
post: 20
pre:  178,39
post: 48,19
pre:  238
post: 42
pre:  297,16
post: 55,04
pre:  144,36,163
post: 19,04,39
pre:  160
post: 31
pre:  168,50,71,149,63,25
post: 34,15,20,16,22,11
pre:  145,99
post: 24,13
There were 50 or more warnings (use warnings() to see the first 50)
[Tue May  9 21:36:58 2023]
Finished job 0.
1 of 1 steps (100%) done
